{
  "stats": {
    "suites": 1,
    "tests": 7,
    "passes": 6,
    "pending": 0,
    "failures": 1,
    "start": "2023-08-29T09:10:11.174Z",
    "end": "2023-08-29T09:10:17.106Z",
    "duration": 5932,
    "testsRegistered": 7,
    "passPercent": 85.71428571428571,
    "pendingPercent": 0,
    "other": 0,
    "hasOther": false,
    "skipped": 0,
    "hasSkipped": false
  },
  "results": [
    {
      "uuid": "1763b635-d01b-466d-af51-5f1463934f5f",
      "title": "",
      "fullFile": "cypress/e2e/Ventes/ValueRange.cy.js",
      "file": "cypress/e2e/Ventes/ValueRange.cy.js",
      "beforeHooks": [],
      "afterHooks": [],
      "tests": [],
      "suites": [
        {
          "uuid": "5bd20932-a35b-4a8a-90b7-c74ec7166d6e",
          "title": "ValueRange",
          "fullFile": "",
          "file": "",
          "beforeHooks": [],
          "afterHooks": [],
          "tests": [
            {
              "title": "Get Value Range Quotes AMOUNT_TTC",
              "fullTitle": "ValueRange Get Value Range Quotes AMOUNT_TTC",
              "timedOut": null,
              "duration": 2557,
              "state": "passed",
              "speed": "fast",
              "pass": true,
              "fail": false,
              "pending": false,
              "context": "{\n  \"title\": \"cypress-mochawesome-reporter-videos-passed\",\n  \"value\": \"cypress/e2e/Ventes/ValueRange.cy.js\"\n}",
              "code": "cy.GET_API_SALES('companies/' + Company + '/value-ranges?entity=QUOTES&prop=AMOUNT_TTC', tt).then(Response => {\n  expect(Response.status).to.eq(200);\n  cy.log(Response.body);\n});",
              "err": {},
              "uuid": "3c153fb3-1c9c-4c0b-964c-b78b2a65d8da",
              "parentUUID": "5bd20932-a35b-4a8a-90b7-c74ec7166d6e",
              "isHook": false,
              "skipped": false
            },
            {
              "title": "Get Value Range INVOICES AMOUNT_TTC",
              "fullTitle": "ValueRange Get Value Range INVOICES AMOUNT_TTC",
              "timedOut": null,
              "duration": 861,
              "state": "passed",
              "speed": "fast",
              "pass": true,
              "fail": false,
              "pending": false,
              "context": "{\n  \"title\": \"cypress-mochawesome-reporter-videos-passed\",\n  \"value\": \"cypress/e2e/Ventes/ValueRange.cy.js\"\n}",
              "code": "cy.GET_API_SALES('companies/' + Company + '/value-ranges?entity=INVOICES&prop=AMOUNT_TTC', tt).then(Response => {\n  expect(Response.status).to.eq(200);\n  cy.log(Response.body);\n});",
              "err": {},
              "uuid": "694cdf48-59f2-43ac-9dbf-608f3c985f61",
              "parentUUID": "5bd20932-a35b-4a8a-90b7-c74ec7166d6e",
              "isHook": false,
              "skipped": false
            },
            {
              "title": "Get Value Range ARTICLES AMOUNT_TTC",
              "fullTitle": "ValueRange Get Value Range ARTICLES AMOUNT_TTC",
              "timedOut": null,
              "duration": 855,
              "state": "passed",
              "speed": "fast",
              "pass": true,
              "fail": false,
              "pending": false,
              "context": "{\n  \"title\": \"cypress-mochawesome-reporter-videos-passed\",\n  \"value\": \"cypress/e2e/Ventes/ValueRange.cy.js\"\n}",
              "code": "cy.GET_API_SALES('companies/' + Company + '/value-ranges?entity=ARTICLES&prop=AMOUNT_TTC', tt).then(Response => {\n  expect(Response.status).to.eq(200);\n  cy.log(Response.body);\n});",
              "err": {},
              "uuid": "7dade81d-bb01-423b-82e3-4da8762df47c",
              "parentUUID": "5bd20932-a35b-4a8a-90b7-c74ec7166d6e",
              "isHook": false,
              "skipped": false
            },
            {
              "title": "Get Value Range CHECKS AMOUNT_TTC",
              "fullTitle": "ValueRange Get Value Range CHECKS AMOUNT_TTC",
              "timedOut": null,
              "duration": 357,
              "state": "passed",
              "speed": "fast",
              "pass": true,
              "fail": false,
              "pending": false,
              "context": "{\n  \"title\": \"cypress-mochawesome-reporter-videos-passed\",\n  \"value\": \"cypress/e2e/Ventes/ValueRange.cy.js\"\n}",
              "code": "cy.GET_API_SALES('companies/' + Company + '/value-ranges?entity=CHECKS&prop=AMOUNT_TTC', tt).then(Response => {\n  expect(Response.status).to.eq(200);\n  cy.log(Response.body);\n});",
              "err": {},
              "uuid": "038c6b6c-48c4-4677-af1b-7129ed937c9f",
              "parentUUID": "5bd20932-a35b-4a8a-90b7-c74ec7166d6e",
              "isHook": false,
              "skipped": false
            },
            {
              "title": "Get Value Range ARTICLE_FAMILIES ARTICLES_QTY",
              "fullTitle": "ValueRange Get Value Range ARTICLE_FAMILIES ARTICLES_QTY",
              "timedOut": null,
              "duration": 335,
              "state": "passed",
              "speed": "fast",
              "pass": true,
              "fail": false,
              "pending": false,
              "context": "{\n  \"title\": \"cypress-mochawesome-reporter-videos-passed\",\n  \"value\": \"cypress/e2e/Ventes/ValueRange.cy.js\"\n}",
              "code": "cy.GET_API_SALES('companies/' + Company + '/value-ranges?entity=ARTICLE_FAMILIES&prop=ARTICLES_QTY', tt).then(Response => {\n  expect(Response.status).to.eq(200);\n  cy.log(Response.body);\n});",
              "err": {},
              "uuid": "3a2413ed-dc0e-4f90-a01b-5f46ef7dd4aa",
              "parentUUID": "5bd20932-a35b-4a8a-90b7-c74ec7166d6e",
              "isHook": false,
              "skipped": false
            },
            {
              "title": "Get Value Range CLIENT_FAMILIES ARTICLE CLIENTS_QTY",
              "fullTitle": "ValueRange Get Value Range CLIENT_FAMILIES ARTICLE CLIENTS_QTY",
              "timedOut": null,
              "duration": 331,
              "state": "passed",
              "speed": "fast",
              "pass": true,
              "fail": false,
              "pending": false,
              "context": "{\n  \"title\": \"cypress-mochawesome-reporter-videos-passed\",\n  \"value\": \"cypress/e2e/Ventes/ValueRange.cy.js\"\n}",
              "code": "cy.GET_API_SALES('companies/' + Company + '/value-ranges?entity=CLIENT_FAMILIES&prop=CLIENTS_QTY', tt).then(Response => {\n  expect(Response.status).to.eq(200);\n  cy.log(Response.body);\n});",
              "err": {},
              "uuid": "390cd0ee-eada-4913-b3ef-b797d05d925c",
              "parentUUID": "5bd20932-a35b-4a8a-90b7-c74ec7166d6e",
              "isHook": false,
              "skipped": false
            },
            {
              "title": "Get Value Range RECURRENCES  AMOUNT_TTC",
              "fullTitle": "ValueRange Get Value Range RECURRENCES  AMOUNT_TTC",
              "timedOut": null,
              "duration": 547,
              "state": "failed",
              "speed": null,
              "pass": false,
              "fail": true,
              "pending": false,
              "context": "[\n  {\n    \"title\": \"cypress-mochawesome-reporter-videos-failed\",\n    \"value\": \"cypress/e2e/Ventes/ValueRange.cy.js\"\n  },\n  {\n    \"title\": \"cypress-mochawesome-reporter-screenshots\",\n    \"value\": [\n      [\n        \"/Ventes/ValueRange.cy.js/ValueRange -- Get Value Range RECURRENCES  AMOUNT_TTC (failed).png\"\n      ]\n    ]\n  }\n]",
              "code": "cy.GET_API_SALES('companies/' + Company + '/value-ranges?entity=RECURRENCES&prop=AMOUNT_TTC', tt).then(Response => {\n  expect(Response.status).to.eq(200);\n  cy.log(Response.body);\n});",
              "err": {
                "message": "AssertionError: expected 500 to equal 200",
                "estack": "AssertionError: expected 500 to equal 200\n    at Context.eval (webpack://api/./cypress/e2e/Ventes/ValueRange.cy.js:101:35)",
                "diff": "- 500\n+ 200\n"
              },
              "uuid": "09efd7c5-4a5f-45b0-8e28-f4b6aeccee4c",
              "parentUUID": "5bd20932-a35b-4a8a-90b7-c74ec7166d6e",
              "isHook": false,
              "skipped": false
            }
          ],
          "suites": [],
          "passes": [
            "3c153fb3-1c9c-4c0b-964c-b78b2a65d8da",
            "694cdf48-59f2-43ac-9dbf-608f3c985f61",
            "7dade81d-bb01-423b-82e3-4da8762df47c",
            "038c6b6c-48c4-4677-af1b-7129ed937c9f",
            "3a2413ed-dc0e-4f90-a01b-5f46ef7dd4aa",
            "390cd0ee-eada-4913-b3ef-b797d05d925c"
          ],
          "failures": [
            "09efd7c5-4a5f-45b0-8e28-f4b6aeccee4c"
          ],
          "pending": [],
          "skipped": [],
          "duration": 5843,
          "root": false,
          "rootEmpty": false,
          "_timeout": 2000
        }
      ],
      "passes": [],
      "failures": [],
      "pending": [],
      "skipped": [],
      "duration": 0,
      "root": true,
      "rootEmpty": true,
      "_timeout": 2000
    }
  ],
  "meta": {
    "mocha": {
      "version": "7.0.1"
    },
    "mochawesome": {
      "options": {
        "quiet": false,
        "reportFilename": "mochawesome",
        "saveHtml": false,
        "saveJson": true,
        "consoleReporter": "spec",
        "useInlineDiffs": false,
        "code": true
      },
      "version": "7.1.3"
    },
    "marge": {
      "options": {
        "charts": true,
        "reportPageTitle": "Fiducial API Test",
        "embeddedScreenshots": true,
        "inlineAssets": true,
        "saveAllAttempts": false,
        "overwrite": false,
        "html": false,
        "json": true,
        "reportDir": "cypress/reports/html/.jsons"
      },
      "version": "6.2.0"
    }
  }
}