{
  "stats": {
    "suites": 1,
    "tests": 1,
    "passes": 1,
    "pending": 0,
    "failures": 0,
    "start": "2023-08-16T14:21:22.189Z",
    "end": "2023-08-16T14:21:24.459Z",
    "duration": 2270,
    "testsRegistered": 1,
    "passPercent": 100,
    "pendingPercent": 0,
    "other": 0,
    "hasOther": false,
    "skipped": 0,
    "hasSkipped": false
  },
  "results": [
    {
      "uuid": "08afed7d-8fd4-4a45-9cfe-02207725dc2a",
      "title": "",
      "fullFile": "cypress/e2e/Achats/SiretDataBase.cy.js",
      "file": "cypress/e2e/Achats/SiretDataBase.cy.js",
      "beforeHooks": [],
      "afterHooks": [],
      "tests": [],
      "suites": [
        {
          "uuid": "c37a4012-35ae-4aee-be46-cf51682646de",
          "title": "Suppliers",
          "fullFile": "",
          "file": "",
          "beforeHooks": [],
          "afterHooks": [],
          "tests": [
            {
              "title": "Get data about the siret",
              "fullTitle": "Suppliers Get data about the siret",
              "timedOut": null,
              "duration": 2244,
              "state": "passed",
              "speed": "fast",
              "pass": true,
              "fail": false,
              "pending": false,
              "context": "{\n  \"title\": \"cypress-mochawesome-reporter-videos-passed\",\n  \"value\": \"cypress/e2e/Achats/SiretDataBase.cy.js\"\n}",
              "code": "cy.GET_API('purchases/siret-database/31761525000014', tt).then(Response => {\n  expect(Response.status).to.eq(200);\n  //var d =(JSON.stringify(Response.body))\n  cy.log(Response.body);\n});",
              "err": {},
              "uuid": "412372f8-00da-47b8-8b2d-994c72424b0d",
              "parentUUID": "c37a4012-35ae-4aee-be46-cf51682646de",
              "isHook": false,
              "skipped": false
            }
          ],
          "suites": [],
          "passes": [
            "412372f8-00da-47b8-8b2d-994c72424b0d"
          ],
          "failures": [],
          "pending": [],
          "skipped": [],
          "duration": 2244,
          "root": false,
          "rootEmpty": false,
          "_timeout": 2000
        }
      ],
      "passes": [],
      "failures": [],
      "pending": [],
      "skipped": [],
      "duration": 0,
      "root": true,
      "rootEmpty": true,
      "_timeout": 2000
    }
  ],
  "meta": {
    "mocha": {
      "version": "7.0.1"
    },
    "mochawesome": {
      "options": {
        "quiet": false,
        "reportFilename": "mochawesome",
        "saveHtml": false,
        "saveJson": true,
        "consoleReporter": "spec",
        "useInlineDiffs": false,
        "code": true
      },
      "version": "7.1.3"
    },
    "marge": {
      "options": {
        "charts": true,
        "reportPageTitle": "Fiducial API Test",
        "embeddedScreenshots": true,
        "inlineAssets": true,
        "saveAllAttempts": false,
        "overwrite": false,
        "html": false,
        "json": true,
        "reportDir": "cypress/reports/html/.jsons"
      },
      "version": "6.2.0"
    }
  }
}