{
  "stats": {
    "suites": 1,
    "tests": 2,
    "passes": 0,
    "pending": 0,
    "failures": 2,
    "start": "2023-08-02T12:43:29.735Z",
    "end": "2023-08-02T12:43:36.886Z",
    "duration": 7151,
    "testsRegistered": 2,
    "passPercent": 0,
    "pendingPercent": 0,
    "other": 0,
    "hasOther": false,
    "skipped": 0,
    "hasSkipped": false
  },
  "results": [
    {
      "uuid": "db6239cc-5a3b-44bc-a2a7-2db5dec5bd09",
      "title": "",
      "fullFile": "cypress/e2e/Achats/Invoices.cy.js",
      "file": "cypress/e2e/Achats/Invoices.cy.js",
      "beforeHooks": [],
      "afterHooks": [],
      "tests": [],
      "suites": [
        {
          "uuid": "441971b2-c093-44ac-b3d7-3b040cdaf2f9",
          "title": "Invoices",
          "fullFile": "",
          "file": "",
          "beforeHooks": [],
          "afterHooks": [],
          "tests": [
            {
              "title": "Get a list of invoices payments",
              "fullTitle": "Invoices Get a list of invoices payments",
              "timedOut": null,
              "duration": 5949,
              "state": "failed",
              "speed": null,
              "pass": false,
              "fail": true,
              "pending": false,
              "context": "[\n  {\n    \"title\": \"cypress-mochawesome-reporter-videos-failed\",\n    \"value\": \"cypress/e2e/Achats/Invoices.cy.js\"\n  },\n  {\n    \"title\": \"cypress-mochawesome-reporter-screenshots\",\n    \"value\": [\n      [\n        \"/Achats/Invoices.cy.js/Invoices -- Get a list of invoices payments (failed).png\"\n      ]\n    ]\n  }\n]",
              "code": "cy.GET_API('purchases/companies/' + Company + '/invoice/invoices-payments', tt).then(Response => {\n  expect(Response.status).to.eq(200);\n  //var d =(JSON.stringify(Response.body))\n  var d = Response.body.items;\n  for (var index in d) {\n    id_suppliers = d[index].id;\n    //cy.log(d[index].id)\n  }\n  cy.addContext(\"Test get Suppliers\");\n});",
              "err": {
                "message": "AssertionError: expected 404 to equal 200",
                "estack": "AssertionError: expected 404 to equal 200\n    at Context.eval (webpack:///./cypress/e2e/Achats/Invoices.cy.js:43:35)",
                "diff": "- 404\n+ 200\n"
              },
              "uuid": "11c71018-fe84-4736-8524-4e1ce13f0fa9",
              "parentUUID": "441971b2-c093-44ac-b3d7-3b040cdaf2f9",
              "isHook": false,
              "skipped": false
            },
            {
              "title": "Get Invoices Payments Summary",
              "fullTitle": "Invoices Get Invoices Payments Summary",
              "timedOut": null,
              "duration": 876,
              "state": "failed",
              "speed": null,
              "pass": false,
              "fail": true,
              "pending": false,
              "context": "[\n  {\n    \"title\": \"cypress-mochawesome-reporter-videos-failed\",\n    \"value\": \"cypress/e2e/Achats/Invoices.cy.js\"\n  },\n  {\n    \"title\": \"cypress-mochawesome-reporter-screenshots\",\n    \"value\": [\n      [\n        \"/Achats/Invoices.cy.js/Invoices -- Get Invoices Payments Summary (failed).png\"\n      ]\n    ]\n  }\n]",
              "code": "cy.GET_API('purchases/companies/' + Company + '/invoices-payments/summary', tt).then(Response => {\n  expect(Response.status).to.eq(200);\n  //var d =(JSON.stringify(Response.body))\n  var d = Response.body.items;\n  for (var index in d) {\n    id_suppliers = d[index].id;\n    //cy.log(d[index].id)\n  }\n  cy.addContext(\"Test get Suppliers\");\n});",
              "err": {
                "message": "AssertionError: expected 404 to equal 200",
                "estack": "AssertionError: expected 404 to equal 200\n    at Context.eval (webpack:///./cypress/e2e/Achats/Invoices.cy.js:61:35)",
                "diff": "- 404\n+ 200\n"
              },
              "uuid": "7b168776-0832-4a5d-926e-b7bd5d7c3d88",
              "parentUUID": "441971b2-c093-44ac-b3d7-3b040cdaf2f9",
              "isHook": false,
              "skipped": false
            }
          ],
          "suites": [],
          "passes": [],
          "failures": [
            "11c71018-fe84-4736-8524-4e1ce13f0fa9",
            "7b168776-0832-4a5d-926e-b7bd5d7c3d88"
          ],
          "pending": [],
          "skipped": [],
          "duration": 6825,
          "root": false,
          "rootEmpty": false,
          "_timeout": 2000
        }
      ],
      "passes": [],
      "failures": [],
      "pending": [],
      "skipped": [],
      "duration": 0,
      "root": true,
      "rootEmpty": true,
      "_timeout": 2000
    }
  ],
  "meta": {
    "mocha": {
      "version": "7.0.1"
    },
    "mochawesome": {
      "options": {
        "quiet": false,
        "reportFilename": "mochawesome",
        "saveHtml": false,
        "saveJson": true,
        "consoleReporter": "spec",
        "useInlineDiffs": false,
        "code": true
      },
      "version": "7.1.3"
    },
    "marge": {
      "options": {
        "charts": true,
        "reportPageTitle": "Fiducial API Test",
        "embeddedScreenshots": true,
        "inlineAssets": true,
        "saveAllAttempts": false,
        "overwrite": false,
        "html": false,
        "json": true,
        "reportDir": "cypress/reports/html/.jsons"
      },
      "version": "6.2.0"
    }
  }
}