{
  "stats": {
    "suites": 1,
    "tests": 5,
    "passes": 3,
    "pending": 0,
    "failures": 2,
    "start": "2023-08-15T13:39:08.400Z",
    "end": "2023-08-15T13:39:14.254Z",
    "duration": 5854,
    "testsRegistered": 5,
    "passPercent": 60,
    "pendingPercent": 0,
    "other": 0,
    "hasOther": false,
    "skipped": 0,
    "hasSkipped": false
  },
  "results": [
    {
      "uuid": "688184a2-e8e3-4dd0-addd-0ed1fd71e069",
      "title": "",
      "fullFile": "cypress/e2e/Achats/SupplierFamily.cy.js",
      "file": "cypress/e2e/Achats/SupplierFamily.cy.js",
      "beforeHooks": [],
      "afterHooks": [],
      "tests": [],
      "suites": [
        {
          "uuid": "16d9ac23-6fc1-4ce0-99d0-6488666122c2",
          "title": "Suppliers Family",
          "fullFile": "",
          "file": "",
          "beforeHooks": [],
          "afterHooks": [],
          "tests": [
            {
              "title": "Post Supplier Family 201",
              "fullTitle": "Suppliers Family Post Supplier Family 201",
              "timedOut": null,
              "duration": 3455,
              "state": "passed",
              "speed": "fast",
              "pass": true,
              "fail": false,
              "pending": false,
              "context": "{\n  \"title\": \"cypress-mochawesome-reporter-videos-passed\",\n  \"value\": \"cypress/e2e/Achats/SupplierFamily.cy.js\"\n}",
              "code": "cy.Post_API_With_Body('purchases/companies/' + Company + '/supplier-families', tt, dt1['code201']).then(Response => {\n  expect(Response.status).to.eq(201);\n  cy.log(JSON.stringify(Response.body));\n  id_suppliers_Family = Response.body[\"id\"];\n  cy.log(id_suppliers_Family);\n});",
              "err": {},
              "uuid": "45c0d5b1-9139-46b0-bf0d-c88e6685885c",
              "parentUUID": "16d9ac23-6fc1-4ce0-99d0-6488666122c2",
              "isHook": false,
              "skipped": false
            },
            {
              "title": "Get Supplier Family  200",
              "fullTitle": "Suppliers Family Get Supplier Family  200",
              "timedOut": null,
              "duration": 417,
              "state": "failed",
              "speed": null,
              "pass": false,
              "fail": true,
              "pending": false,
              "context": "[\n  {\n    \"title\": \"cypress-mochawesome-reporter-videos-failed\",\n    \"value\": \"cypress/e2e/Achats/SupplierFamily.cy.js\"\n  },\n  {\n    \"title\": \"cypress-mochawesome-reporter-screenshots\",\n    \"value\": [\n      [\n        \"/Achats/SupplierFamily.cy.js/Suppliers Family -- Get Supplier Family  200 (failed).png\"\n      ]\n    ]\n  }\n]",
              "code": "cy.GET_API('purchases/companies/' + Company + '/supplier-families/' + id_suppliers_Family, tt).then(Response => {\n  expect(Response.status).to.eq(200);\n  cy.log(JSON.stringify(Response.body));\n});",
              "err": {
                "message": "AssertionError: expected 405 to equal 200",
                "estack": "AssertionError: expected 405 to equal 200\n    at Context.eval (webpack:///./cypress/e2e/Achats/SupplierFamily.cy.js:52:43)",
                "diff": "- 405\n+ 200\n"
              },
              "uuid": "d267865b-3600-4c67-b6ae-1bc05891d145",
              "parentUUID": "16d9ac23-6fc1-4ce0-99d0-6488666122c2",
              "isHook": false,
              "skipped": false
            },
            {
              "title": "Get List Supplier Family 200",
              "fullTitle": "Suppliers Family Get List Supplier Family 200",
              "timedOut": null,
              "duration": 499,
              "state": "passed",
              "speed": "fast",
              "pass": true,
              "fail": false,
              "pending": false,
              "context": "{\n  \"title\": \"cypress-mochawesome-reporter-videos-passed\",\n  \"value\": \"cypress/e2e/Achats/SupplierFamily.cy.js\"\n}",
              "code": "cy.GET_API('purchases/companies/' + Company + '/supplier-families ', tt).then(Response => {\n  expect(Response.status).to.eq(200);\n  cy.log(JSON.stringify(Response.body));\n});",
              "err": {},
              "uuid": "8efd2aa9-263e-4fb6-872e-396226971320",
              "parentUUID": "16d9ac23-6fc1-4ce0-99d0-6488666122c2",
              "isHook": false,
              "skipped": false
            },
            {
              "title": "Get Export Supplier Family 200",
              "fullTitle": "Suppliers Family Get Export Supplier Family 200",
              "timedOut": null,
              "duration": 411,
              "state": "failed",
              "speed": null,
              "pass": false,
              "fail": true,
              "pending": false,
              "context": "[\n  {\n    \"title\": \"cypress-mochawesome-reporter-videos-failed\",\n    \"value\": \"cypress/e2e/Achats/SupplierFamily.cy.js\"\n  },\n  {\n    \"title\": \"cypress-mochawesome-reporter-screenshots\",\n    \"value\": [\n      [\n        \"/Achats/SupplierFamily.cy.js/Suppliers Family -- Get Export Supplier Family 200 (failed).png\"\n      ]\n    ]\n  }\n]",
              "code": "cy.GET_API('purchases/companies/' + Company + '/supplier-families/export', tt).then(Response => {\n  expect(Response.status).to.eq(200);\n  cy.log(JSON.stringify(Response.body));\n});",
              "err": {
                "message": "AssertionError: expected 405 to equal 200",
                "estack": "AssertionError: expected 405 to equal 200\n    at Context.eval (webpack:///./cypress/e2e/Achats/SupplierFamily.cy.js:80:39)",
                "diff": "- 405\n+ 200\n"
              },
              "uuid": "c473515e-e85b-40a5-97fa-b9f80872dda9",
              "parentUUID": "16d9ac23-6fc1-4ce0-99d0-6488666122c2",
              "isHook": false,
              "skipped": false
            },
            {
              "title": "Delete  Supplier Family 200",
              "fullTitle": "Suppliers Family Delete  Supplier Family 200",
              "timedOut": null,
              "duration": 1012,
              "state": "passed",
              "speed": "fast",
              "pass": true,
              "fail": false,
              "pending": false,
              "context": "{\n  \"title\": \"cypress-mochawesome-reporter-videos-passed\",\n  \"value\": \"cypress/e2e/Achats/SupplierFamily.cy.js\"\n}",
              "code": "https:\n//purchase-qa.facilia.com/purchases/companies/2/supplier-families/124\ncy.DELETE_API('purchases/companies/' + Company + '/supplier-families/' + id_suppliers_Family, tt).then(Response => {\n  cy.log(id_suppliers_Family);\n  expect(Response.status).to.eq(204);\n  cy.log(JSON.stringify(Response.body));\n});",
              "err": {},
              "uuid": "d99f4da6-8f1a-4ec0-ad7c-9e9b23f7de85",
              "parentUUID": "16d9ac23-6fc1-4ce0-99d0-6488666122c2",
              "isHook": false,
              "skipped": false
            }
          ],
          "suites": [],
          "passes": [
            "45c0d5b1-9139-46b0-bf0d-c88e6685885c",
            "8efd2aa9-263e-4fb6-872e-396226971320",
            "d99f4da6-8f1a-4ec0-ad7c-9e9b23f7de85"
          ],
          "failures": [
            "d267865b-3600-4c67-b6ae-1bc05891d145",
            "c473515e-e85b-40a5-97fa-b9f80872dda9"
          ],
          "pending": [],
          "skipped": [],
          "duration": 5794,
          "root": false,
          "rootEmpty": false,
          "_timeout": 2000
        }
      ],
      "passes": [],
      "failures": [],
      "pending": [],
      "skipped": [],
      "duration": 0,
      "root": true,
      "rootEmpty": true,
      "_timeout": 2000
    }
  ],
  "meta": {
    "mocha": {
      "version": "7.0.1"
    },
    "mochawesome": {
      "options": {
        "quiet": false,
        "reportFilename": "mochawesome",
        "saveHtml": false,
        "saveJson": true,
        "consoleReporter": "spec",
        "useInlineDiffs": false,
        "code": true
      },
      "version": "7.1.3"
    },
    "marge": {
      "options": {
        "charts": true,
        "reportPageTitle": "Fiducial API Test",
        "embeddedScreenshots": true,
        "inlineAssets": true,
        "saveAllAttempts": false,
        "overwrite": false,
        "html": false,
        "json": true,
        "reportDir": "cypress/reports/html/.jsons"
      },
      "version": "6.2.0"
    }
  }
}