{
  "stats": {
    "suites": 1,
    "tests": 9,
    "passes": 9,
    "pending": 0,
    "failures": 0,
    "start": "2023-08-29T09:09:11.053Z",
    "end": "2023-08-29T09:09:26.667Z",
    "duration": 15614,
    "testsRegistered": 9,
    "passPercent": 100,
    "pendingPercent": 0,
    "other": 0,
    "hasOther": false,
    "skipped": 0,
    "hasSkipped": false
  },
  "results": [
    {
      "uuid": "1feacf0d-3f1a-42e6-8b7b-83244c6afa81",
      "title": "",
      "fullFile": "cypress/e2e/Ventes/Clients.cy.js",
      "file": "cypress/e2e/Ventes/Clients.cy.js",
      "beforeHooks": [],
      "afterHooks": [],
      "tests": [],
      "suites": [
        {
          "uuid": "1bab10b7-4822-4cca-9504-6f58714f8a3c",
          "title": "Clients",
          "fullFile": "",
          "file": "",
          "beforeHooks": [],
          "afterHooks": [],
          "tests": [
            {
              "title": "Get_ExportClients_Excel_Separtor COMMA 200",
              "fullTitle": "Clients Get_ExportClients_Excel_Separtor COMMA 200",
              "timedOut": null,
              "duration": 7098,
              "state": "passed",
              "speed": "medium",
              "pass": true,
              "fail": false,
              "pending": false,
              "context": "{\n  \"title\": \"cypress-mochawesome-reporter-videos-passed\",\n  \"value\": \"cypress/e2e/Ventes/Clients.cy.js\"\n}",
              "code": "cy.GET_API_SALES('companies/' + Company + '/clients/export?companyId=' + Company + '&exportFile%5Btype%5D=CSV&exportFile%5Bseparator%5D=COMMA', tt).then(Response => {\n  cy.wait(4000);\n  expect(Response.status).to.eq(200);\n  //var d =(JSON.stringify(Response.body))\n  cy.log(Response.body);\n});",
              "err": {},
              "uuid": "dda54ee1-b0ef-4563-ab5c-aa4dcb41df31",
              "parentUUID": "1bab10b7-4822-4cca-9504-6f58714f8a3c",
              "isHook": false,
              "skipped": false
            },
            {
              "title": "Get_ExportClients_Excel 200",
              "fullTitle": "Clients Get_ExportClients_Excel 200",
              "timedOut": null,
              "duration": 1098,
              "state": "passed",
              "speed": "fast",
              "pass": true,
              "fail": false,
              "pending": false,
              "context": "{\n  \"title\": \"cypress-mochawesome-reporter-videos-passed\",\n  \"value\": \"cypress/e2e/Ventes/Clients.cy.js\"\n}",
              "code": "cy.GET_API_SALES('companies/2/clients/export?companyId=2&exportFile%5Btype%5D=EXCEL', tt).then(Response => {\n  expect(Response.status).to.eq(200);\n  console.log(Response.body);\n});",
              "err": {},
              "uuid": "1118e244-d7b4-480c-880b-c98b82bbeae3",
              "parentUUID": "1bab10b7-4822-4cca-9504-6f58714f8a3c",
              "isHook": false,
              "skipped": false
            },
            {
              "title": "Get_ExportClients_Excel_exportFile 403",
              "fullTitle": "Clients Get_ExportClients_Excel_exportFile 403",
              "timedOut": null,
              "duration": 966,
              "state": "passed",
              "speed": "fast",
              "pass": true,
              "fail": false,
              "pending": false,
              "context": "{\n  \"title\": \"cypress-mochawesome-reporter-videos-passed\",\n  \"value\": \"cypress/e2e/Ventes/Clients.cy.js\"\n}",
              "code": "defaultCommandTimeout: 50000;\ncy.GET_API_SALES('companies/' + Company + '/clients/export?companyId=' + Company + '&exportFile%5Btype%5D=CSV&exportFile%5Bseparator%5D=', tt).then(Response => {\n  expect(Response.status).to.eq(400);\n  //var d =(JSON.stringify(Response.body))\n  console.log(Response.body);\n});",
              "err": {},
              "uuid": "b7378feb-506b-4557-b360-ac05f391c55d",
              "parentUUID": "1bab10b7-4822-4cca-9504-6f58714f8a3c",
              "isHook": false,
              "skipped": false
            },
            {
              "title": "Client registration France 201",
              "fullTitle": "Clients Client registration France 201",
              "timedOut": null,
              "duration": 2287,
              "state": "passed",
              "speed": "fast",
              "pass": true,
              "fail": false,
              "pending": false,
              "context": "{\n  \"title\": \"cypress-mochawesome-reporter-videos-passed\",\n  \"value\": \"cypress/e2e/Ventes/Clients.cy.js\"\n}",
              "code": "cy.Post_API_With_Body_SALES('companies/' + Company + '/clients', tt, dt1['code201_FRANCE']).then(Response => {\n  cy.log(JSON.stringify(Response.body));\n  //cy.log(Response.body)\n  expect(Response.status).to.eq(201);\n  id_client = Response.body[\"id\"];\n});",
              "err": {},
              "uuid": "439b28bb-e66b-4f83-ad5f-a1fa75505cd8",
              "parentUUID": "1bab10b7-4822-4cca-9504-6f58714f8a3c",
              "isHook": false,
              "skipped": false
            },
            {
              "title": "Client registration without_contact_email",
              "fullTitle": "Clients Client registration without_contact_email",
              "timedOut": null,
              "duration": 439,
              "state": "passed",
              "speed": "fast",
              "pass": true,
              "fail": false,
              "pending": false,
              "context": "{\n  \"title\": \"cypress-mochawesome-reporter-videos-passed\",\n  \"value\": \"cypress/e2e/Ventes/Clients.cy.js\"\n}",
              "code": "cy.Post_API_With_Body_SALES('companies/' + Company + '/clients', tt, dt1['code201_FRANCE_Contato_Sem_Email']).then(Response => {\n  cy.log(JSON.stringify(Response.body));\n  //cy.log(Response.body)\n  expect(Response.status).to.eq(400);\n  //        id_client = ((Response.body[\"id\"]))\n});",
              "err": {},
              "uuid": "3c12d02a-b16d-44ae-bd0e-b3ab4b387d19",
              "parentUUID": "1bab10b7-4822-4cca-9504-6f58714f8a3c",
              "isHook": false,
              "skipped": false
            },
            {
              "title": "Client registration without_contact_city",
              "fullTitle": "Clients Client registration without_contact_city",
              "timedOut": null,
              "duration": 388,
              "state": "passed",
              "speed": "fast",
              "pass": true,
              "fail": false,
              "pending": false,
              "context": "{\n  \"title\": \"cypress-mochawesome-reporter-videos-passed\",\n  \"value\": \"cypress/e2e/Ventes/Clients.cy.js\"\n}",
              "code": "cy.Post_API_With_Body_SALES('companies/' + Company + '/clients', tt, dt1['code201_FRANCE_Contato_Sem_city']).then(Response => {\n  cy.log(JSON.stringify(Response.body));\n  //cy.log(Response.body)\n  expect(Response.status).to.eq(400);\n  //        id_client = ((Response.body[\"id\"]))\n});",
              "err": {},
              "uuid": "16331238-a5de-4a84-824d-c39284f16de1",
              "parentUUID": "1bab10b7-4822-4cca-9504-6f58714f8a3c",
              "isHook": false,
              "skipped": false
            },
            {
              "title": "Client registration Clients_TOKEN_NOK",
              "fullTitle": "Clients Client registration Clients_TOKEN_NOK",
              "timedOut": null,
              "duration": 344,
              "state": "passed",
              "speed": "fast",
              "pass": true,
              "fail": false,
              "pending": false,
              "context": "{\n  \"title\": \"cypress-mochawesome-reporter-videos-passed\",\n  \"value\": \"cypress/e2e/Ventes/Clients.cy.js\"\n}",
              "code": "cy.Post_API_With_Body_SALES('companies/' + Company + '/clients', \"aa\", dt1['code201_FRANCE_Contato_Sem_city']).then(Response => {\n  cy.log(JSON.stringify(Response.body));\n  //cy.log(Response.body)\n  expect(Response.status).to.eq(403);\n  //        id_client = ((Response.body[\"id\"]))\n});",
              "err": {},
              "uuid": "f5c0de46-dbf8-4cfb-86e4-f444c193ab5a",
              "parentUUID": "1bab10b7-4822-4cca-9504-6f58714f8a3c",
              "isHook": false,
              "skipped": false
            },
            {
              "title": "Get_Client_200",
              "fullTitle": "Clients Get_Client_200",
              "timedOut": null,
              "duration": 2160,
              "state": "passed",
              "speed": "fast",
              "pass": true,
              "fail": false,
              "pending": false,
              "context": "{\n  \"title\": \"cypress-mochawesome-reporter-videos-passed\",\n  \"value\": \"cypress/e2e/Ventes/Clients.cy.js\"\n}",
              "code": "defaultCommandTimeout: 50000;\ncy.GET_API_SALES('companies/' + Company + '/clients/' + id_client, tt).then(Response => {\n  console.log(Response.body);\n  expect(Response.status).to.eq(200);\n  //var d =(JSON.stringify(Response.body))\n});",
              "err": {},
              "uuid": "f94760e1-b5c4-425e-a3c4-57a89715a130",
              "parentUUID": "1bab10b7-4822-4cca-9504-6f58714f8a3c",
              "isHook": false,
              "skipped": false
            },
            {
              "title": "Get_Client List ",
              "fullTitle": "Clients Get_Client List ",
              "timedOut": null,
              "duration": 504,
              "state": "passed",
              "speed": "fast",
              "pass": true,
              "fail": false,
              "pending": false,
              "context": "{\n  \"title\": \"cypress-mochawesome-reporter-videos-passed\",\n  \"value\": \"cypress/e2e/Ventes/Clients.cy.js\"\n}",
              "code": "defaultCommandTimeout: 50000;\ncy.GET_API_SALES('companies/' + Company + '/clients/', tt).then(Response => {\n  console.log(Response.body);\n  expect(Response.status).to.eq(200);\n  //var d =(JSON.stringify(Response.body))\n});",
              "err": {},
              "uuid": "c5aad161-225e-4650-9d4b-9ea3c38e6e56",
              "parentUUID": "1bab10b7-4822-4cca-9504-6f58714f8a3c",
              "isHook": false,
              "skipped": false
            }
          ],
          "suites": [],
          "passes": [
            "dda54ee1-b0ef-4563-ab5c-aa4dcb41df31",
            "1118e244-d7b4-480c-880b-c98b82bbeae3",
            "b7378feb-506b-4557-b360-ac05f391c55d",
            "439b28bb-e66b-4f83-ad5f-a1fa75505cd8",
            "3c12d02a-b16d-44ae-bd0e-b3ab4b387d19",
            "16331238-a5de-4a84-824d-c39284f16de1",
            "f5c0de46-dbf8-4cfb-86e4-f444c193ab5a",
            "f94760e1-b5c4-425e-a3c4-57a89715a130",
            "c5aad161-225e-4650-9d4b-9ea3c38e6e56"
          ],
          "failures": [],
          "pending": [],
          "skipped": [],
          "duration": 15284,
          "root": false,
          "rootEmpty": false,
          "_timeout": 2000
        }
      ],
      "passes": [],
      "failures": [],
      "pending": [],
      "skipped": [],
      "duration": 0,
      "root": true,
      "rootEmpty": true,
      "_timeout": 2000
    }
  ],
  "meta": {
    "mocha": {
      "version": "7.0.1"
    },
    "mochawesome": {
      "options": {
        "quiet": false,
        "reportFilename": "mochawesome",
        "saveHtml": false,
        "saveJson": true,
        "consoleReporter": "spec",
        "useInlineDiffs": false,
        "code": true
      },
      "version": "7.1.3"
    },
    "marge": {
      "options": {
        "charts": true,
        "reportPageTitle": "Fiducial API Test",
        "embeddedScreenshots": true,
        "inlineAssets": true,
        "saveAllAttempts": false,
        "overwrite": false,
        "html": false,
        "json": true,
        "reportDir": "cypress/reports/html/.jsons"
      },
      "version": "6.2.0"
    }
  }
}