{
  "stats": {
    "suites": 4,
    "tests": 16,
    "passes": 16,
    "pending": 0,
    "failures": 0,
    "start": "2023-08-16T14:21:44.848Z",
    "end": "2023-08-16T14:22:02.352Z",
    "duration": 17504,
    "testsRegistered": 16,
    "passPercent": 100,
    "pendingPercent": 0,
    "other": 0,
    "hasOther": false,
    "skipped": 0,
    "hasSkipped": false
  },
  "results": [
    {
      "uuid": "6534debb-6a09-4ee5-b3c0-d6b717534c92",
      "title": "",
      "fullFile": "cypress/e2e/Achats/Suppliers.cy.js",
      "file": "cypress/e2e/Achats/Suppliers.cy.js",
      "beforeHooks": [],
      "afterHooks": [],
      "tests": [],
      "suites": [
        {
          "uuid": "0d7e9595-52b4-47c4-8ec0-f1d309056558",
          "title": "Suppliers",
          "fullFile": "",
          "file": "",
          "beforeHooks": [],
          "afterHooks": [],
          "tests": [
            {
              "title": "Get Suppliers ",
              "fullTitle": "Suppliers Get Suppliers ",
              "timedOut": null,
              "duration": 2277,
              "state": "passed",
              "speed": "fast",
              "pass": true,
              "fail": false,
              "pending": false,
              "context": "[\n  {\n    \"title\": \"cypress-mochawesome-reporter-videos-passed\",\n    \"value\": \"cypress/e2e/Achats/Suppliers.cy.js\"\n  },\n  \"Test get Suppliers\"\n]",
              "code": "cy.GET_API('purchases/companies/' + Company + '/suppliers/', tt).then(Response => {\n  expect(Response.status).to.eq(200);\n  //var d =(JSON.stringify(Response.body))\n  var d = Response.body.items;\n  for (var index in d) {\n    id_suppliers = d[index].id;\n    //cy.log(d[index].id)\n  }\n  cy.addContext(\"Test get Suppliers\");\n});",
              "err": {},
              "uuid": "0dd4f9a1-f096-426b-8b71-4068fbef3c49",
              "parentUUID": "0d7e9595-52b4-47c4-8ec0-f1d309056558",
              "isHook": false,
              "skipped": false
            },
            {
              "title": "Get Export a Supplier ",
              "fullTitle": "Suppliers Get Export a Supplier ",
              "timedOut": null,
              "duration": 301,
              "state": "passed",
              "speed": "fast",
              "pass": true,
              "fail": false,
              "pending": false,
              "context": "[\n  {\n    \"title\": \"cypress-mochawesome-reporter-videos-passed\",\n    \"value\": \"cypress/e2e/Achats/Suppliers.cy.js\"\n  },\n  \"Test get Supplier export\"\n]",
              "code": "cy.GET_API('companies/' + Company + '/suppliers/export', tt).then(Response => {\n  var d = JSON.stringify(Response.body);\n  cy.log(d);\n  expect(Response.status).to.eq(404);\n  cy.addContext(\"Test get Supplier export\");\n});",
              "err": {},
              "uuid": "086659d3-e46b-4aa6-b0cd-1e915e0b3168",
              "parentUUID": "0d7e9595-52b4-47c4-8ec0-f1d309056558",
              "isHook": false,
              "skipped": false
            },
            {
              "title": "Post Supplier 201",
              "fullTitle": "Suppliers Post Supplier 201",
              "timedOut": null,
              "duration": 919,
              "state": "passed",
              "speed": "fast",
              "pass": true,
              "fail": false,
              "pending": false,
              "context": "{\n  \"title\": \"cypress-mochawesome-reporter-videos-passed\",\n  \"value\": \"cypress/e2e/Achats/Suppliers.cy.js\"\n}",
              "code": "cy.Post_API_With_Body('purchases/companies/' + Company + '/suppliers', tt, dt1['code201']).then(Response => {\n  expect(Response.status).to.eq(201);\n  cy.log(JSON.stringify(Response.body));\n  id_delete = Response.body[\"id\"];\n});",
              "err": {},
              "uuid": "000b1d1f-945d-4cc2-bec2-7ad6aafd6b24",
              "parentUUID": "0d7e9595-52b4-47c4-8ec0-f1d309056558",
              "isHook": false,
              "skipped": false
            },
            {
              "title": "Get a Supplier List",
              "fullTitle": "Suppliers Get a Supplier List",
              "timedOut": null,
              "duration": 939,
              "state": "passed",
              "speed": "fast",
              "pass": true,
              "fail": false,
              "pending": false,
              "context": "[\n  {\n    \"title\": \"cypress-mochawesome-reporter-videos-passed\",\n    \"value\": \"cypress/e2e/Achats/Suppliers.cy.js\"\n  },\n  \"Test get Suppliers668\"\n]",
              "code": "cy.GET_API('purchases/companies/' + Company + '/suppliers/' + id_delete, tt).then(Response => {\n  var d = JSON.stringify(Response.body);\n  cy.log(JSON.stringify(d));\n  expect(Response.status).to.eq(200);\n  cy.addContext(\"Test get Suppliers\" + id_suppliers);\n});",
              "err": {},
              "uuid": "a3f6549f-b976-42cc-84b3-cf3788201630",
              "parentUUID": "0d7e9595-52b4-47c4-8ec0-f1d309056558",
              "isHook": false,
              "skipped": false
            },
            {
              "title": "Delete Supplier 201",
              "fullTitle": "Suppliers Delete Supplier 201",
              "timedOut": null,
              "duration": 940,
              "state": "passed",
              "speed": "fast",
              "pass": true,
              "fail": false,
              "pending": false,
              "context": "{\n  \"title\": \"cypress-mochawesome-reporter-videos-passed\",\n  \"value\": \"cypress/e2e/Achats/Suppliers.cy.js\"\n}",
              "code": "cy.DELETE_API('purchases/companies/' + Company + '/suppliers/' + id_delete, tt).then(Response => {\n  expect(Response.status).to.eq(204);\n  cy.log(JSON.stringify(Response.body));\n  id_delete = Response.body[\"id\"];\n});",
              "err": {},
              "uuid": "7fc7946c-ae3d-4424-b0ce-ee6cdcd0256b",
              "parentUUID": "0d7e9595-52b4-47c4-8ec0-f1d309056558",
              "isHook": false,
              "skipped": false
            }
          ],
          "suites": [
            {
              "uuid": "30616483-4150-4378-b41e-d46356d13f8e",
              "title": "Rules",
              "fullFile": "",
              "file": "",
              "beforeHooks": [],
              "afterHooks": [],
              "tests": [
                {
                  "title": "Post Supplier 400 France",
                  "fullTitle": "Suppliers Rules Post Supplier 400 France",
                  "timedOut": null,
                  "duration": 305,
                  "state": "passed",
                  "speed": "fast",
                  "pass": true,
                  "fail": false,
                  "pending": false,
                  "context": "{\n  \"title\": \"cypress-mochawesome-reporter-videos-passed\",\n  \"value\": \"cypress/e2e/Achats/Suppliers.cy.js\"\n}",
                  "code": "cy.Post_API_With_Body('purchases/companies/' + Company + '/suppliers', tt, dt1['code201_France_Not_Siret']).then(Response => {\n  cy.log(JSON.stringify(Response.body));\n  expect(Response.status).to.eq(400);\n  //id_suppliers_france = ((Response.body[\"id\"]))\n});",
                  "err": {},
                  "uuid": "9739fa09-0140-4278-b7ee-1535f5a76a82",
                  "parentUUID": "30616483-4150-4378-b41e-d46356d13f8e",
                  "isHook": false,
                  "skipped": false
                },
                {
                  "title": "Post Supplier 201 France",
                  "fullTitle": "Suppliers Rules Post Supplier 201 France",
                  "timedOut": null,
                  "duration": 1040,
                  "state": "passed",
                  "speed": "fast",
                  "pass": true,
                  "fail": false,
                  "pending": false,
                  "context": "{\n  \"title\": \"cypress-mochawesome-reporter-videos-passed\",\n  \"value\": \"cypress/e2e/Achats/Suppliers.cy.js\"\n}",
                  "code": "cy.Post_API_With_Body('purchases/companies/' + Company + '/suppliers', tt, dt1['code201_France']).then(Response => {\n  cy.log(JSON.stringify(Response.body));\n  expect(Response.status).to.eq(201);\n  id_suppliers_france = Response.body[\"id\"];\n});",
                  "err": {},
                  "uuid": "d9281579-0892-4197-bfc8-7876b27d726c",
                  "parentUUID": "30616483-4150-4378-b41e-d46356d13f8e",
                  "isHook": false,
                  "skipped": false
                },
                {
                  "title": "Get data about the siret",
                  "fullTitle": "Suppliers Rules Get data about the siret",
                  "timedOut": null,
                  "duration": 348,
                  "state": "passed",
                  "speed": "fast",
                  "pass": true,
                  "fail": false,
                  "pending": false,
                  "context": "{\n  \"title\": \"cypress-mochawesome-reporter-videos-passed\",\n  \"value\": \"cypress/e2e/Achats/Suppliers.cy.js\"\n}",
                  "code": "cy.GET_API('purchases/siret-database/31761525000014', tt).then(Response => {\n  expect(Response.status).to.eq(400);\n  //var d =(JSON.stringify(Response.body))\n  cy.log(Response.body);\n});",
                  "err": {},
                  "uuid": "0a7a0b36-1a0f-4361-889c-fa14b755e492",
                  "parentUUID": "30616483-4150-4378-b41e-d46356d13f8e",
                  "isHook": false,
                  "skipped": false
                },
                {
                  "title": "Post Supplier 201 With contacts",
                  "fullTitle": "Suppliers Rules Post Supplier 201 With contacts",
                  "timedOut": null,
                  "duration": 1133,
                  "state": "passed",
                  "speed": "fast",
                  "pass": true,
                  "fail": false,
                  "pending": false,
                  "context": "{\n  \"title\": \"cypress-mochawesome-reporter-videos-passed\",\n  \"value\": \"cypress/e2e/Achats/Suppliers.cy.js\"\n}",
                  "code": "cy.Post_API_With_Body('purchases/companies/' + Company + '/suppliers', tt, dt1['Code201SuppliersComplete']).then(Response => {\n  cy.log(JSON.stringify(Response.body));\n  expect(Response.status).to.eq(201);\n  id_suppliers_contacts = Response.body[\"id\"];\n});",
                  "err": {},
                  "uuid": "6ed7e221-9f21-423a-8723-1823e44b5db5",
                  "parentUUID": "30616483-4150-4378-b41e-d46356d13f8e",
                  "isHook": false,
                  "skipped": false
                },
                {
                  "title": "Post Supplier 201 With paymentInfo",
                  "fullTitle": "Suppliers Rules Post Supplier 201 With paymentInfo",
                  "timedOut": null,
                  "duration": 1247,
                  "state": "passed",
                  "speed": "fast",
                  "pass": true,
                  "fail": false,
                  "pending": false,
                  "context": "{\n  \"title\": \"cypress-mochawesome-reporter-videos-passed\",\n  \"value\": \"cypress/e2e/Achats/Suppliers.cy.js\"\n}",
                  "code": "cy.Post_API_With_Body('purchases/companies/' + Company + '/suppliers', tt, dt1['Code201SupplierspaymentInfo']).then(Response => {\n  cy.log(JSON.stringify(Response.body));\n  expect(Response.status).to.eq(201);\n  id_suppliers_paymentInfo = Response.body[\"id\"];\n});",
                  "err": {},
                  "uuid": "cdc6cdc4-e1b9-4b53-b309-b8500fdc7c0c",
                  "parentUUID": "30616483-4150-4378-b41e-d46356d13f8e",
                  "isHook": false,
                  "skipped": false
                },
                {
                  "title": "Post Supplier 403 Invalid Token",
                  "fullTitle": "Suppliers Rules Post Supplier 403 Invalid Token",
                  "timedOut": null,
                  "duration": 294,
                  "state": "passed",
                  "speed": "fast",
                  "pass": true,
                  "fail": false,
                  "pending": false,
                  "context": "{\n  \"title\": \"cypress-mochawesome-reporter-videos-passed\",\n  \"value\": \"cypress/e2e/Achats/Suppliers.cy.js\"\n}",
                  "code": "cy.Post_API_With_Body('purchases/companies/' + Company + '/suppliers', \"555\", dt1['code201_France']).then(Response => {\n  cy.log(JSON.stringify(Response.body));\n  expect(Response.status).to.eq(403);\n});",
                  "err": {},
                  "uuid": "332da2ed-6bd6-4742-adfa-2916f3a68995",
                  "parentUUID": "30616483-4150-4378-b41e-d46356d13f8e",
                  "isHook": false,
                  "skipped": false
                },
                {
                  "title": "Post Supplier 401 Not Authorized",
                  "fullTitle": "Suppliers Rules Post Supplier 401 Not Authorized",
                  "timedOut": null,
                  "duration": 292,
                  "state": "passed",
                  "speed": "fast",
                  "pass": true,
                  "fail": false,
                  "pending": false,
                  "context": "{\n  \"title\": \"cypress-mochawesome-reporter-videos-passed\",\n  \"value\": \"cypress/e2e/Achats/Suppliers.cy.js\"\n}",
                  "code": "cy.Post_API_With_Body('purchases/companies/' + Company + '/suppliers', \"Bearer eJhbGciOiJIUzUxMiJ9.eyJzdWIiOiJhZG1pbkBmaWR1Y2lhbC5jb20iLCJleHAiOjE2ODc4NjIyODAsInR5cGUiOiJGQUNJTElBIn0.eO8UAdnxQ7YvDez-F3IuCOg3jvF6mEsPbTcpxNXNchiBzA7MOhy-_zexgC4nWhV-Ysqh7KbXEjUwvCf4PexmuA\", dt1['code201_France']).then(Response => {\n  cy.log(JSON.stringify(Response.body));\n  expect(Response.status).to.eq(401);\n});",
                  "err": {},
                  "uuid": "cef9149e-9c6b-4360-afa6-14cc4215add3",
                  "parentUUID": "30616483-4150-4378-b41e-d46356d13f8e",
                  "isHook": false,
                  "skipped": false
                },
                {
                  "title": "Post Supplier 404 Not Found",
                  "fullTitle": "Suppliers Rules Post Supplier 404 Not Found",
                  "timedOut": null,
                  "duration": 309,
                  "state": "passed",
                  "speed": "fast",
                  "pass": true,
                  "fail": false,
                  "pending": false,
                  "context": "{\n  \"title\": \"cypress-mochawesome-reporter-videos-passed\",\n  \"value\": \"cypress/e2e/Achats/Suppliers.cy.js\"\n}",
                  "code": "cy.Post_API_With_Body('purchases/companies/' + Company + '/supplier', tt, dt1['code201_France']).then(Response => {\n  cy.log(JSON.stringify(Response.body));\n  expect(Response.status).to.eq(404);\n});",
                  "err": {},
                  "uuid": "5c9caeed-b181-44f7-acd2-54ce3e3ee713",
                  "parentUUID": "30616483-4150-4378-b41e-d46356d13f8e",
                  "isHook": false,
                  "skipped": false
                },
                {
                  "title": "Post Supplier 400 Malformaed",
                  "fullTitle": "Suppliers Rules Post Supplier 400 Malformaed",
                  "timedOut": null,
                  "duration": 301,
                  "state": "passed",
                  "speed": "fast",
                  "pass": true,
                  "fail": false,
                  "pending": false,
                  "context": "{\n  \"title\": \"cypress-mochawesome-reporter-videos-passed\",\n  \"value\": \"cypress/e2e/Achats/Suppliers.cy.js\"\n}",
                  "code": "cy.Post_API_With_Body('purchases/companies/' + Company + '/suppliers', tt, dt1['code400_Malformed']).then(Response => {\n  cy.log(JSON.stringify(Response.body));\n  expect(Response.status).to.eq(400);\n});",
                  "err": {},
                  "uuid": "3b959c3b-d18c-40df-ab0b-5a0c43c1e8c4",
                  "parentUUID": "30616483-4150-4378-b41e-d46356d13f8e",
                  "isHook": false,
                  "skipped": false
                }
              ],
              "suites": [],
              "passes": [
                "9739fa09-0140-4278-b7ee-1535f5a76a82",
                "d9281579-0892-4197-bfc8-7876b27d726c",
                "0a7a0b36-1a0f-4361-889c-fa14b755e492",
                "6ed7e221-9f21-423a-8723-1823e44b5db5",
                "cdc6cdc4-e1b9-4b53-b309-b8500fdc7c0c",
                "332da2ed-6bd6-4742-adfa-2916f3a68995",
                "cef9149e-9c6b-4360-afa6-14cc4215add3",
                "5c9caeed-b181-44f7-acd2-54ce3e3ee713",
                "3b959c3b-d18c-40df-ab0b-5a0c43c1e8c4"
              ],
              "failures": [],
              "pending": [],
              "skipped": [],
              "duration": 5269,
              "root": false,
              "rootEmpty": false,
              "_timeout": 2000
            }
          ],
          "passes": [
            "0dd4f9a1-f096-426b-8b71-4068fbef3c49",
            "086659d3-e46b-4aa6-b0cd-1e915e0b3168",
            "000b1d1f-945d-4cc2-bec2-7ad6aafd6b24",
            "a3f6549f-b976-42cc-84b3-cf3788201630",
            "7fc7946c-ae3d-4424-b0ce-ee6cdcd0256b"
          ],
          "failures": [],
          "pending": [],
          "skipped": [],
          "duration": 5376,
          "root": false,
          "rootEmpty": false,
          "_timeout": 2000
        },
        {
          "uuid": "59af51fc-743a-4843-af80-663c77e964a8",
          "title": "Supplier Notes",
          "fullFile": "",
          "file": "",
          "beforeHooks": [],
          "afterHooks": [],
          "tests": [
            {
              "title": "Get Supplier Families List Notes",
              "fullTitle": "Supplier Notes Get Supplier Families List Notes",
              "timedOut": null,
              "duration": 2322,
              "state": "passed",
              "speed": "fast",
              "pass": true,
              "fail": false,
              "pending": false,
              "context": "[\n  {\n    \"title\": \"cypress-mochawesome-reporter-videos-passed\",\n    \"value\": \"cypress/e2e/Achats/Suppliers.cy.js\"\n  },\n  \"Test get Supplier Family\"\n]",
              "code": "cy.GET_API('purchases/companies/' + Company + '/suppliers/' + ID_TESTE + '/notes', tt).then(Response => {\n  var d = JSON.stringify(Response.body);\n  cy.log(JSON.stringify(d));\n  expect(Response.status).to.eq(200);\n  cy.addContext(\"Test get Supplier Family\");\n});\nit('Post Supplier Families List Notes 201', () => {\n  cy.Post_API_With_Body('purchases/companies/' + Company + '/suppliers/' + ID_TESTE + '/notes', tt, dt1['code201_notes']).then(Response => {\n    var d = JSON.stringify(Response.body);\n    cy.log(JSON.stringify(d));\n    expect(Response.status).to.eq(201);\n    cy.addContext(\"Test get Supplier Family\");\n  });\n});",
              "err": {},
              "uuid": "bd7c04ef-284b-4d24-8488-62a030aa7beb",
              "parentUUID": "59af51fc-743a-4843-af80-663c77e964a8",
              "isHook": false,
              "skipped": false
            }
          ],
          "suites": [
            {
              "uuid": "a2482471-f2cf-4529-a935-f6c522c33bb2",
              "title": "OCR",
              "fullFile": "",
              "file": "",
              "beforeHooks": [],
              "afterHooks": [],
              "tests": [
                {
                  "title": "Get documents references list 404",
                  "fullTitle": "Supplier Notes OCR Get documents references list 404",
                  "timedOut": null,
                  "duration": 4373,
                  "state": "passed",
                  "speed": "fast",
                  "pass": true,
                  "fail": false,
                  "pending": false,
                  "context": "[\n  {\n    \"title\": \"cypress-mochawesome-reporter-videos-passed\",\n    \"value\": \"cypress/e2e/Achats/Suppliers.cy.js\"\n  },\n  \"Test get Supplier Family\"\n]",
                  "code": "cy.GET_API('ocr/documents-references', tt).then(Response => {\n  var d = JSON.stringify(Response.body);\n  cy.log(JSON.stringify(d));\n  expect(Response.status).to.eq(401);\n  cy.addContext(\"Test get Supplier Family\");\n});",
                  "err": {},
                  "uuid": "a1d5eadb-7c13-4cd6-89da-f9c1d05bca90",
                  "parentUUID": "a2482471-f2cf-4529-a935-f6c522c33bb2",
                  "isHook": false,
                  "skipped": false
                }
              ],
              "suites": [],
              "passes": [
                "a1d5eadb-7c13-4cd6-89da-f9c1d05bca90"
              ],
              "failures": [],
              "pending": [],
              "skipped": [],
              "duration": 4373,
              "root": false,
              "rootEmpty": false,
              "_timeout": 2000
            }
          ],
          "passes": [
            "bd7c04ef-284b-4d24-8488-62a030aa7beb"
          ],
          "failures": [],
          "pending": [],
          "skipped": [],
          "duration": 2322,
          "root": false,
          "rootEmpty": false,
          "_timeout": 2000
        }
      ],
      "passes": [],
      "failures": [],
      "pending": [],
      "skipped": [],
      "duration": 0,
      "root": true,
      "rootEmpty": true,
      "_timeout": 2000
    }
  ],
  "meta": {
    "mocha": {
      "version": "7.0.1"
    },
    "mochawesome": {
      "options": {
        "quiet": false,
        "reportFilename": "mochawesome",
        "saveHtml": false,
        "saveJson": true,
        "consoleReporter": "spec",
        "useInlineDiffs": false,
        "code": true
      },
      "version": "7.1.3"
    },
    "marge": {
      "options": {
        "charts": true,
        "reportPageTitle": "Fiducial API Test",
        "embeddedScreenshots": true,
        "inlineAssets": true,
        "saveAllAttempts": false,
        "overwrite": false,
        "html": false,
        "json": true,
        "reportDir": "cypress/reports/html/.jsons"
      },
      "version": "6.2.0"
    }
  }
}