{
  "stats": {
    "suites": 1,
    "tests": 5,
    "passes": 5,
    "pending": 0,
    "failures": 0,
    "start": "2023-08-02T12:44:48.573Z",
    "end": "2023-08-02T12:44:56.218Z",
    "duration": 7645,
    "testsRegistered": 5,
    "passPercent": 100,
    "pendingPercent": 0,
    "other": 0,
    "hasOther": false,
    "skipped": 0,
    "hasSkipped": false
  },
  "results": [
    {
      "uuid": "59e6bbd9-8a24-49e9-8b5a-ca68f5560d8a",
      "title": "",
      "fullFile": "cypress/e2e/Achats/Validations.cy.js",
      "file": "cypress/e2e/Achats/Validations.cy.js",
      "beforeHooks": [],
      "afterHooks": [],
      "tests": [],
      "suites": [
        {
          "uuid": "4a48ee20-4a73-4ed2-8793-4647a8b6811a",
          "title": "Validations",
          "fullFile": "",
          "file": "",
          "beforeHooks": [],
          "afterHooks": [],
          "tests": [
            {
              "title": "Invoices Validations Summary",
              "fullTitle": "Validations Invoices Validations Summary",
              "timedOut": null,
              "duration": 2893,
              "state": "passed",
              "speed": "fast",
              "pass": true,
              "fail": false,
              "pending": false,
              "context": "{\n  \"title\": \"cypress-mochawesome-reporter-videos-passed\",\n  \"value\": \"cypress/e2e/Achats/Validations.cy.js\"\n}",
              "code": "cy.GET_API('purchases/companies/' + Company + '/invoices-validations/summary', tt).then(Response => {\n  expect(Response.status).to.eq(200);\n  //var d =(JSON.stringify(Response.body))\n  //var d = ((Response.body.items))\n  cy.log(JSON.stringify(Response.body));\n});",
              "err": {},
              "uuid": "4a59b2ce-5349-4932-9ee5-ce0e706d41cb",
              "parentUUID": "4a48ee20-4a73-4ed2-8793-4647a8b6811a",
              "isHook": false,
              "skipped": false
            },
            {
              "title": "Get a list of invoices validations",
              "fullTitle": "Validations Get a list of invoices validations",
              "timedOut": null,
              "duration": 588,
              "state": "passed",
              "speed": "fast",
              "pass": true,
              "fail": false,
              "pending": false,
              "context": "{\n  \"title\": \"cypress-mochawesome-reporter-videos-passed\",\n  \"value\": \"cypress/e2e/Achats/Validations.cy.js\"\n}",
              "code": "cy.GET_API('purchases/companies/' + Company + '/invoices-validations', tt).then(Response => {\n  expect(Response.status).to.eq(200);\n  cy.log(JSON.stringify(Response.body));\n});",
              "err": {},
              "uuid": "6b2d3e12-53ce-4dd2-a026-a6703017509b",
              "parentUUID": "4a48ee20-4a73-4ed2-8793-4647a8b6811a",
              "isHook": false,
              "skipped": false
            },
            {
              "title": "Export validations Excel",
              "fullTitle": "Validations Export validations Excel",
              "timedOut": null,
              "duration": 1336,
              "state": "passed",
              "speed": "fast",
              "pass": true,
              "fail": false,
              "pending": false,
              "context": "{\n  \"title\": \"cypress-mochawesome-reporter-videos-passed\",\n  \"value\": \"cypress/e2e/Achats/Validations.cy.js\"\n}",
              "code": "cy.GET_API('purchases/companies/' + Company + '/invoices-validations/export?page=0&size=30&sort=number,asc&companyId=' + Company + '&exportFile%5Btype%5D=EXCEL', tt).then(Response => {\n  expect(Response.status).to.eq(200);\n  //var d =(JSON.stringify(Response.body))\n  cy.log(JSON.stringify(Response.body));\n});",
              "err": {},
              "uuid": "e5598d52-d44e-4015-8a40-9e8ace201bbc",
              "parentUUID": "4a48ee20-4a73-4ed2-8793-4647a8b6811a",
              "isHook": false,
              "skipped": false
            },
            {
              "title": "Export validations CSV COMMA",
              "fullTitle": "Validations Export validations CSV COMMA",
              "timedOut": null,
              "duration": 1220,
              "state": "passed",
              "speed": "fast",
              "pass": true,
              "fail": false,
              "pending": false,
              "context": "{\n  \"title\": \"cypress-mochawesome-reporter-videos-passed\",\n  \"value\": \"cypress/e2e/Achats/Validations.cy.js\"\n}",
              "code": "cy.GET_API('purchases/companies/' + Company + '/invoices-validations/export?page=0&size=30&sort=number,asc&companyId=' + Company + '&exportFile%5Btype%5D=CSV&exportFile%5Bseparator%5D=COMMA', tt).then(Response => {\n  expect(Response.status).to.eq(200);\n  //var d =(JSON.stringify(Response.body))\n  cy.log(JSON.stringify(Response.body));\n});",
              "err": {},
              "uuid": "4aecdc53-1ad2-4eed-bdd3-c61224826a07",
              "parentUUID": "4a48ee20-4a73-4ed2-8793-4647a8b6811a",
              "isHook": false,
              "skipped": false
            },
            {
              "title": "Export validations CSV SEMICOLON",
              "fullTitle": "Validations Export validations CSV SEMICOLON",
              "timedOut": null,
              "duration": 1193,
              "state": "passed",
              "speed": "fast",
              "pass": true,
              "fail": false,
              "pending": false,
              "context": "{\n  \"title\": \"cypress-mochawesome-reporter-videos-passed\",\n  \"value\": \"cypress/e2e/Achats/Validations.cy.js\"\n}",
              "code": "cy.GET_API('purchases/companies/' + Company + '/invoices-validations/export?page=0&size=30&sort=number,asc&companyId=' + Company + '&exportFile%5Btype%5D=CSV&exportFile%5Bseparator%5D=SEMICOLON', tt).then(Response => {\n  expect(Response.status).to.eq(200);\n  //var d =(JSON.stringify(Response.body))\n  cy.log(JSON.stringify(Response.body));\n});",
              "err": {},
              "uuid": "fb26dc4c-1470-4369-8b83-32e79e53878a",
              "parentUUID": "4a48ee20-4a73-4ed2-8793-4647a8b6811a",
              "isHook": false,
              "skipped": false
            }
          ],
          "suites": [],
          "passes": [
            "4a59b2ce-5349-4932-9ee5-ce0e706d41cb",
            "6b2d3e12-53ce-4dd2-a026-a6703017509b",
            "e5598d52-d44e-4015-8a40-9e8ace201bbc",
            "4aecdc53-1ad2-4eed-bdd3-c61224826a07",
            "fb26dc4c-1470-4369-8b83-32e79e53878a"
          ],
          "failures": [],
          "pending": [],
          "skipped": [],
          "duration": 7230,
          "root": false,
          "rootEmpty": false,
          "_timeout": 2000
        }
      ],
      "passes": [],
      "failures": [],
      "pending": [],
      "skipped": [],
      "duration": 0,
      "root": true,
      "rootEmpty": true,
      "_timeout": 2000
    }
  ],
  "meta": {
    "mocha": {
      "version": "7.0.1"
    },
    "mochawesome": {
      "options": {
        "quiet": false,
        "reportFilename": "mochawesome",
        "saveHtml": false,
        "saveJson": true,
        "consoleReporter": "spec",
        "useInlineDiffs": false,
        "code": true
      },
      "version": "7.1.3"
    },
    "marge": {
      "options": {
        "charts": true,
        "reportPageTitle": "Fiducial API Test",
        "embeddedScreenshots": true,
        "inlineAssets": true,
        "saveAllAttempts": false,
        "overwrite": false,
        "html": false,
        "json": true,
        "reportDir": "cypress/reports/html/.jsons"
      },
      "version": "6.2.0"
    }
  }
}