{
  "stats": {
    "suites": 1,
    "tests": 1,
    "passes": 0,
    "pending": 0,
    "failures": 1,
    "start": "2023-08-16T14:21:16.558Z",
    "end": "2023-08-16T14:21:19.037Z",
    "duration": 2479,
    "testsRegistered": 1,
    "passPercent": 0,
    "pendingPercent": 0,
    "other": 0,
    "hasOther": false,
    "skipped": 0,
    "hasSkipped": false
  },
  "results": [
    {
      "uuid": "0a484482-a3fa-45c7-9bb3-ce93c8c04ec9",
      "title": "",
      "fullFile": "cypress/e2e/Achats/PurchasesPayment.cy.js",
      "file": "cypress/e2e/Achats/PurchasesPayment.cy.js",
      "beforeHooks": [],
      "afterHooks": [],
      "tests": [],
      "suites": [
        {
          "uuid": "8cae0777-d900-413e-a37e-e7306f1f1b0c",
          "title": "Purchases Payment",
          "fullFile": "",
          "file": "",
          "beforeHooks": [],
          "afterHooks": [],
          "tests": [
            {
              "title": "Get a list of payments",
              "fullTitle": "Purchases Payment Get a list of payments",
              "timedOut": null,
              "duration": 2409,
              "state": "failed",
              "speed": null,
              "pass": false,
              "fail": true,
              "pending": false,
              "context": "[\n  {\n    \"title\": \"cypress-mochawesome-reporter-videos-failed\",\n    \"value\": \"cypress/e2e/Achats/PurchasesPayment.cy.js\"\n  },\n  {\n    \"title\": \"cypress-mochawesome-reporter-screenshots\",\n    \"value\": [\n      [\n        \"/Achats/PurchasesPayment.cy.js/Purchases Payment -- Get a list of payments (failed).png\"\n      ]\n    ]\n  }\n]",
              "code": "cy.GET_API('purchases/companies/' + Company + '/payments', tt).then(Response => {\n  expect(Response.status).to.eq(200);\n  cy.log(Response.body);\n});",
              "err": {
                "message": "AssertionError: expected 500 to equal 200",
                "estack": "AssertionError: expected 500 to equal 200\n    at Context.eval (webpack:///./cypress/e2e/Achats/PurchasesPayment.cy.js:39:35)",
                "diff": "- 500\n+ 200\n"
              },
              "uuid": "3e3933fa-bdcd-4073-9ea2-3ec6993da3fa",
              "parentUUID": "8cae0777-d900-413e-a37e-e7306f1f1b0c",
              "isHook": false,
              "skipped": false
            }
          ],
          "suites": [],
          "passes": [],
          "failures": [
            "3e3933fa-bdcd-4073-9ea2-3ec6993da3fa"
          ],
          "pending": [],
          "skipped": [],
          "duration": 2409,
          "root": false,
          "rootEmpty": false,
          "_timeout": 2000
        }
      ],
      "passes": [],
      "failures": [],
      "pending": [],
      "skipped": [],
      "duration": 0,
      "root": true,
      "rootEmpty": true,
      "_timeout": 2000
    }
  ],
  "meta": {
    "mocha": {
      "version": "7.0.1"
    },
    "mochawesome": {
      "options": {
        "quiet": false,
        "reportFilename": "mochawesome",
        "saveHtml": false,
        "saveJson": true,
        "consoleReporter": "spec",
        "useInlineDiffs": false,
        "code": true
      },
      "version": "7.1.3"
    },
    "marge": {
      "options": {
        "charts": true,
        "reportPageTitle": "Fiducial API Test",
        "embeddedScreenshots": true,
        "inlineAssets": true,
        "saveAllAttempts": false,
        "overwrite": false,
        "html": false,
        "json": true,
        "reportDir": "cypress/reports/html/.jsons"
      },
      "version": "6.2.0"
    }
  }
}