{
  "stats": {
    "suites": 1,
    "tests": 5,
    "passes": 5,
    "pending": 0,
    "failures": 0,
    "start": "2023-08-16T14:22:15.173Z",
    "end": "2023-08-16T14:22:20.831Z",
    "duration": 5658,
    "testsRegistered": 5,
    "passPercent": 100,
    "pendingPercent": 0,
    "other": 0,
    "hasOther": false,
    "skipped": 0,
    "hasSkipped": false
  },
  "results": [
    {
      "uuid": "cfac279d-96de-4feb-9d09-d32aba76f7b4",
      "title": "",
      "fullFile": "cypress/e2e/Achats/Validations.cy.js",
      "file": "cypress/e2e/Achats/Validations.cy.js",
      "beforeHooks": [],
      "afterHooks": [],
      "tests": [],
      "suites": [
        {
          "uuid": "3370272f-fb07-44cf-9348-c3da5b04e172",
          "title": "Validations",
          "fullFile": "",
          "file": "",
          "beforeHooks": [],
          "afterHooks": [],
          "tests": [
            {
              "title": "Invoices Validations Summary",
              "fullTitle": "Validations Invoices Validations Summary",
              "timedOut": null,
              "duration": 2210,
              "state": "passed",
              "speed": "fast",
              "pass": true,
              "fail": false,
              "pending": false,
              "context": "{\n  \"title\": \"cypress-mochawesome-reporter-videos-passed\",\n  \"value\": \"cypress/e2e/Achats/Validations.cy.js\"\n}",
              "code": "cy.GET_API('purchases/companies/' + Company + '/invoices-validations/summary', tt).then(Response => {\n  expect(Response.status).to.eq(200);\n  //var d =(JSON.stringify(Response.body))\n  //var d = ((Response.body.items))\n  cy.log(JSON.stringify(Response.body));\n});",
              "err": {},
              "uuid": "ac2eed0c-04be-428b-9e7f-8bdc5d067c05",
              "parentUUID": "3370272f-fb07-44cf-9348-c3da5b04e172",
              "isHook": false,
              "skipped": false
            },
            {
              "title": "Get a list of invoices validations",
              "fullTitle": "Validations Get a list of invoices validations",
              "timedOut": null,
              "duration": 431,
              "state": "passed",
              "speed": "fast",
              "pass": true,
              "fail": false,
              "pending": false,
              "context": "{\n  \"title\": \"cypress-mochawesome-reporter-videos-passed\",\n  \"value\": \"cypress/e2e/Achats/Validations.cy.js\"\n}",
              "code": "cy.GET_API('purchases/companies/' + Company + '/invoices-validations', tt).then(Response => {\n  expect(Response.status).to.eq(200);\n  cy.log(JSON.stringify(Response.body));\n});",
              "err": {},
              "uuid": "a87bb716-25a5-46ab-858f-4f411238cc40",
              "parentUUID": "3370272f-fb07-44cf-9348-c3da5b04e172",
              "isHook": false,
              "skipped": false
            },
            {
              "title": "Export validations Excel",
              "fullTitle": "Validations Export validations Excel",
              "timedOut": null,
              "duration": 1024,
              "state": "passed",
              "speed": "fast",
              "pass": true,
              "fail": false,
              "pending": false,
              "context": "{\n  \"title\": \"cypress-mochawesome-reporter-videos-passed\",\n  \"value\": \"cypress/e2e/Achats/Validations.cy.js\"\n}",
              "code": "cy.GET_API('purchases/companies/' + Company + '/invoices-validations/export?page=0&size=30&sort=number,asc&companyId=' + Company + '&exportFile%5Btype%5D=EXCEL', tt).then(Response => {\n  expect(Response.status).to.eq(200);\n  //var d =(JSON.stringify(Response.body))\n  cy.log(JSON.stringify(Response.body));\n});",
              "err": {},
              "uuid": "89493079-14af-44ac-b60f-92f189e1e367",
              "parentUUID": "3370272f-fb07-44cf-9348-c3da5b04e172",
              "isHook": false,
              "skipped": false
            },
            {
              "title": "Export validations CSV COMMA",
              "fullTitle": "Validations Export validations CSV COMMA",
              "timedOut": null,
              "duration": 897,
              "state": "passed",
              "speed": "fast",
              "pass": true,
              "fail": false,
              "pending": false,
              "context": "{\n  \"title\": \"cypress-mochawesome-reporter-videos-passed\",\n  \"value\": \"cypress/e2e/Achats/Validations.cy.js\"\n}",
              "code": "cy.GET_API('purchases/companies/' + Company + '/invoices-validations/export?page=0&size=30&sort=number,asc&companyId=' + Company + '&exportFile%5Btype%5D=CSV&exportFile%5Bseparator%5D=COMMA', tt).then(Response => {\n  expect(Response.status).to.eq(200);\n  //var d =(JSON.stringify(Response.body))\n  cy.log(JSON.stringify(Response.body));\n});",
              "err": {},
              "uuid": "8da427d5-85d6-4e83-81f9-1455991d04c5",
              "parentUUID": "3370272f-fb07-44cf-9348-c3da5b04e172",
              "isHook": false,
              "skipped": false
            },
            {
              "title": "Export validations CSV SEMICOLON",
              "fullTitle": "Validations Export validations CSV SEMICOLON",
              "timedOut": null,
              "duration": 916,
              "state": "passed",
              "speed": "fast",
              "pass": true,
              "fail": false,
              "pending": false,
              "context": "{\n  \"title\": \"cypress-mochawesome-reporter-videos-passed\",\n  \"value\": \"cypress/e2e/Achats/Validations.cy.js\"\n}",
              "code": "cy.GET_API('purchases/companies/' + Company + '/invoices-validations/export?page=0&size=30&sort=number,asc&companyId=' + Company + '&exportFile%5Btype%5D=CSV&exportFile%5Bseparator%5D=SEMICOLON', tt).then(Response => {\n  expect(Response.status).to.eq(200);\n  //var d =(JSON.stringify(Response.body))\n  cy.log(JSON.stringify(Response.body));\n});",
              "err": {},
              "uuid": "6db0940f-b15e-4a3d-bcb2-6b1787236755",
              "parentUUID": "3370272f-fb07-44cf-9348-c3da5b04e172",
              "isHook": false,
              "skipped": false
            }
          ],
          "suites": [],
          "passes": [
            "ac2eed0c-04be-428b-9e7f-8bdc5d067c05",
            "a87bb716-25a5-46ab-858f-4f411238cc40",
            "89493079-14af-44ac-b60f-92f189e1e367",
            "8da427d5-85d6-4e83-81f9-1455991d04c5",
            "6db0940f-b15e-4a3d-bcb2-6b1787236755"
          ],
          "failures": [],
          "pending": [],
          "skipped": [],
          "duration": 5478,
          "root": false,
          "rootEmpty": false,
          "_timeout": 2000
        }
      ],
      "passes": [],
      "failures": [],
      "pending": [],
      "skipped": [],
      "duration": 0,
      "root": true,
      "rootEmpty": true,
      "_timeout": 2000
    }
  ],
  "meta": {
    "mocha": {
      "version": "7.0.1"
    },
    "mochawesome": {
      "options": {
        "quiet": false,
        "reportFilename": "mochawesome",
        "saveHtml": false,
        "saveJson": true,
        "consoleReporter": "spec",
        "useInlineDiffs": false,
        "code": true
      },
      "version": "7.1.3"
    },
    "marge": {
      "options": {
        "charts": true,
        "reportPageTitle": "Fiducial API Test",
        "embeddedScreenshots": true,
        "inlineAssets": true,
        "saveAllAttempts": false,
        "overwrite": false,
        "html": false,
        "json": true,
        "reportDir": "cypress/reports/html/.jsons"
      },
      "version": "6.2.0"
    }
  }
}