{
  "stats": {
    "suites": 4,
    "tests": 16,
    "passes": 16,
    "pending": 0,
    "failures": 0,
    "start": "2023-08-02T12:44:14.128Z",
    "end": "2023-08-02T12:44:36.123Z",
    "duration": 21995,
    "testsRegistered": 16,
    "passPercent": 100,
    "pendingPercent": 0,
    "other": 0,
    "hasOther": false,
    "skipped": 0,
    "hasSkipped": false
  },
  "results": [
    {
      "uuid": "8880248c-f0df-4537-9ab8-b7f97e116b9e",
      "title": "",
      "fullFile": "cypress/e2e/Achats/Suppliers.cy.js",
      "file": "cypress/e2e/Achats/Suppliers.cy.js",
      "beforeHooks": [],
      "afterHooks": [],
      "tests": [],
      "suites": [
        {
          "uuid": "27b7d447-4a18-40ac-b9c6-508e826dd9c3",
          "title": "Suppliers",
          "fullFile": "",
          "file": "",
          "beforeHooks": [],
          "afterHooks": [],
          "tests": [
            {
              "title": "Get Suppliers ",
              "fullTitle": "Suppliers Get Suppliers ",
              "timedOut": null,
              "duration": 2638,
              "state": "passed",
              "speed": "fast",
              "pass": true,
              "fail": false,
              "pending": false,
              "context": "[\n  {\n    \"title\": \"cypress-mochawesome-reporter-videos-passed\",\n    \"value\": \"cypress/e2e/Achats/Suppliers.cy.js\"\n  },\n  \"Test get Suppliers\"\n]",
              "code": "cy.GET_API('purchases/companies/' + Company + '/suppliers/', tt).then(Response => {\n  expect(Response.status).to.eq(200);\n  //var d =(JSON.stringify(Response.body))\n  var d = Response.body.items;\n  for (var index in d) {\n    id_suppliers = d[index].id;\n    //cy.log(d[index].id)\n  }\n  cy.addContext(\"Test get Suppliers\");\n});",
              "err": {},
              "uuid": "9a3ec2bb-7475-4fb4-bd14-edeb6c4c02c7",
              "parentUUID": "27b7d447-4a18-40ac-b9c6-508e826dd9c3",
              "isHook": false,
              "skipped": false
            },
            {
              "title": "Get Export a Supplier ",
              "fullTitle": "Suppliers Get Export a Supplier ",
              "timedOut": null,
              "duration": 458,
              "state": "passed",
              "speed": "fast",
              "pass": true,
              "fail": false,
              "pending": false,
              "context": "[\n  {\n    \"title\": \"cypress-mochawesome-reporter-videos-passed\",\n    \"value\": \"cypress/e2e/Achats/Suppliers.cy.js\"\n  },\n  \"Test get Supplier export\"\n]",
              "code": "cy.GET_API('companies/' + Company + '/suppliers/export', tt).then(Response => {\n  var d = JSON.stringify(Response.body);\n  cy.log(d);\n  expect(Response.status).to.eq(404);\n  cy.addContext(\"Test get Supplier export\");\n});",
              "err": {},
              "uuid": "2bc6e2a3-bff4-41e0-9b81-0c2910599907",
              "parentUUID": "27b7d447-4a18-40ac-b9c6-508e826dd9c3",
              "isHook": false,
              "skipped": false
            },
            {
              "title": "Post Supplier 201",
              "fullTitle": "Suppliers Post Supplier 201",
              "timedOut": null,
              "duration": 1226,
              "state": "passed",
              "speed": "fast",
              "pass": true,
              "fail": false,
              "pending": false,
              "context": "{\n  \"title\": \"cypress-mochawesome-reporter-videos-passed\",\n  \"value\": \"cypress/e2e/Achats/Suppliers.cy.js\"\n}",
              "code": "cy.Post_API_With_Body('purchases/companies/' + Company + '/suppliers', tt, dt1['code201']).then(Response => {\n  expect(Response.status).to.eq(201);\n  cy.log(JSON.stringify(Response.body));\n  id_delete = Response.body[\"id\"];\n});",
              "err": {},
              "uuid": "84790c16-78e7-47a1-8753-d53de6ac7c83",
              "parentUUID": "27b7d447-4a18-40ac-b9c6-508e826dd9c3",
              "isHook": false,
              "skipped": false
            },
            {
              "title": "Get a Supplier List",
              "fullTitle": "Suppliers Get a Supplier List",
              "timedOut": null,
              "duration": 1210,
              "state": "passed",
              "speed": "fast",
              "pass": true,
              "fail": false,
              "pending": false,
              "context": "[\n  {\n    \"title\": \"cypress-mochawesome-reporter-videos-passed\",\n    \"value\": \"cypress/e2e/Achats/Suppliers.cy.js\"\n  },\n  \"Test get Suppliers29\"\n]",
              "code": "cy.GET_API('purchases/companies/' + Company + '/suppliers/' + id_delete, tt).then(Response => {\n  var d = JSON.stringify(Response.body);\n  cy.log(JSON.stringify(d));\n  expect(Response.status).to.eq(200);\n  cy.addContext(\"Test get Suppliers\" + id_suppliers);\n});",
              "err": {},
              "uuid": "55189efc-c4f4-45b8-8d9d-2bd31dc8be03",
              "parentUUID": "27b7d447-4a18-40ac-b9c6-508e826dd9c3",
              "isHook": false,
              "skipped": false
            },
            {
              "title": "Delete Supplier 201",
              "fullTitle": "Suppliers Delete Supplier 201",
              "timedOut": null,
              "duration": 1301,
              "state": "passed",
              "speed": "fast",
              "pass": true,
              "fail": false,
              "pending": false,
              "context": "{\n  \"title\": \"cypress-mochawesome-reporter-videos-passed\",\n  \"value\": \"cypress/e2e/Achats/Suppliers.cy.js\"\n}",
              "code": "cy.DELETE_API('purchases/companies/' + Company + '/suppliers/' + id_delete, tt).then(Response => {\n  expect(Response.status).to.eq(204);\n  cy.log(JSON.stringify(Response.body));\n  id_delete = Response.body[\"id\"];\n});",
              "err": {},
              "uuid": "4d7ea750-dea4-4ab5-9552-d0148f20e099",
              "parentUUID": "27b7d447-4a18-40ac-b9c6-508e826dd9c3",
              "isHook": false,
              "skipped": false
            }
          ],
          "suites": [
            {
              "uuid": "8820cc49-e017-4f0a-b6a9-715f86a54364",
              "title": "Rules",
              "fullFile": "",
              "file": "",
              "beforeHooks": [],
              "afterHooks": [],
              "tests": [
                {
                  "title": "Post Supplier 400 France",
                  "fullTitle": "Suppliers Rules Post Supplier 400 France",
                  "timedOut": null,
                  "duration": 427,
                  "state": "passed",
                  "speed": "fast",
                  "pass": true,
                  "fail": false,
                  "pending": false,
                  "context": "{\n  \"title\": \"cypress-mochawesome-reporter-videos-passed\",\n  \"value\": \"cypress/e2e/Achats/Suppliers.cy.js\"\n}",
                  "code": "cy.Post_API_With_Body('purchases/companies/' + Company + '/suppliers', tt, dt1['code201_France_Not_Siret']).then(Response => {\n  cy.log(JSON.stringify(Response.body));\n  expect(Response.status).to.eq(400);\n  //id_suppliers_france = ((Response.body[\"id\"]))\n});",
                  "err": {},
                  "uuid": "59167ef6-7a07-4915-9693-828cb6429e62",
                  "parentUUID": "8820cc49-e017-4f0a-b6a9-715f86a54364",
                  "isHook": false,
                  "skipped": false
                },
                {
                  "title": "Post Supplier 201 France",
                  "fullTitle": "Suppliers Rules Post Supplier 201 France",
                  "timedOut": null,
                  "duration": 1217,
                  "state": "passed",
                  "speed": "fast",
                  "pass": true,
                  "fail": false,
                  "pending": false,
                  "context": "{\n  \"title\": \"cypress-mochawesome-reporter-videos-passed\",\n  \"value\": \"cypress/e2e/Achats/Suppliers.cy.js\"\n}",
                  "code": "cy.Post_API_With_Body('purchases/companies/' + Company + '/suppliers', tt, dt1['code201_France']).then(Response => {\n  cy.log(JSON.stringify(Response.body));\n  expect(Response.status).to.eq(201);\n  id_suppliers_france = Response.body[\"id\"];\n});",
                  "err": {},
                  "uuid": "26f11e64-cf03-4848-bdcd-955353c50fe1",
                  "parentUUID": "8820cc49-e017-4f0a-b6a9-715f86a54364",
                  "isHook": false,
                  "skipped": false
                },
                {
                  "title": "Get data about the siret",
                  "fullTitle": "Suppliers Rules Get data about the siret",
                  "timedOut": null,
                  "duration": 491,
                  "state": "passed",
                  "speed": "fast",
                  "pass": true,
                  "fail": false,
                  "pending": false,
                  "context": "{\n  \"title\": \"cypress-mochawesome-reporter-videos-passed\",\n  \"value\": \"cypress/e2e/Achats/Suppliers.cy.js\"\n}",
                  "code": "cy.GET_API('purchases/siret-database/31761525000014', tt).then(Response => {\n  expect(Response.status).to.eq(400);\n  //var d =(JSON.stringify(Response.body))\n  cy.log(Response.body);\n});",
                  "err": {},
                  "uuid": "91cebb98-53be-4235-9278-440ade18aa76",
                  "parentUUID": "8820cc49-e017-4f0a-b6a9-715f86a54364",
                  "isHook": false,
                  "skipped": false
                },
                {
                  "title": "Post Supplier 201 With contacts",
                  "fullTitle": "Suppliers Rules Post Supplier 201 With contacts",
                  "timedOut": null,
                  "duration": 1369,
                  "state": "passed",
                  "speed": "fast",
                  "pass": true,
                  "fail": false,
                  "pending": false,
                  "context": "{\n  \"title\": \"cypress-mochawesome-reporter-videos-passed\",\n  \"value\": \"cypress/e2e/Achats/Suppliers.cy.js\"\n}",
                  "code": "cy.Post_API_With_Body('purchases/companies/' + Company + '/suppliers', tt, dt1['Code201SuppliersComplete']).then(Response => {\n  cy.log(JSON.stringify(Response.body));\n  expect(Response.status).to.eq(201);\n  id_suppliers_contacts = Response.body[\"id\"];\n});",
                  "err": {},
                  "uuid": "27eb5d9f-6242-4ecc-9c05-b47c20cd5f32",
                  "parentUUID": "8820cc49-e017-4f0a-b6a9-715f86a54364",
                  "isHook": false,
                  "skipped": false
                },
                {
                  "title": "Post Supplier 201 With paymentInfo",
                  "fullTitle": "Suppliers Rules Post Supplier 201 With paymentInfo",
                  "timedOut": null,
                  "duration": 1606,
                  "state": "passed",
                  "speed": "fast",
                  "pass": true,
                  "fail": false,
                  "pending": false,
                  "context": "{\n  \"title\": \"cypress-mochawesome-reporter-videos-passed\",\n  \"value\": \"cypress/e2e/Achats/Suppliers.cy.js\"\n}",
                  "code": "cy.Post_API_With_Body('purchases/companies/' + Company + '/suppliers', tt, dt1['Code201SupplierspaymentInfo']).then(Response => {\n  cy.log(JSON.stringify(Response.body));\n  expect(Response.status).to.eq(201);\n  id_suppliers_paymentInfo = Response.body[\"id\"];\n});",
                  "err": {},
                  "uuid": "7eed9bda-f9b8-4b9f-88e4-dacbf280874c",
                  "parentUUID": "8820cc49-e017-4f0a-b6a9-715f86a54364",
                  "isHook": false,
                  "skipped": false
                },
                {
                  "title": "Post Supplier 403 Invalid Token",
                  "fullTitle": "Suppliers Rules Post Supplier 403 Invalid Token",
                  "timedOut": null,
                  "duration": 516,
                  "state": "passed",
                  "speed": "fast",
                  "pass": true,
                  "fail": false,
                  "pending": false,
                  "context": "{\n  \"title\": \"cypress-mochawesome-reporter-videos-passed\",\n  \"value\": \"cypress/e2e/Achats/Suppliers.cy.js\"\n}",
                  "code": "cy.Post_API_With_Body('purchases/companies/' + Company + '/suppliers', \"555\", dt1['code201_France']).then(Response => {\n  cy.log(JSON.stringify(Response.body));\n  expect(Response.status).to.eq(403);\n});",
                  "err": {},
                  "uuid": "ff5a5ed9-6462-4b99-9f10-424131b7b2a5",
                  "parentUUID": "8820cc49-e017-4f0a-b6a9-715f86a54364",
                  "isHook": false,
                  "skipped": false
                },
                {
                  "title": "Post Supplier 401 Not Authorized",
                  "fullTitle": "Suppliers Rules Post Supplier 401 Not Authorized",
                  "timedOut": null,
                  "duration": 447,
                  "state": "passed",
                  "speed": "fast",
                  "pass": true,
                  "fail": false,
                  "pending": false,
                  "context": "{\n  \"title\": \"cypress-mochawesome-reporter-videos-passed\",\n  \"value\": \"cypress/e2e/Achats/Suppliers.cy.js\"\n}",
                  "code": "cy.Post_API_With_Body('purchases/companies/' + Company + '/suppliers', \"Bearer eJhbGciOiJIUzUxMiJ9.eyJzdWIiOiJhZG1pbkBmaWR1Y2lhbC5jb20iLCJleHAiOjE2ODc4NjIyODAsInR5cGUiOiJGQUNJTElBIn0.eO8UAdnxQ7YvDez-F3IuCOg3jvF6mEsPbTcpxNXNchiBzA7MOhy-_zexgC4nWhV-Ysqh7KbXEjUwvCf4PexmuA\", dt1['code201_France']).then(Response => {\n  cy.log(JSON.stringify(Response.body));\n  expect(Response.status).to.eq(401);\n});",
                  "err": {},
                  "uuid": "bc2f70ce-2516-496b-ba92-1b89bfe1c49d",
                  "parentUUID": "8820cc49-e017-4f0a-b6a9-715f86a54364",
                  "isHook": false,
                  "skipped": false
                },
                {
                  "title": "Post Supplier 404 Not Found",
                  "fullTitle": "Suppliers Rules Post Supplier 404 Not Found",
                  "timedOut": null,
                  "duration": 524,
                  "state": "passed",
                  "speed": "fast",
                  "pass": true,
                  "fail": false,
                  "pending": false,
                  "context": "{\n  \"title\": \"cypress-mochawesome-reporter-videos-passed\",\n  \"value\": \"cypress/e2e/Achats/Suppliers.cy.js\"\n}",
                  "code": "cy.Post_API_With_Body('purchases/companies/' + Company + '/supplier', tt, dt1['code201_France']).then(Response => {\n  cy.log(JSON.stringify(Response.body));\n  expect(Response.status).to.eq(404);\n});",
                  "err": {},
                  "uuid": "7807be38-18de-41b8-b4b9-b41ad1543f68",
                  "parentUUID": "8820cc49-e017-4f0a-b6a9-715f86a54364",
                  "isHook": false,
                  "skipped": false
                },
                {
                  "title": "Post Supplier 400 Malformaed",
                  "fullTitle": "Suppliers Rules Post Supplier 400 Malformaed",
                  "timedOut": null,
                  "duration": 440,
                  "state": "passed",
                  "speed": "fast",
                  "pass": true,
                  "fail": false,
                  "pending": false,
                  "context": "{\n  \"title\": \"cypress-mochawesome-reporter-videos-passed\",\n  \"value\": \"cypress/e2e/Achats/Suppliers.cy.js\"\n}",
                  "code": "cy.Post_API_With_Body('purchases/companies/' + Company + '/suppliers', tt, dt1['code400_Malformed']).then(Response => {\n  cy.log(JSON.stringify(Response.body));\n  expect(Response.status).to.eq(400);\n});",
                  "err": {},
                  "uuid": "0d70e039-9e6c-405d-a876-22c0d5ea3368",
                  "parentUUID": "8820cc49-e017-4f0a-b6a9-715f86a54364",
                  "isHook": false,
                  "skipped": false
                }
              ],
              "suites": [],
              "passes": [
                "59167ef6-7a07-4915-9693-828cb6429e62",
                "26f11e64-cf03-4848-bdcd-955353c50fe1",
                "91cebb98-53be-4235-9278-440ade18aa76",
                "27eb5d9f-6242-4ecc-9c05-b47c20cd5f32",
                "7eed9bda-f9b8-4b9f-88e4-dacbf280874c",
                "ff5a5ed9-6462-4b99-9f10-424131b7b2a5",
                "bc2f70ce-2516-496b-ba92-1b89bfe1c49d",
                "7807be38-18de-41b8-b4b9-b41ad1543f68",
                "0d70e039-9e6c-405d-a876-22c0d5ea3368"
              ],
              "failures": [],
              "pending": [],
              "skipped": [],
              "duration": 7037,
              "root": false,
              "rootEmpty": false,
              "_timeout": 2000
            }
          ],
          "passes": [
            "9a3ec2bb-7475-4fb4-bd14-edeb6c4c02c7",
            "2bc6e2a3-bff4-41e0-9b81-0c2910599907",
            "84790c16-78e7-47a1-8753-d53de6ac7c83",
            "55189efc-c4f4-45b8-8d9d-2bd31dc8be03",
            "4d7ea750-dea4-4ab5-9552-d0148f20e099"
          ],
          "failures": [],
          "pending": [],
          "skipped": [],
          "duration": 6833,
          "root": false,
          "rootEmpty": false,
          "_timeout": 2000
        },
        {
          "uuid": "a9ead294-1d60-4c38-8e9f-f2555192445c",
          "title": "Supplier Notes",
          "fullFile": "",
          "file": "",
          "beforeHooks": [],
          "afterHooks": [],
          "tests": [
            {
              "title": "Get Supplier Families List Notes",
              "fullTitle": "Supplier Notes Get Supplier Families List Notes",
              "timedOut": null,
              "duration": 2705,
              "state": "passed",
              "speed": "fast",
              "pass": true,
              "fail": false,
              "pending": false,
              "context": "[\n  {\n    \"title\": \"cypress-mochawesome-reporter-videos-passed\",\n    \"value\": \"cypress/e2e/Achats/Suppliers.cy.js\"\n  },\n  \"Test get Supplier Family\"\n]",
              "code": "cy.GET_API('purchases/companies/' + Company + '/suppliers/' + ID_TESTE + '/notes', tt).then(Response => {\n  var d = JSON.stringify(Response.body);\n  cy.log(JSON.stringify(d));\n  expect(Response.status).to.eq(200);\n  cy.addContext(\"Test get Supplier Family\");\n});\nit('Post Supplier Families List Notes 201', () => {\n  cy.Post_API_With_Body('purchases/companies/' + Company + '/suppliers/' + ID_TESTE + '/notes', tt, dt1['code201_notes']).then(Response => {\n    var d = JSON.stringify(Response.body);\n    cy.log(JSON.stringify(d));\n    expect(Response.status).to.eq(201);\n    cy.addContext(\"Test get Supplier Family\");\n  });\n});",
              "err": {},
              "uuid": "795f554f-40f3-4d06-9139-19f64b2939bb",
              "parentUUID": "a9ead294-1d60-4c38-8e9f-f2555192445c",
              "isHook": false,
              "skipped": false
            }
          ],
          "suites": [
            {
              "uuid": "56c3e8ba-6334-4c57-bf09-57db3c61caaf",
              "title": "OCR",
              "fullFile": "",
              "file": "",
              "beforeHooks": [],
              "afterHooks": [],
              "tests": [
                {
                  "title": "Get documents references list 404",
                  "fullTitle": "Supplier Notes OCR Get documents references list 404",
                  "timedOut": null,
                  "duration": 4879,
                  "state": "passed",
                  "speed": "fast",
                  "pass": true,
                  "fail": false,
                  "pending": false,
                  "context": "[\n  {\n    \"title\": \"cypress-mochawesome-reporter-videos-passed\",\n    \"value\": \"cypress/e2e/Achats/Suppliers.cy.js\"\n  },\n  \"Test get Supplier Family\"\n]",
                  "code": "cy.GET_API('ocr/documents-references', tt).then(Response => {\n  var d = JSON.stringify(Response.body);\n  cy.log(JSON.stringify(d));\n  expect(Response.status).to.eq(401);\n  cy.addContext(\"Test get Supplier Family\");\n});",
                  "err": {},
                  "uuid": "1869caea-76b8-487f-b476-e6f611f82916",
                  "parentUUID": "56c3e8ba-6334-4c57-bf09-57db3c61caaf",
                  "isHook": false,
                  "skipped": false
                }
              ],
              "suites": [],
              "passes": [
                "1869caea-76b8-487f-b476-e6f611f82916"
              ],
              "failures": [],
              "pending": [],
              "skipped": [],
              "duration": 4879,
              "root": false,
              "rootEmpty": false,
              "_timeout": 2000
            }
          ],
          "passes": [
            "795f554f-40f3-4d06-9139-19f64b2939bb"
          ],
          "failures": [],
          "pending": [],
          "skipped": [],
          "duration": 2705,
          "root": false,
          "rootEmpty": false,
          "_timeout": 2000
        }
      ],
      "passes": [],
      "failures": [],
      "pending": [],
      "skipped": [],
      "duration": 0,
      "root": true,
      "rootEmpty": true,
      "_timeout": 2000
    }
  ],
  "meta": {
    "mocha": {
      "version": "7.0.1"
    },
    "mochawesome": {
      "options": {
        "quiet": false,
        "reportFilename": "mochawesome",
        "saveHtml": false,
        "saveJson": true,
        "consoleReporter": "spec",
        "useInlineDiffs": false,
        "code": true
      },
      "version": "7.1.3"
    },
    "marge": {
      "options": {
        "charts": true,
        "reportPageTitle": "Fiducial API Test",
        "embeddedScreenshots": true,
        "inlineAssets": true,
        "saveAllAttempts": false,
        "overwrite": false,
        "html": false,
        "json": true,
        "reportDir": "cypress/reports/html/.jsons"
      },
      "version": "6.2.0"
    }
  }
}