{
  "stats": {
    "suites": 1,
    "tests": 1,
    "passes": 1,
    "pending": 0,
    "failures": 0,
    "start": "2023-08-02T12:48:12.964Z",
    "end": "2023-08-02T12:48:15.957Z",
    "duration": 2993,
    "testsRegistered": 1,
    "passPercent": 100,
    "pendingPercent": 0,
    "other": 0,
    "hasOther": false,
    "skipped": 0,
    "hasSkipped": false
  },
  "results": [
    {
      "uuid": "b307c176-0cec-46ba-9465-4c3ae069cca5",
      "title": "",
      "fullFile": "cypress/e2e/Ventes/Invoices_LastPaid.cy.js",
      "file": "cypress/e2e/Ventes/Invoices_LastPaid.cy.js",
      "beforeHooks": [],
      "afterHooks": [],
      "tests": [],
      "suites": [
        {
          "uuid": "7ac94e48-ed65-49b3-bc69-a8b9eed483d4",
          "title": "Invoices Last Paid",
          "fullFile": "",
          "file": "",
          "beforeHooks": [],
          "afterHooks": [],
          "tests": [
            {
              "title": "Get Invoices Last Paid",
              "fullTitle": "Invoices Last Paid Get Invoices Last Paid",
              "timedOut": null,
              "duration": 2655,
              "state": "passed",
              "speed": "fast",
              "pass": true,
              "fail": false,
              "pending": false,
              "context": "{\n  \"title\": \"cypress-mochawesome-reporter-videos-passed\",\n  \"value\": \"cypress/e2e/Ventes/Invoices_LastPaid.cy.js\"\n}",
              "code": "cy.GET_API_SALES('companies/' + Company + '/invoices/last-paid', tt).then(Response => {\n  expect(Response.status).to.eq(200);\n});",
              "err": {},
              "uuid": "17aa7110-0998-4e1a-ac55-b619df1fff9e",
              "parentUUID": "7ac94e48-ed65-49b3-bc69-a8b9eed483d4",
              "isHook": false,
              "skipped": false
            }
          ],
          "suites": [],
          "passes": [
            "17aa7110-0998-4e1a-ac55-b619df1fff9e"
          ],
          "failures": [],
          "pending": [],
          "skipped": [],
          "duration": 2655,
          "root": false,
          "rootEmpty": false,
          "_timeout": 2000
        }
      ],
      "passes": [],
      "failures": [],
      "pending": [],
      "skipped": [],
      "duration": 0,
      "root": true,
      "rootEmpty": true,
      "_timeout": 2000
    }
  ],
  "meta": {
    "mocha": {
      "version": "7.0.1"
    },
    "mochawesome": {
      "options": {
        "quiet": false,
        "reportFilename": "mochawesome",
        "saveHtml": false,
        "saveJson": true,
        "consoleReporter": "spec",
        "useInlineDiffs": false,
        "code": true
      },
      "version": "7.1.3"
    },
    "marge": {
      "options": {
        "charts": true,
        "reportPageTitle": "Fiducial API Test",
        "embeddedScreenshots": true,
        "inlineAssets": true,
        "saveAllAttempts": false,
        "overwrite": false,
        "html": false,
        "json": true,
        "reportDir": "cypress/reports/html/.jsons"
      },
      "version": "6.2.0"
    }
  }
}