{
  "stats": {
    "suites": 1,
    "tests": 1,
    "passes": 1,
    "pending": 0,
    "failures": 0,
    "start": "2023-08-01T12:24:38.876Z",
    "end": "2023-08-01T12:24:44.843Z",
    "duration": 5967,
    "testsRegistered": 1,
    "passPercent": 100,
    "pendingPercent": 0,
    "other": 0,
    "hasOther": false,
    "skipped": 0,
    "hasSkipped": false
  },
  "results": [
    {
      "uuid": "9d88b062-c73a-450d-a6ee-18f450325f94",
      "title": "",
      "fullFile": "cypress/e2e/TR/t.cy.js",
      "file": "cypress/e2e/TR/t.cy.js",
      "beforeHooks": [],
      "afterHooks": [],
      "tests": [],
      "suites": [
        {
          "uuid": "fd3b93dc-8b5b-4c79-aa0b-a57263e3399f",
          "title": "Clients",
          "fullFile": "",
          "file": "",
          "beforeHooks": [],
          "afterHooks": [],
          "tests": [
            {
              "title": "C376: Get_Client ",
              "fullTitle": "Clients C376: Get_Client ",
              "timedOut": null,
              "duration": 5084,
              "state": "passed",
              "speed": "medium",
              "pass": true,
              "fail": false,
              "pending": false,
              "context": "{\n  \"title\": \"cypress-mochawesome-reporter-videos-passed\",\n  \"value\": \"cypress/e2e/TR/t.cy.js\"\n}",
              "code": "defaultCommandTimeout: 50000;\ncy.GET_API_SALES('companies/' + Company + '/clients/', tt).then(Response => {\n  console.log(Response.body);\n  expect(Response.status).to.eq(200);\n  //var d =(JSON.stringify(Response.body))\n});",
              "err": {},
              "uuid": "bd5140ed-6ee8-43c5-9174-4c9ae5b83421",
              "parentUUID": "fd3b93dc-8b5b-4c79-aa0b-a57263e3399f",
              "isHook": false,
              "skipped": false
            }
          ],
          "suites": [],
          "passes": [
            "bd5140ed-6ee8-43c5-9174-4c9ae5b83421"
          ],
          "failures": [],
          "pending": [],
          "skipped": [],
          "duration": 5084,
          "root": false,
          "rootEmpty": false,
          "_timeout": 2000
        }
      ],
      "passes": [],
      "failures": [],
      "pending": [],
      "skipped": [],
      "duration": 0,
      "root": true,
      "rootEmpty": true,
      "_timeout": 2000
    }
  ],
  "meta": {
    "mocha": {
      "version": "7.0.1"
    },
    "mochawesome": {
      "options": {
        "quiet": false,
        "reportFilename": "mochawesome",
        "saveHtml": false,
        "saveJson": true,
        "consoleReporter": "spec",
        "useInlineDiffs": false,
        "code": true
      },
      "version": "7.1.3"
    },
    "marge": {
      "options": {
        "charts": true,
        "reportPageTitle": "Fiducial API Test",
        "embeddedScreenshots": true,
        "inlineAssets": true,
        "saveAllAttempts": false,
        "overwrite": false,
        "html": false,
        "json": true,
        "reportDir": "cypress/reports/html/.jsons"
      },
      "version": "6.2.0"
    }
  }
}