{
  "stats": {
    "suites": 4,
    "tests": 16,
    "passes": 16,
    "pending": 0,
    "failures": 0,
    "start": "2023-08-29T09:08:19.331Z",
    "end": "2023-08-29T09:08:37.400Z",
    "duration": 18069,
    "testsRegistered": 16,
    "passPercent": 100,
    "pendingPercent": 0,
    "other": 0,
    "hasOther": false,
    "skipped": 0,
    "hasSkipped": false
  },
  "results": [
    {
      "uuid": "a79dd3e1-adb0-4926-a5a2-b1373ea58b9b",
      "title": "",
      "fullFile": "cypress/e2e/Achats/Suppliers.cy.js",
      "file": "cypress/e2e/Achats/Suppliers.cy.js",
      "beforeHooks": [],
      "afterHooks": [],
      "tests": [],
      "suites": [
        {
          "uuid": "2bde3bce-cefe-4f34-a84c-207a39b1c92f",
          "title": "Suppliers",
          "fullFile": "",
          "file": "",
          "beforeHooks": [],
          "afterHooks": [],
          "tests": [
            {
              "title": "Get Suppliers ",
              "fullTitle": "Suppliers Get Suppliers ",
              "timedOut": null,
              "duration": 2223,
              "state": "passed",
              "speed": "fast",
              "pass": true,
              "fail": false,
              "pending": false,
              "context": "[\n  {\n    \"title\": \"cypress-mochawesome-reporter-videos-passed\",\n    \"value\": \"cypress/e2e/Achats/Suppliers.cy.js\"\n  },\n  \"Test get Suppliers\"\n]",
              "code": "cy.GET_API('purchases/companies/' + Company + '/suppliers/', tt).then(Response => {\n  expect(Response.status).to.eq(200);\n  //var d =(JSON.stringify(Response.body))\n  var d = Response.body.items;\n  for (var index in d) {\n    id_suppliers = d[index].id;\n    //cy.log(d[index].id)\n  }\n  cy.addContext(\"Test get Suppliers\");\n});",
              "err": {},
              "uuid": "3313b6c8-dd71-416f-9092-4d0e30814a55",
              "parentUUID": "2bde3bce-cefe-4f34-a84c-207a39b1c92f",
              "isHook": false,
              "skipped": false
            },
            {
              "title": "Get Export a Supplier ",
              "fullTitle": "Suppliers Get Export a Supplier ",
              "timedOut": null,
              "duration": 358,
              "state": "passed",
              "speed": "fast",
              "pass": true,
              "fail": false,
              "pending": false,
              "context": "[\n  {\n    \"title\": \"cypress-mochawesome-reporter-videos-passed\",\n    \"value\": \"cypress/e2e/Achats/Suppliers.cy.js\"\n  },\n  \"Test get Supplier export\"\n]",
              "code": "cy.GET_API('companies/' + Company + '/suppliers/export', tt).then(Response => {\n  var d = JSON.stringify(Response.body);\n  cy.log(d);\n  expect(Response.status).to.eq(404);\n  cy.addContext(\"Test get Supplier export\");\n});",
              "err": {},
              "uuid": "9b548518-b9e9-4ea1-a39a-691ee987d575",
              "parentUUID": "2bde3bce-cefe-4f34-a84c-207a39b1c92f",
              "isHook": false,
              "skipped": false
            },
            {
              "title": "Post Supplier 201",
              "fullTitle": "Suppliers Post Supplier 201",
              "timedOut": null,
              "duration": 1208,
              "state": "passed",
              "speed": "fast",
              "pass": true,
              "fail": false,
              "pending": false,
              "context": "{\n  \"title\": \"cypress-mochawesome-reporter-videos-passed\",\n  \"value\": \"cypress/e2e/Achats/Suppliers.cy.js\"\n}",
              "code": "cy.Post_API_With_Body('purchases/companies/' + Company + '/suppliers', tt, dt1['code201']).then(Response => {\n  expect(Response.status).to.eq(201);\n  cy.log(JSON.stringify(Response.body));\n  id_delete = Response.body[\"id\"];\n});",
              "err": {},
              "uuid": "d825a276-6466-46ad-abd0-a448fe8c0193",
              "parentUUID": "2bde3bce-cefe-4f34-a84c-207a39b1c92f",
              "isHook": false,
              "skipped": false
            },
            {
              "title": "Get a Supplier List",
              "fullTitle": "Suppliers Get a Supplier List",
              "timedOut": null,
              "duration": 979,
              "state": "passed",
              "speed": "fast",
              "pass": true,
              "fail": false,
              "pending": false,
              "context": "[\n  {\n    \"title\": \"cypress-mochawesome-reporter-videos-passed\",\n    \"value\": \"cypress/e2e/Achats/Suppliers.cy.js\"\n  },\n  \"Test get Suppliers76\"\n]",
              "code": "cy.GET_API('purchases/companies/' + Company + '/suppliers/' + id_delete, tt).then(Response => {\n  var d = JSON.stringify(Response.body);\n  cy.log(JSON.stringify(d));\n  expect(Response.status).to.eq(200);\n  cy.addContext(\"Test get Suppliers\" + id_suppliers);\n});",
              "err": {},
              "uuid": "3365fb9f-d54b-41ce-9688-98588a57b9b3",
              "parentUUID": "2bde3bce-cefe-4f34-a84c-207a39b1c92f",
              "isHook": false,
              "skipped": false
            },
            {
              "title": "Delete Supplier 201",
              "fullTitle": "Suppliers Delete Supplier 201",
              "timedOut": null,
              "duration": 1061,
              "state": "passed",
              "speed": "fast",
              "pass": true,
              "fail": false,
              "pending": false,
              "context": "{\n  \"title\": \"cypress-mochawesome-reporter-videos-passed\",\n  \"value\": \"cypress/e2e/Achats/Suppliers.cy.js\"\n}",
              "code": "cy.DELETE_API('purchases/companies/' + Company + '/suppliers/' + id_delete, tt).then(Response => {\n  expect(Response.status).to.eq(204);\n  cy.log(JSON.stringify(Response.body));\n  id_delete = Response.body[\"id\"];\n});",
              "err": {},
              "uuid": "5975a0d2-db96-4e2b-bc63-abc55f143fa0",
              "parentUUID": "2bde3bce-cefe-4f34-a84c-207a39b1c92f",
              "isHook": false,
              "skipped": false
            }
          ],
          "suites": [
            {
              "uuid": "ef37a324-0ae9-4fd4-95d3-2bfc6e6c6a39",
              "title": "Rules",
              "fullFile": "",
              "file": "",
              "beforeHooks": [],
              "afterHooks": [],
              "tests": [
                {
                  "title": "Post Supplier 400 France",
                  "fullTitle": "Suppliers Rules Post Supplier 400 France",
                  "timedOut": null,
                  "duration": 408,
                  "state": "passed",
                  "speed": "fast",
                  "pass": true,
                  "fail": false,
                  "pending": false,
                  "context": "{\n  \"title\": \"cypress-mochawesome-reporter-videos-passed\",\n  \"value\": \"cypress/e2e/Achats/Suppliers.cy.js\"\n}",
                  "code": "cy.Post_API_With_Body('purchases/companies/' + Company + '/suppliers', tt, dt1['code201_France_Not_Siret']).then(Response => {\n  cy.log(JSON.stringify(Response.body));\n  expect(Response.status).to.eq(400);\n  //id_suppliers_france = ((Response.body[\"id\"]))\n});",
                  "err": {},
                  "uuid": "8b3b0632-3401-4aed-a1c3-9336c4111721",
                  "parentUUID": "ef37a324-0ae9-4fd4-95d3-2bfc6e6c6a39",
                  "isHook": false,
                  "skipped": false
                },
                {
                  "title": "Post Supplier 201 France",
                  "fullTitle": "Suppliers Rules Post Supplier 201 France",
                  "timedOut": null,
                  "duration": 969,
                  "state": "passed",
                  "speed": "fast",
                  "pass": true,
                  "fail": false,
                  "pending": false,
                  "context": "{\n  \"title\": \"cypress-mochawesome-reporter-videos-passed\",\n  \"value\": \"cypress/e2e/Achats/Suppliers.cy.js\"\n}",
                  "code": "cy.Post_API_With_Body('purchases/companies/' + Company + '/suppliers', tt, dt1['code201_France']).then(Response => {\n  cy.log(JSON.stringify(Response.body));\n  expect(Response.status).to.eq(201);\n  id_suppliers_france = Response.body[\"id\"];\n});",
                  "err": {},
                  "uuid": "4a9cac33-d2ed-4683-99cd-0f4a2069b247",
                  "parentUUID": "ef37a324-0ae9-4fd4-95d3-2bfc6e6c6a39",
                  "isHook": false,
                  "skipped": false
                },
                {
                  "title": "Get data about the siret",
                  "fullTitle": "Suppliers Rules Get data about the siret",
                  "timedOut": null,
                  "duration": 398,
                  "state": "passed",
                  "speed": "fast",
                  "pass": true,
                  "fail": false,
                  "pending": false,
                  "context": "{\n  \"title\": \"cypress-mochawesome-reporter-videos-passed\",\n  \"value\": \"cypress/e2e/Achats/Suppliers.cy.js\"\n}",
                  "code": "cy.GET_API('purchases/siret-database/31761525000014', tt).then(Response => {\n  expect(Response.status).to.eq(400);\n  //var d =(JSON.stringify(Response.body))\n  cy.log(Response.body);\n});",
                  "err": {},
                  "uuid": "de78e29c-6b51-445f-b6e2-2d579760ee38",
                  "parentUUID": "ef37a324-0ae9-4fd4-95d3-2bfc6e6c6a39",
                  "isHook": false,
                  "skipped": false
                },
                {
                  "title": "Post Supplier 201 With contacts",
                  "fullTitle": "Suppliers Rules Post Supplier 201 With contacts",
                  "timedOut": null,
                  "duration": 989,
                  "state": "passed",
                  "speed": "fast",
                  "pass": true,
                  "fail": false,
                  "pending": false,
                  "context": "{\n  \"title\": \"cypress-mochawesome-reporter-videos-passed\",\n  \"value\": \"cypress/e2e/Achats/Suppliers.cy.js\"\n}",
                  "code": "cy.Post_API_With_Body('purchases/companies/' + Company + '/suppliers', tt, dt1['Code201SuppliersComplete']).then(Response => {\n  cy.log(JSON.stringify(Response.body));\n  expect(Response.status).to.eq(201);\n  id_suppliers_contacts = Response.body[\"id\"];\n});",
                  "err": {},
                  "uuid": "89a87711-2e04-46e5-b19a-7c32eebd70b7",
                  "parentUUID": "ef37a324-0ae9-4fd4-95d3-2bfc6e6c6a39",
                  "isHook": false,
                  "skipped": false
                },
                {
                  "title": "Post Supplier 201 With paymentInfo",
                  "fullTitle": "Suppliers Rules Post Supplier 201 With paymentInfo",
                  "timedOut": null,
                  "duration": 1208,
                  "state": "passed",
                  "speed": "fast",
                  "pass": true,
                  "fail": false,
                  "pending": false,
                  "context": "{\n  \"title\": \"cypress-mochawesome-reporter-videos-passed\",\n  \"value\": \"cypress/e2e/Achats/Suppliers.cy.js\"\n}",
                  "code": "cy.Post_API_With_Body('purchases/companies/' + Company + '/suppliers', tt, dt1['Code201SupplierspaymentInfo']).then(Response => {\n  cy.log(JSON.stringify(Response.body));\n  expect(Response.status).to.eq(201);\n  id_suppliers_paymentInfo = Response.body[\"id\"];\n});",
                  "err": {},
                  "uuid": "b840f852-9cef-4584-97d3-b806ca30c341",
                  "parentUUID": "ef37a324-0ae9-4fd4-95d3-2bfc6e6c6a39",
                  "isHook": false,
                  "skipped": false
                },
                {
                  "title": "Post Supplier 403 Invalid Token",
                  "fullTitle": "Suppliers Rules Post Supplier 403 Invalid Token",
                  "timedOut": null,
                  "duration": 450,
                  "state": "passed",
                  "speed": "fast",
                  "pass": true,
                  "fail": false,
                  "pending": false,
                  "context": "{\n  \"title\": \"cypress-mochawesome-reporter-videos-passed\",\n  \"value\": \"cypress/e2e/Achats/Suppliers.cy.js\"\n}",
                  "code": "cy.Post_API_With_Body('purchases/companies/' + Company + '/suppliers', \"555\", dt1['code201_France']).then(Response => {\n  cy.log(JSON.stringify(Response.body));\n  expect(Response.status).to.eq(403);\n});",
                  "err": {},
                  "uuid": "1b1349db-07a4-4822-9582-3c602e5d4821",
                  "parentUUID": "ef37a324-0ae9-4fd4-95d3-2bfc6e6c6a39",
                  "isHook": false,
                  "skipped": false
                },
                {
                  "title": "Post Supplier 401 Not Authorized",
                  "fullTitle": "Suppliers Rules Post Supplier 401 Not Authorized",
                  "timedOut": null,
                  "duration": 379,
                  "state": "passed",
                  "speed": "fast",
                  "pass": true,
                  "fail": false,
                  "pending": false,
                  "context": "{\n  \"title\": \"cypress-mochawesome-reporter-videos-passed\",\n  \"value\": \"cypress/e2e/Achats/Suppliers.cy.js\"\n}",
                  "code": "cy.Post_API_With_Body('purchases/companies/' + Company + '/suppliers', \"Bearer eJhbGciOiJIUzUxMiJ9.eyJzdWIiOiJhZG1pbkBmaWR1Y2lhbC5jb20iLCJleHAiOjE2ODc4NjIyODAsInR5cGUiOiJGQUNJTElBIn0.eO8UAdnxQ7YvDez-F3IuCOg3jvF6mEsPbTcpxNXNchiBzA7MOhy-_zexgC4nWhV-Ysqh7KbXEjUwvCf4PexmuA\", dt1['code201_France']).then(Response => {\n  cy.log(JSON.stringify(Response.body));\n  expect(Response.status).to.eq(401);\n});",
                  "err": {},
                  "uuid": "93365008-405e-4e48-9362-a4b995f090a4",
                  "parentUUID": "ef37a324-0ae9-4fd4-95d3-2bfc6e6c6a39",
                  "isHook": false,
                  "skipped": false
                },
                {
                  "title": "Post Supplier 404 Not Found",
                  "fullTitle": "Suppliers Rules Post Supplier 404 Not Found",
                  "timedOut": null,
                  "duration": 433,
                  "state": "passed",
                  "speed": "fast",
                  "pass": true,
                  "fail": false,
                  "pending": false,
                  "context": "{\n  \"title\": \"cypress-mochawesome-reporter-videos-passed\",\n  \"value\": \"cypress/e2e/Achats/Suppliers.cy.js\"\n}",
                  "code": "cy.Post_API_With_Body('purchases/companies/' + Company + '/supplier', tt, dt1['code201_France']).then(Response => {\n  cy.log(JSON.stringify(Response.body));\n  expect(Response.status).to.eq(404);\n});",
                  "err": {},
                  "uuid": "af918f51-cc92-494a-8e29-fb2ecbfe42e6",
                  "parentUUID": "ef37a324-0ae9-4fd4-95d3-2bfc6e6c6a39",
                  "isHook": false,
                  "skipped": false
                },
                {
                  "title": "Post Supplier 400 Malformaed",
                  "fullTitle": "Suppliers Rules Post Supplier 400 Malformaed",
                  "timedOut": null,
                  "duration": 408,
                  "state": "passed",
                  "speed": "fast",
                  "pass": true,
                  "fail": false,
                  "pending": false,
                  "context": "{\n  \"title\": \"cypress-mochawesome-reporter-videos-passed\",\n  \"value\": \"cypress/e2e/Achats/Suppliers.cy.js\"\n}",
                  "code": "cy.Post_API_With_Body('purchases/companies/' + Company + '/suppliers', tt, dt1['code400_Malformed']).then(Response => {\n  cy.log(JSON.stringify(Response.body));\n  expect(Response.status).to.eq(400);\n});",
                  "err": {},
                  "uuid": "94676dd2-ebb3-4b36-b337-c24f725eb658",
                  "parentUUID": "ef37a324-0ae9-4fd4-95d3-2bfc6e6c6a39",
                  "isHook": false,
                  "skipped": false
                }
              ],
              "suites": [],
              "passes": [
                "8b3b0632-3401-4aed-a1c3-9336c4111721",
                "4a9cac33-d2ed-4683-99cd-0f4a2069b247",
                "de78e29c-6b51-445f-b6e2-2d579760ee38",
                "89a87711-2e04-46e5-b19a-7c32eebd70b7",
                "b840f852-9cef-4584-97d3-b806ca30c341",
                "1b1349db-07a4-4822-9582-3c602e5d4821",
                "93365008-405e-4e48-9362-a4b995f090a4",
                "af918f51-cc92-494a-8e29-fb2ecbfe42e6",
                "94676dd2-ebb3-4b36-b337-c24f725eb658"
              ],
              "failures": [],
              "pending": [],
              "skipped": [],
              "duration": 5642,
              "root": false,
              "rootEmpty": false,
              "_timeout": 2000
            }
          ],
          "passes": [
            "3313b6c8-dd71-416f-9092-4d0e30814a55",
            "9b548518-b9e9-4ea1-a39a-691ee987d575",
            "d825a276-6466-46ad-abd0-a448fe8c0193",
            "3365fb9f-d54b-41ce-9688-98588a57b9b3",
            "5975a0d2-db96-4e2b-bc63-abc55f143fa0"
          ],
          "failures": [],
          "pending": [],
          "skipped": [],
          "duration": 5829,
          "root": false,
          "rootEmpty": false,
          "_timeout": 2000
        },
        {
          "uuid": "bf2e231d-259d-43b0-bf19-8356b16e7d15",
          "title": "Supplier Notes",
          "fullFile": "",
          "file": "",
          "beforeHooks": [],
          "afterHooks": [],
          "tests": [
            {
              "title": "Get Supplier Families List Notes",
              "fullTitle": "Supplier Notes Get Supplier Families List Notes",
              "timedOut": null,
              "duration": 2057,
              "state": "passed",
              "speed": "fast",
              "pass": true,
              "fail": false,
              "pending": false,
              "context": "[\n  {\n    \"title\": \"cypress-mochawesome-reporter-videos-passed\",\n    \"value\": \"cypress/e2e/Achats/Suppliers.cy.js\"\n  },\n  \"Test get Supplier Family\"\n]",
              "code": "cy.GET_API('purchases/companies/' + Company + '/suppliers/' + ID_TESTE + '/notes', tt).then(Response => {\n  var d = JSON.stringify(Response.body);\n  cy.log(JSON.stringify(d));\n  expect(Response.status).to.eq(200);\n  cy.addContext(\"Test get Supplier Family\");\n});\nit('Post Supplier Families List Notes 201', () => {\n  cy.Post_API_With_Body('purchases/companies/' + Company + '/suppliers/' + ID_TESTE + '/notes', tt, dt1['code201_notes']).then(Response => {\n    var d = JSON.stringify(Response.body);\n    cy.log(JSON.stringify(d));\n    expect(Response.status).to.eq(201);\n    cy.addContext(\"Test get Supplier Family\");\n  });\n});",
              "err": {},
              "uuid": "b932c405-a29d-4d7b-8472-4c87bf483bc0",
              "parentUUID": "bf2e231d-259d-43b0-bf19-8356b16e7d15",
              "isHook": false,
              "skipped": false
            }
          ],
          "suites": [
            {
              "uuid": "8fce1903-905d-4ca6-a571-e58afa9a848f",
              "title": "OCR",
              "fullFile": "",
              "file": "",
              "beforeHooks": [],
              "afterHooks": [],
              "tests": [
                {
                  "title": "Get documents references list 400",
                  "fullTitle": "Supplier Notes OCR Get documents references list 400",
                  "timedOut": null,
                  "duration": 4288,
                  "state": "passed",
                  "speed": "fast",
                  "pass": true,
                  "fail": false,
                  "pending": false,
                  "context": "[\n  {\n    \"title\": \"cypress-mochawesome-reporter-videos-passed\",\n    \"value\": \"cypress/e2e/Achats/Suppliers.cy.js\"\n  },\n  \"Test get Supplier Family\"\n]",
                  "code": "cy.GET_API('ocr/documents-references', tt).then(Response => {\n  var d = JSON.stringify(Response.body);\n  cy.log(JSON.stringify(d));\n  expect(Response.status).to.eq(400);\n  cy.addContext(\"Test get Supplier Family\");\n});",
                  "err": {},
                  "uuid": "57885094-f504-497b-95fb-d06ff04bab52",
                  "parentUUID": "8fce1903-905d-4ca6-a571-e58afa9a848f",
                  "isHook": false,
                  "skipped": false
                }
              ],
              "suites": [],
              "passes": [
                "57885094-f504-497b-95fb-d06ff04bab52"
              ],
              "failures": [],
              "pending": [],
              "skipped": [],
              "duration": 4288,
              "root": false,
              "rootEmpty": false,
              "_timeout": 2000
            }
          ],
          "passes": [
            "b932c405-a29d-4d7b-8472-4c87bf483bc0"
          ],
          "failures": [],
          "pending": [],
          "skipped": [],
          "duration": 2057,
          "root": false,
          "rootEmpty": false,
          "_timeout": 2000
        }
      ],
      "passes": [],
      "failures": [],
      "pending": [],
      "skipped": [],
      "duration": 0,
      "root": true,
      "rootEmpty": true,
      "_timeout": 2000
    }
  ],
  "meta": {
    "mocha": {
      "version": "7.0.1"
    },
    "mochawesome": {
      "options": {
        "quiet": false,
        "reportFilename": "mochawesome",
        "saveHtml": false,
        "saveJson": true,
        "consoleReporter": "spec",
        "useInlineDiffs": false,
        "code": true
      },
      "version": "7.1.3"
    },
    "marge": {
      "options": {
        "charts": true,
        "reportPageTitle": "Fiducial API Test",
        "embeddedScreenshots": true,
        "inlineAssets": true,
        "saveAllAttempts": false,
        "overwrite": false,
        "html": false,
        "json": true,
        "reportDir": "cypress/reports/html/.jsons"
      },
      "version": "6.2.0"
    }
  }
}