{
  "stats": {
    "suites": 1,
    "tests": 9,
    "passes": 6,
    "pending": 0,
    "failures": 3,
    "start": "2023-08-15T13:40:00.045Z",
    "end": "2023-08-15T13:41:46.500Z",
    "duration": 106455,
    "testsRegistered": 9,
    "passPercent": 66.66666666666666,
    "pendingPercent": 0,
    "other": 0,
    "hasOther": false,
    "skipped": 0,
    "hasSkipped": false
  },
  "results": [
    {
      "uuid": "a04dd41b-dc5c-4dae-9388-c6989bb67880",
      "title": "",
      "fullFile": "cypress/e2e/Ventes/Clients.cy.js",
      "file": "cypress/e2e/Ventes/Clients.cy.js",
      "beforeHooks": [],
      "afterHooks": [],
      "tests": [],
      "suites": [
        {
          "uuid": "3f8ef599-07eb-4e69-8948-ce48af694d83",
          "title": "Clients",
          "fullFile": "",
          "file": "",
          "beforeHooks": [],
          "afterHooks": [],
          "tests": [
            {
              "title": "Get_ExportClients_Excel Separtor COMMA 200",
              "fullTitle": "Clients Get_ExportClients_Excel Separtor COMMA 200",
              "timedOut": null,
              "duration": 32212,
              "state": "failed",
              "speed": null,
              "pass": false,
              "fail": true,
              "pending": false,
              "context": "[\n  {\n    \"title\": \"cypress-mochawesome-reporter-videos-failed\",\n    \"value\": \"cypress/e2e/Ventes/Clients.cy.js\"\n  },\n  {\n    \"title\": \"cypress-mochawesome-reporter-screenshots\",\n    \"value\": [\n      [\n        \"/Ventes/Clients.cy.js/Clients -- Get_ExportClients_Excel Separtor COMMA 200 (failed).png\"\n      ]\n    ]\n  }\n]",
              "code": "cy.GET_API_SALES('companies/' + Company + '/clients/export?companyId=' + Company + '&exportFile%5Btype%5D=CSV&exportFile%5Bseparator%5D=COMMA', tt).then(Response => {\n  cy.wait(4000);\n  expect(Response.status).to.eq(200);\n  //var d =(JSON.stringify(Response.body))\n  cy.log(Response.body);\n});",
              "err": {
                "message": "CypressError: `cy.request()` timed out waiting `30000ms` for a response from your server.\n\nThe request we sent was:\n\nMethod: GET\nURL: https://recette-int-qa.facilia.com/companies/2/clients/export?companyId=2&exportFile%5Btype%5D=CSV&exportFile%5Bseparator%5D=COMMA\n\nNo response was received within the timeout.\n\nhttps://on.cypress.io/request",
                "estack": "CypressError: `cy.request()` timed out waiting `30000ms` for a response from your server.\n\nThe request we sent was:\n\nMethod: GET\nURL: https://recette-int-qa.facilia.com/companies/2/clients/export?companyId=2&exportFile%5Btype%5D=CSV&exportFile%5Bseparator%5D=COMMA\n\nNo response was received within the timeout.\n\nhttps://on.cypress.io/request\n    at <unknown> (http://localhost:45351/__cypress/runner/cypress_runner.js:149368:78)\n    at tryCatcher (http://localhost:45351/__cypress/runner/cypress_runner.js:18744:23)\n    at <unknown> (http://localhost:45351/__cypress/runner/cypress_runner.js:13866:41)\n    at tryCatcher (http://localhost:45351/__cypress/runner/cypress_runner.js:18744:23)\n    at Promise._settlePromiseFromHandler (http://localhost:45351/__cypress/runner/cypress_runner.js:16679:31)\n    at Promise._settlePromise (http://localhost:45351/__cypress/runner/cypress_runner.js:16736:18)\n    at Promise._settlePromise0 (http://localhost:45351/__cypress/runner/cypress_runner.js:16781:10)\n    at Promise._settlePromises (http://localhost:45351/__cypress/runner/cypress_runner.js:16857:18)\n    at _drainQueueStep (http://localhost:45351/__cypress/runner/cypress_runner.js:13451:12)\n    at _drainQueue (http://localhost:45351/__cypress/runner/cypress_runner.js:13444:9)\n    at ../../node_modules/bluebird/js/release/async.js.Async._drainQueues (http://localhost:45351/__cypress/runner/cypress_runner.js:13460:5)\n    at Async.drainQueues (http://localhost:45351/__cypress/runner/cypress_runner.js:13330:14)\nFrom Your Spec Code:\n    at Context.ee (webpack:///./node_modules/cypress-plugin-api/dist/support.js:14:2002)",
                "diff": null
              },
              "uuid": "d993f644-895a-4e7e-8056-dcd431292715",
              "parentUUID": "3f8ef599-07eb-4e69-8948-ce48af694d83",
              "isHook": false,
              "skipped": false
            },
            {
              "title": "Get_ExportClients_Excel 200",
              "fullTitle": "Clients Get_ExportClients_Excel 200",
              "timedOut": null,
              "duration": 30306,
              "state": "failed",
              "speed": null,
              "pass": false,
              "fail": true,
              "pending": false,
              "context": "[\n  {\n    \"title\": \"cypress-mochawesome-reporter-videos-failed\",\n    \"value\": \"cypress/e2e/Ventes/Clients.cy.js\"\n  },\n  {\n    \"title\": \"cypress-mochawesome-reporter-screenshots\",\n    \"value\": [\n      [\n        \"/Ventes/Clients.cy.js/Clients -- Get_ExportClients_Excel 200 (failed).png\"\n      ]\n    ]\n  }\n]",
              "code": "cy.GET_API_SALES('companies/2/clients/export?companyId=2&exportFile%5Btype%5D=EXCEL', tt).then(Response => {\n  expect(Response.status).to.eq(200);\n  console.log(Response.body);\n});",
              "err": {
                "message": "CypressError: `cy.request()` timed out waiting `30000ms` for a response from your server.\n\nThe request we sent was:\n\nMethod: GET\nURL: https://recette-int-qa.facilia.com/companies/2/clients/export?companyId=2&exportFile%5Btype%5D=EXCEL\n\nNo response was received within the timeout.\n\nhttps://on.cypress.io/request",
                "estack": "CypressError: `cy.request()` timed out waiting `30000ms` for a response from your server.\n\nThe request we sent was:\n\nMethod: GET\nURL: https://recette-int-qa.facilia.com/companies/2/clients/export?companyId=2&exportFile%5Btype%5D=EXCEL\n\nNo response was received within the timeout.\n\nhttps://on.cypress.io/request\n    at <unknown> (http://localhost:45351/__cypress/runner/cypress_runner.js:149368:78)\n    at tryCatcher (http://localhost:45351/__cypress/runner/cypress_runner.js:18744:23)\n    at <unknown> (http://localhost:45351/__cypress/runner/cypress_runner.js:13866:41)\n    at tryCatcher (http://localhost:45351/__cypress/runner/cypress_runner.js:18744:23)\n    at Promise._settlePromiseFromHandler (http://localhost:45351/__cypress/runner/cypress_runner.js:16679:31)\n    at Promise._settlePromise (http://localhost:45351/__cypress/runner/cypress_runner.js:16736:18)\n    at Promise._settlePromise0 (http://localhost:45351/__cypress/runner/cypress_runner.js:16781:10)\n    at Promise._settlePromises (http://localhost:45351/__cypress/runner/cypress_runner.js:16857:18)\n    at _drainQueueStep (http://localhost:45351/__cypress/runner/cypress_runner.js:13451:12)\n    at _drainQueue (http://localhost:45351/__cypress/runner/cypress_runner.js:13444:9)\n    at ../../node_modules/bluebird/js/release/async.js.Async._drainQueues (http://localhost:45351/__cypress/runner/cypress_runner.js:13460:5)\n    at Async.drainQueues (http://localhost:45351/__cypress/runner/cypress_runner.js:13330:14)\nFrom Your Spec Code:\n    at Context.ee (webpack:///./node_modules/cypress-plugin-api/dist/support.js:14:2002)",
                "diff": null
              },
              "uuid": "cf910829-1d8c-4c3a-8c7b-2fd833bd34fc",
              "parentUUID": "3f8ef599-07eb-4e69-8948-ce48af694d83",
              "isHook": false,
              "skipped": false
            },
            {
              "title": "Get_ExportClients_Excel exportFile 403",
              "fullTitle": "Clients Get_ExportClients_Excel exportFile 403",
              "timedOut": null,
              "duration": 30334,
              "state": "failed",
              "speed": null,
              "pass": false,
              "fail": true,
              "pending": false,
              "context": "[\n  {\n    \"title\": \"cypress-mochawesome-reporter-videos-failed\",\n    \"value\": \"cypress/e2e/Ventes/Clients.cy.js\"\n  },\n  {\n    \"title\": \"cypress-mochawesome-reporter-screenshots\",\n    \"value\": [\n      [\n        \"/Ventes/Clients.cy.js/Clients -- Get_ExportClients_Excel exportFile 403 (failed).png\"\n      ]\n    ]\n  }\n]",
              "code": "defaultCommandTimeout: 50000;\ncy.GET_API_SALES('companies/' + Company + '/clients/export?companyId=' + Company + '&exportFile%5Btype%5D=CSV&exportFile%5Bseparator%5D=', tt).then(Response => {\n  expect(Response.status).to.eq(400);\n  //var d =(JSON.stringify(Response.body))\n  console.log(Response.body);\n});",
              "err": {
                "message": "CypressError: `cy.request()` timed out waiting `30000ms` for a response from your server.\n\nThe request we sent was:\n\nMethod: GET\nURL: https://recette-int-qa.facilia.com/companies/2/clients/export?companyId=2&exportFile%5Btype%5D=CSV&exportFile%5Bseparator%5D=\n\nNo response was received within the timeout.\n\nhttps://on.cypress.io/request",
                "estack": "CypressError: `cy.request()` timed out waiting `30000ms` for a response from your server.\n\nThe request we sent was:\n\nMethod: GET\nURL: https://recette-int-qa.facilia.com/companies/2/clients/export?companyId=2&exportFile%5Btype%5D=CSV&exportFile%5Bseparator%5D=\n\nNo response was received within the timeout.\n\nhttps://on.cypress.io/request\n    at <unknown> (http://localhost:45351/__cypress/runner/cypress_runner.js:149368:78)\n    at tryCatcher (http://localhost:45351/__cypress/runner/cypress_runner.js:18744:23)\n    at <unknown> (http://localhost:45351/__cypress/runner/cypress_runner.js:13866:41)\n    at tryCatcher (http://localhost:45351/__cypress/runner/cypress_runner.js:18744:23)\n    at Promise._settlePromiseFromHandler (http://localhost:45351/__cypress/runner/cypress_runner.js:16679:31)\n    at Promise._settlePromise (http://localhost:45351/__cypress/runner/cypress_runner.js:16736:18)\n    at Promise._settlePromise0 (http://localhost:45351/__cypress/runner/cypress_runner.js:16781:10)\n    at Promise._settlePromises (http://localhost:45351/__cypress/runner/cypress_runner.js:16857:18)\n    at _drainQueueStep (http://localhost:45351/__cypress/runner/cypress_runner.js:13451:12)\n    at _drainQueue (http://localhost:45351/__cypress/runner/cypress_runner.js:13444:9)\n    at ../../node_modules/bluebird/js/release/async.js.Async._drainQueues (http://localhost:45351/__cypress/runner/cypress_runner.js:13460:5)\n    at Async.drainQueues (http://localhost:45351/__cypress/runner/cypress_runner.js:13330:14)\nFrom Your Spec Code:\n    at Context.ee (webpack:///./node_modules/cypress-plugin-api/dist/support.js:14:2002)",
                "diff": null
              },
              "uuid": "ae9f45bc-d470-4ea6-a3ca-919154e47afc",
              "parentUUID": "3f8ef599-07eb-4e69-8948-ce48af694d83",
              "isHook": false,
              "skipped": false
            },
            {
              "title": "Client registration France 201",
              "fullTitle": "Clients Client registration France 201",
              "timedOut": null,
              "duration": 4969,
              "state": "passed",
              "speed": "fast",
              "pass": true,
              "fail": false,
              "pending": false,
              "context": "{\n  \"title\": \"cypress-mochawesome-reporter-videos-passed\",\n  \"value\": \"cypress/e2e/Ventes/Clients.cy.js\"\n}",
              "code": "cy.Post_API_With_Body_SALES('companies/' + Company + '/clients', tt, dt1['code201_FRANCE']).then(Response => {\n  cy.log(JSON.stringify(Response.body));\n  //cy.log(Response.body)\n  expect(Response.status).to.eq(201);\n  id_client = Response.body[\"id\"];\n});",
              "err": {},
              "uuid": "0ccff94e-9eaf-463c-b1a7-da5086efa71d",
              "parentUUID": "3f8ef599-07eb-4e69-8948-ce48af694d83",
              "isHook": false,
              "skipped": false
            },
            {
              "title": "Client registration without_contact_email",
              "fullTitle": "Clients Client registration without_contact_email",
              "timedOut": null,
              "duration": 879,
              "state": "passed",
              "speed": "fast",
              "pass": true,
              "fail": false,
              "pending": false,
              "context": "{\n  \"title\": \"cypress-mochawesome-reporter-videos-passed\",\n  \"value\": \"cypress/e2e/Ventes/Clients.cy.js\"\n}",
              "code": "cy.Post_API_With_Body_SALES('companies/' + Company + '/clients', tt, dt1['code201_FRANCE_Contato_Sem_Email']).then(Response => {\n  cy.log(JSON.stringify(Response.body));\n  //cy.log(Response.body)\n  expect(Response.status).to.eq(400);\n  //        id_client = ((Response.body[\"id\"]))\n});",
              "err": {},
              "uuid": "7085791b-a255-4ec6-b02c-c20921f27960",
              "parentUUID": "3f8ef599-07eb-4e69-8948-ce48af694d83",
              "isHook": false,
              "skipped": false
            },
            {
              "title": "Client registration without_contact_city",
              "fullTitle": "Clients Client registration without_contact_city",
              "timedOut": null,
              "duration": 933,
              "state": "passed",
              "speed": "fast",
              "pass": true,
              "fail": false,
              "pending": false,
              "context": "{\n  \"title\": \"cypress-mochawesome-reporter-videos-passed\",\n  \"value\": \"cypress/e2e/Ventes/Clients.cy.js\"\n}",
              "code": "cy.Post_API_With_Body_SALES('companies/' + Company + '/clients', tt, dt1['code201_FRANCE_Contato_Sem_city']).then(Response => {\n  cy.log(JSON.stringify(Response.body));\n  //cy.log(Response.body)\n  expect(Response.status).to.eq(400);\n  //        id_client = ((Response.body[\"id\"]))\n});",
              "err": {},
              "uuid": "2bbfa2fa-4006-4318-a45f-44d120a74cd2",
              "parentUUID": "3f8ef599-07eb-4e69-8948-ce48af694d83",
              "isHook": false,
              "skipped": false
            },
            {
              "title": "Client registration Clients_TOKEN_NOK",
              "fullTitle": "Clients Client registration Clients_TOKEN_NOK",
              "timedOut": null,
              "duration": 885,
              "state": "passed",
              "speed": "fast",
              "pass": true,
              "fail": false,
              "pending": false,
              "context": "{\n  \"title\": \"cypress-mochawesome-reporter-videos-passed\",\n  \"value\": \"cypress/e2e/Ventes/Clients.cy.js\"\n}",
              "code": "cy.Post_API_With_Body_SALES('companies/' + Company + '/clients', \"aa\", dt1['code201_FRANCE_Contato_Sem_city']).then(Response => {\n  cy.log(JSON.stringify(Response.body));\n  //cy.log(Response.body)\n  expect(Response.status).to.eq(403);\n  //        id_client = ((Response.body[\"id\"]))\n});",
              "err": {},
              "uuid": "4dd4c1a6-5442-4d49-9161-87aa914dc959",
              "parentUUID": "3f8ef599-07eb-4e69-8948-ce48af694d83",
              "isHook": false,
              "skipped": false
            },
            {
              "title": "Get_Client ",
              "fullTitle": "Clients Get_Client ",
              "timedOut": null,
              "duration": 3614,
              "state": "passed",
              "speed": "fast",
              "pass": true,
              "fail": false,
              "pending": false,
              "context": "{\n  \"title\": \"cypress-mochawesome-reporter-videos-passed\",\n  \"value\": \"cypress/e2e/Ventes/Clients.cy.js\"\n}",
              "code": "defaultCommandTimeout: 50000;\ncy.GET_API_SALES('companies/' + Company + '/clients/' + id_client, tt).then(Response => {\n  console.log(Response.body);\n  expect(Response.status).to.eq(200);\n  //var d =(JSON.stringify(Response.body))\n});",
              "err": {},
              "uuid": "995ccbb5-29aa-4a10-a562-b04f44294e23",
              "parentUUID": "3f8ef599-07eb-4e69-8948-ce48af694d83",
              "isHook": false,
              "skipped": false
            },
            {
              "title": "Get_Client List ",
              "fullTitle": "Clients Get_Client List ",
              "timedOut": null,
              "duration": 1000,
              "state": "passed",
              "speed": "fast",
              "pass": true,
              "fail": false,
              "pending": false,
              "context": "{\n  \"title\": \"cypress-mochawesome-reporter-videos-passed\",\n  \"value\": \"cypress/e2e/Ventes/Clients.cy.js\"\n}",
              "code": "defaultCommandTimeout: 50000;\ncy.GET_API_SALES('companies/' + Company + '/clients/', tt).then(Response => {\n  console.log(Response.body);\n  expect(Response.status).to.eq(200);\n  //var d =(JSON.stringify(Response.body))\n});",
              "err": {},
              "uuid": "b5fa7a88-a8f2-466a-ad36-36455415d625",
              "parentUUID": "3f8ef599-07eb-4e69-8948-ce48af694d83",
              "isHook": false,
              "skipped": false
            }
          ],
          "suites": [],
          "passes": [
            "0ccff94e-9eaf-463c-b1a7-da5086efa71d",
            "7085791b-a255-4ec6-b02c-c20921f27960",
            "2bbfa2fa-4006-4318-a45f-44d120a74cd2",
            "4dd4c1a6-5442-4d49-9161-87aa914dc959",
            "995ccbb5-29aa-4a10-a562-b04f44294e23",
            "b5fa7a88-a8f2-466a-ad36-36455415d625"
          ],
          "failures": [
            "d993f644-895a-4e7e-8056-dcd431292715",
            "cf910829-1d8c-4c3a-8c7b-2fd833bd34fc",
            "ae9f45bc-d470-4ea6-a3ca-919154e47afc"
          ],
          "pending": [],
          "skipped": [],
          "duration": 105132,
          "root": false,
          "rootEmpty": false,
          "_timeout": 2000
        }
      ],
      "passes": [],
      "failures": [],
      "pending": [],
      "skipped": [],
      "duration": 0,
      "root": true,
      "rootEmpty": true,
      "_timeout": 2000
    }
  ],
  "meta": {
    "mocha": {
      "version": "7.0.1"
    },
    "mochawesome": {
      "options": {
        "quiet": false,
        "reportFilename": "mochawesome",
        "saveHtml": false,
        "saveJson": true,
        "consoleReporter": "spec",
        "useInlineDiffs": false,
        "code": true
      },
      "version": "7.1.3"
    },
    "marge": {
      "options": {
        "charts": true,
        "reportPageTitle": "Fiducial API Test",
        "embeddedScreenshots": true,
        "inlineAssets": true,
        "saveAllAttempts": false,
        "overwrite": false,
        "html": false,
        "json": true,
        "reportDir": "cypress/reports/html/.jsons"
      },
      "version": "6.2.0"
    }
  }
}