{
  "stats": {
    "suites": 1,
    "tests": 1,
    "passes": 1,
    "pending": 0,
    "failures": 0,
    "start": "2023-08-15T13:41:57.630Z",
    "end": "2023-08-15T13:42:01.203Z",
    "duration": 3573,
    "testsRegistered": 1,
    "passPercent": 100,
    "pendingPercent": 0,
    "other": 0,
    "hasOther": false,
    "skipped": 0,
    "hasSkipped": false
  },
  "results": [
    {
      "uuid": "acf9756a-4978-4f60-8526-56f2b80808fc",
      "title": "",
      "fullFile": "cypress/e2e/Ventes/Countries.cy.js",
      "file": "cypress/e2e/Ventes/Countries.cy.js",
      "beforeHooks": [],
      "afterHooks": [],
      "tests": [],
      "suites": [
        {
          "uuid": "000d3ad2-bb58-46c9-af48-fabb4ebfa10d",
          "title": "Countries",
          "fullFile": "",
          "file": "",
          "beforeHooks": [],
          "afterHooks": [],
          "tests": [
            {
              "title": "Get Countries",
              "fullTitle": "Countries Get Countries",
              "timedOut": null,
              "duration": 3158,
              "state": "passed",
              "speed": "fast",
              "pass": true,
              "fail": false,
              "pending": false,
              "context": "{\n  \"title\": \"cypress-mochawesome-reporter-videos-passed\",\n  \"value\": \"cypress/e2e/Ventes/Countries.cy.js\"\n}",
              "code": "cy.GET_API_SALES('common/countries', tt).then(Response => {\n  expect(Response.status).to.eq(200);\n  cy.log(Response.body);\n});",
              "err": {},
              "uuid": "07113fc5-0230-41c3-8e65-e964d427eb4f",
              "parentUUID": "000d3ad2-bb58-46c9-af48-fabb4ebfa10d",
              "isHook": false,
              "skipped": false
            }
          ],
          "suites": [],
          "passes": [
            "07113fc5-0230-41c3-8e65-e964d427eb4f"
          ],
          "failures": [],
          "pending": [],
          "skipped": [],
          "duration": 3158,
          "root": false,
          "rootEmpty": false,
          "_timeout": 2000
        }
      ],
      "passes": [],
      "failures": [],
      "pending": [],
      "skipped": [],
      "duration": 0,
      "root": true,
      "rootEmpty": true,
      "_timeout": 2000
    }
  ],
  "meta": {
    "mocha": {
      "version": "7.0.1"
    },
    "mochawesome": {
      "options": {
        "quiet": false,
        "reportFilename": "mochawesome",
        "saveHtml": false,
        "saveJson": true,
        "consoleReporter": "spec",
        "useInlineDiffs": false,
        "code": true
      },
      "version": "7.1.3"
    },
    "marge": {
      "options": {
        "charts": true,
        "reportPageTitle": "Fiducial API Test",
        "embeddedScreenshots": true,
        "inlineAssets": true,
        "saveAllAttempts": false,
        "overwrite": false,
        "html": false,
        "json": true,
        "reportDir": "cypress/reports/html/.jsons"
      },
      "version": "6.2.0"
    }
  }
}