{
  "stats": {
    "suites": 1,
    "tests": 1,
    "passes": 1,
    "pending": 0,
    "failures": 0,
    "start": "2023-08-16T14:24:59.236Z",
    "end": "2023-08-16T14:25:02.457Z",
    "duration": 3221,
    "testsRegistered": 1,
    "passPercent": 100,
    "pendingPercent": 0,
    "other": 0,
    "hasOther": false,
    "skipped": 0,
    "hasSkipped": false
  },
  "results": [
    {
      "uuid": "3a340b68-afc8-4f1e-a1a7-029137f14685",
      "title": "",
      "fullFile": "cypress/e2e/Ventes/Winsis_Settings.cy.js",
      "file": "cypress/e2e/Ventes/Winsis_Settings.cy.js",
      "beforeHooks": [],
      "afterHooks": [],
      "tests": [],
      "suites": [
        {
          "uuid": "b14db2c2-4d19-4b4b-b2b5-670f3a2976e7",
          "title": "Sales",
          "fullFile": "",
          "file": "",
          "beforeHooks": [],
          "afterHooks": [],
          "tests": [
            {
              "title": "Get Winsis Settings",
              "fullTitle": "Sales Get Winsis Settings",
              "timedOut": null,
              "duration": 3155,
              "state": "passed",
              "speed": "fast",
              "pass": true,
              "fail": false,
              "pending": false,
              "context": "{\n  \"title\": \"cypress-mochawesome-reporter-videos-passed\",\n  \"value\": \"cypress/e2e/Ventes/Winsis_Settings.cy.js\"\n}",
              "code": "cy.GET_API_SALES('winsis-settings', tt).then(Response => {\n  expect(Response.status).to.eq(200);\n  cy.log(Response.body);\n});",
              "err": {},
              "uuid": "90633b4a-6bc2-4738-9180-2fbbfad26571",
              "parentUUID": "b14db2c2-4d19-4b4b-b2b5-670f3a2976e7",
              "isHook": false,
              "skipped": false
            }
          ],
          "suites": [],
          "passes": [
            "90633b4a-6bc2-4738-9180-2fbbfad26571"
          ],
          "failures": [],
          "pending": [],
          "skipped": [],
          "duration": 3155,
          "root": false,
          "rootEmpty": false,
          "_timeout": 2000
        }
      ],
      "passes": [],
      "failures": [],
      "pending": [],
      "skipped": [],
      "duration": 0,
      "root": true,
      "rootEmpty": true,
      "_timeout": 2000
    }
  ],
  "meta": {
    "mocha": {
      "version": "7.0.1"
    },
    "mochawesome": {
      "options": {
        "quiet": false,
        "reportFilename": "mochawesome",
        "saveHtml": false,
        "saveJson": true,
        "consoleReporter": "spec",
        "useInlineDiffs": false,
        "code": true
      },
      "version": "7.1.3"
    },
    "marge": {
      "options": {
        "charts": true,
        "reportPageTitle": "Fiducial API Test",
        "embeddedScreenshots": true,
        "inlineAssets": true,
        "saveAllAttempts": false,
        "overwrite": false,
        "html": false,
        "json": true,
        "reportDir": "cypress/reports/html/.jsons"
      },
      "version": "6.2.0"
    }
  }
}