{
  "stats": {
    "suites": 1,
    "tests": 7,
    "passes": 7,
    "pending": 0,
    "failures": 0,
    "start": "2023-08-16T14:24:49.166Z",
    "end": "2023-08-16T14:24:55.285Z",
    "duration": 6119,
    "testsRegistered": 7,
    "passPercent": 100,
    "pendingPercent": 0,
    "other": 0,
    "hasOther": false,
    "skipped": 0,
    "hasSkipped": false
  },
  "results": [
    {
      "uuid": "08417d3e-29a5-4c88-8552-7e773ae650bf",
      "title": "",
      "fullFile": "cypress/e2e/Ventes/ValueRange.cy.js",
      "file": "cypress/e2e/Ventes/ValueRange.cy.js",
      "beforeHooks": [],
      "afterHooks": [],
      "tests": [],
      "suites": [
        {
          "uuid": "5d711e0f-bf72-4759-b129-0f7b6f332b86",
          "title": "Countries",
          "fullFile": "",
          "file": "",
          "beforeHooks": [],
          "afterHooks": [],
          "tests": [
            {
              "title": "Get Value Range Quotes AMOUNT_TTC",
              "fullTitle": "Countries Get Value Range Quotes AMOUNT_TTC",
              "timedOut": null,
              "duration": 2932,
              "state": "passed",
              "speed": "fast",
              "pass": true,
              "fail": false,
              "pending": false,
              "context": "{\n  \"title\": \"cypress-mochawesome-reporter-videos-passed\",\n  \"value\": \"cypress/e2e/Ventes/ValueRange.cy.js\"\n}",
              "code": "cy.GET_API_SALES('companies/' + Company + '/value-ranges?entity=QUOTES&prop=AMOUNT_TTC', tt).then(Response => {\n  expect(Response.status).to.eq(200);\n  cy.log(Response.body);\n});",
              "err": {},
              "uuid": "156d8392-1adf-4397-b5bb-8b0379a95257",
              "parentUUID": "5d711e0f-bf72-4759-b129-0f7b6f332b86",
              "isHook": false,
              "skipped": false
            },
            {
              "title": "Get Value Range INVOICES AMOUNT_TTC",
              "fullTitle": "Countries Get Value Range INVOICES AMOUNT_TTC",
              "timedOut": null,
              "duration": 941,
              "state": "passed",
              "speed": "fast",
              "pass": true,
              "fail": false,
              "pending": false,
              "context": "{\n  \"title\": \"cypress-mochawesome-reporter-videos-passed\",\n  \"value\": \"cypress/e2e/Ventes/ValueRange.cy.js\"\n}",
              "code": "cy.GET_API_SALES('companies/' + Company + '/value-ranges?entity=INVOICES&prop=AMOUNT_TTC', tt).then(Response => {\n  expect(Response.status).to.eq(200);\n  cy.log(Response.body);\n});",
              "err": {},
              "uuid": "e025331f-08aa-485c-916c-a2316a2ac644",
              "parentUUID": "5d711e0f-bf72-4759-b129-0f7b6f332b86",
              "isHook": false,
              "skipped": false
            },
            {
              "title": "Get Value Range ARTICLES AMOUNT_TTC",
              "fullTitle": "Countries Get Value Range ARTICLES AMOUNT_TTC",
              "timedOut": null,
              "duration": 925,
              "state": "passed",
              "speed": "fast",
              "pass": true,
              "fail": false,
              "pending": false,
              "context": "{\n  \"title\": \"cypress-mochawesome-reporter-videos-passed\",\n  \"value\": \"cypress/e2e/Ventes/ValueRange.cy.js\"\n}",
              "code": "cy.GET_API_SALES('companies/' + Company + '/value-ranges?entity=ARTICLES&prop=AMOUNT_TTC', tt).then(Response => {\n  expect(Response.status).to.eq(200);\n  cy.log(Response.body);\n});",
              "err": {},
              "uuid": "d93a10d0-6038-4166-8a43-d26e0aaf77ce",
              "parentUUID": "5d711e0f-bf72-4759-b129-0f7b6f332b86",
              "isHook": false,
              "skipped": false
            },
            {
              "title": "Get Value Range CHECKS AMOUNT_TTC",
              "fullTitle": "Countries Get Value Range CHECKS AMOUNT_TTC",
              "timedOut": null,
              "duration": 303,
              "state": "passed",
              "speed": "fast",
              "pass": true,
              "fail": false,
              "pending": false,
              "context": "{\n  \"title\": \"cypress-mochawesome-reporter-videos-passed\",\n  \"value\": \"cypress/e2e/Ventes/ValueRange.cy.js\"\n}",
              "code": "cy.GET_API_SALES('companies/' + Company + '/value-ranges?entity=CHECKS&prop=AMOUNT_TTC', tt).then(Response => {\n  expect(Response.status).to.eq(200);\n  cy.log(Response.body);\n});",
              "err": {},
              "uuid": "bfe9f71f-9f83-4b7c-b1d8-8877e6d5f07f",
              "parentUUID": "5d711e0f-bf72-4759-b129-0f7b6f332b86",
              "isHook": false,
              "skipped": false
            },
            {
              "title": "Get Value Range ARTICLE_FAMILIES ARTICLES_QTY",
              "fullTitle": "Countries Get Value Range ARTICLE_FAMILIES ARTICLES_QTY",
              "timedOut": null,
              "duration": 329,
              "state": "passed",
              "speed": "fast",
              "pass": true,
              "fail": false,
              "pending": false,
              "context": "{\n  \"title\": \"cypress-mochawesome-reporter-videos-passed\",\n  \"value\": \"cypress/e2e/Ventes/ValueRange.cy.js\"\n}",
              "code": "cy.GET_API_SALES('companies/' + Company + '/value-ranges?entity=ARTICLE_FAMILIES&prop=ARTICLES_QTY', tt).then(Response => {\n  expect(Response.status).to.eq(200);\n  cy.log(Response.body);\n});",
              "err": {},
              "uuid": "dacde838-cd75-40d4-9882-3895a21295d0",
              "parentUUID": "5d711e0f-bf72-4759-b129-0f7b6f332b86",
              "isHook": false,
              "skipped": false
            },
            {
              "title": "Get Value Range CLIENT_FAMILIES ARTICLE CLIENTS_QTY",
              "fullTitle": "Countries Get Value Range CLIENT_FAMILIES ARTICLE CLIENTS_QTY",
              "timedOut": null,
              "duration": 297,
              "state": "passed",
              "speed": "fast",
              "pass": true,
              "fail": false,
              "pending": false,
              "context": "{\n  \"title\": \"cypress-mochawesome-reporter-videos-passed\",\n  \"value\": \"cypress/e2e/Ventes/ValueRange.cy.js\"\n}",
              "code": "cy.GET_API_SALES('companies/' + Company + '/value-ranges?entity=CLIENT_FAMILIES&prop=CLIENTS_QTY', tt).then(Response => {\n  expect(Response.status).to.eq(200);\n  cy.log(Response.body);\n});",
              "err": {},
              "uuid": "9994c406-8be5-4ef3-bc85-74e3d02a3a5f",
              "parentUUID": "5d711e0f-bf72-4759-b129-0f7b6f332b86",
              "isHook": false,
              "skipped": false
            },
            {
              "title": "Get Value Range RECURRENCES  AMOUNT_TTC",
              "fullTitle": "Countries Get Value Range RECURRENCES  AMOUNT_TTC",
              "timedOut": null,
              "duration": 339,
              "state": "passed",
              "speed": "fast",
              "pass": true,
              "fail": false,
              "pending": false,
              "context": "{\n  \"title\": \"cypress-mochawesome-reporter-videos-passed\",\n  \"value\": \"cypress/e2e/Ventes/ValueRange.cy.js\"\n}",
              "code": "cy.GET_API_SALES('companies/' + Company + '/value-ranges?entity=RECURRENCES&prop=AMOUNT_TTC', tt).then(Response => {\n  expect(Response.status).to.eq(200);\n  cy.log(Response.body);\n});",
              "err": {},
              "uuid": "c5e6d3d8-0175-4636-bd4a-8b0fc34f46c1",
              "parentUUID": "5d711e0f-bf72-4759-b129-0f7b6f332b86",
              "isHook": false,
              "skipped": false
            }
          ],
          "suites": [],
          "passes": [
            "156d8392-1adf-4397-b5bb-8b0379a95257",
            "e025331f-08aa-485c-916c-a2316a2ac644",
            "d93a10d0-6038-4166-8a43-d26e0aaf77ce",
            "bfe9f71f-9f83-4b7c-b1d8-8877e6d5f07f",
            "dacde838-cd75-40d4-9882-3895a21295d0",
            "9994c406-8be5-4ef3-bc85-74e3d02a3a5f",
            "c5e6d3d8-0175-4636-bd4a-8b0fc34f46c1"
          ],
          "failures": [],
          "pending": [],
          "skipped": [],
          "duration": 6066,
          "root": false,
          "rootEmpty": false,
          "_timeout": 2000
        }
      ],
      "passes": [],
      "failures": [],
      "pending": [],
      "skipped": [],
      "duration": 0,
      "root": true,
      "rootEmpty": true,
      "_timeout": 2000
    }
  ],
  "meta": {
    "mocha": {
      "version": "7.0.1"
    },
    "mochawesome": {
      "options": {
        "quiet": false,
        "reportFilename": "mochawesome",
        "saveHtml": false,
        "saveJson": true,
        "consoleReporter": "spec",
        "useInlineDiffs": false,
        "code": true
      },
      "version": "7.1.3"
    },
    "marge": {
      "options": {
        "charts": true,
        "reportPageTitle": "Fiducial API Test",
        "embeddedScreenshots": true,
        "inlineAssets": true,
        "saveAllAttempts": false,
        "overwrite": false,
        "html": false,
        "json": true,
        "reportDir": "cypress/reports/html/.jsons"
      },
      "version": "6.2.0"
    }
  }
}