{
  "stats": {
    "suites": 1,
    "tests": 1,
    "passes": 1,
    "pending": 0,
    "failures": 0,
    "start": "2023-08-29T09:10:22.169Z",
    "end": "2023-08-29T09:10:25.102Z",
    "duration": 2933,
    "testsRegistered": 1,
    "passPercent": 100,
    "pendingPercent": 0,
    "other": 0,
    "hasOther": false,
    "skipped": 0,
    "hasSkipped": false
  },
  "results": [
    {
      "uuid": "682cda83-dbd0-45e2-b9cf-11f8e2ffd2c7",
      "title": "",
      "fullFile": "cypress/e2e/Ventes/Winsis_Settings.cy.js",
      "file": "cypress/e2e/Ventes/Winsis_Settings.cy.js",
      "beforeHooks": [],
      "afterHooks": [],
      "tests": [],
      "suites": [
        {
          "uuid": "4580ccc7-d1a5-47ee-9d46-a853064f5074",
          "title": "Winsis_Settings",
          "fullFile": "",
          "file": "",
          "beforeHooks": [],
          "afterHooks": [],
          "tests": [
            {
              "title": "Get Winsis Settings",
              "fullTitle": "Winsis_Settings Get Winsis Settings",
              "timedOut": null,
              "duration": 2897,
              "state": "passed",
              "speed": "fast",
              "pass": true,
              "fail": false,
              "pending": false,
              "context": "{\n  \"title\": \"cypress-mochawesome-reporter-videos-passed\",\n  \"value\": \"cypress/e2e/Ventes/Winsis_Settings.cy.js\"\n}",
              "code": "cy.GET_API_SALES('winsis-settings', tt).then(Response => {\n  expect(Response.status).to.eq(200);\n  cy.log(Response.body);\n});",
              "err": {},
              "uuid": "90f92b94-18ab-4d19-9f8b-d40768e2829d",
              "parentUUID": "4580ccc7-d1a5-47ee-9d46-a853064f5074",
              "isHook": false,
              "skipped": false
            }
          ],
          "suites": [],
          "passes": [
            "90f92b94-18ab-4d19-9f8b-d40768e2829d"
          ],
          "failures": [],
          "pending": [],
          "skipped": [],
          "duration": 2897,
          "root": false,
          "rootEmpty": false,
          "_timeout": 2000
        }
      ],
      "passes": [],
      "failures": [],
      "pending": [],
      "skipped": [],
      "duration": 0,
      "root": true,
      "rootEmpty": true,
      "_timeout": 2000
    }
  ],
  "meta": {
    "mocha": {
      "version": "7.0.1"
    },
    "mochawesome": {
      "options": {
        "quiet": false,
        "reportFilename": "mochawesome",
        "saveHtml": false,
        "saveJson": true,
        "consoleReporter": "spec",
        "useInlineDiffs": false,
        "code": true
      },
      "version": "7.1.3"
    },
    "marge": {
      "options": {
        "charts": true,
        "reportPageTitle": "Fiducial API Test",
        "embeddedScreenshots": true,
        "inlineAssets": true,
        "saveAllAttempts": false,
        "overwrite": false,
        "html": false,
        "json": true,
        "reportDir": "cypress/reports/html/.jsons"
      },
      "version": "6.2.0"
    }
  }
}