{
  "stats": {
    "suites": 1,
    "tests": 5,
    "passes": 3,
    "pending": 0,
    "failures": 2,
    "start": "2023-08-16T14:21:35.822Z",
    "end": "2023-08-16T14:21:41.208Z",
    "duration": 5386,
    "testsRegistered": 5,
    "passPercent": 60,
    "pendingPercent": 0,
    "other": 0,
    "hasOther": false,
    "skipped": 0,
    "hasSkipped": false
  },
  "results": [
    {
      "uuid": "4bb35352-1441-471c-83df-b42b42c341fc",
      "title": "",
      "fullFile": "cypress/e2e/Achats/SupplierFamily.cy.js",
      "file": "cypress/e2e/Achats/SupplierFamily.cy.js",
      "beforeHooks": [],
      "afterHooks": [],
      "tests": [],
      "suites": [
        {
          "uuid": "d8c6d358-29cc-41e1-b668-dc53b1de9c01",
          "title": "Suppliers Family",
          "fullFile": "",
          "file": "",
          "beforeHooks": [],
          "afterHooks": [],
          "tests": [
            {
              "title": "Post Supplier Family 201",
              "fullTitle": "Suppliers Family Post Supplier Family 201",
              "timedOut": null,
              "duration": 3129,
              "state": "passed",
              "speed": "fast",
              "pass": true,
              "fail": false,
              "pending": false,
              "context": "{\n  \"title\": \"cypress-mochawesome-reporter-videos-passed\",\n  \"value\": \"cypress/e2e/Achats/SupplierFamily.cy.js\"\n}",
              "code": "cy.Post_API_With_Body('purchases/companies/' + Company + '/supplier-families', tt, dt1['code201']).then(Response => {\n  expect(Response.status).to.eq(201);\n  cy.log(JSON.stringify(Response.body));\n  id_suppliers_Family = Response.body[\"id\"];\n  cy.log(id_suppliers_Family);\n});",
              "err": {},
              "uuid": "b9b964aa-3201-4e04-b4c4-5f7bb14680fe",
              "parentUUID": "d8c6d358-29cc-41e1-b668-dc53b1de9c01",
              "isHook": false,
              "skipped": false
            },
            {
              "title": "Get Supplier Family  200",
              "fullTitle": "Suppliers Family Get Supplier Family  200",
              "timedOut": null,
              "duration": 439,
              "state": "failed",
              "speed": null,
              "pass": false,
              "fail": true,
              "pending": false,
              "context": "[\n  {\n    \"title\": \"cypress-mochawesome-reporter-videos-failed\",\n    \"value\": \"cypress/e2e/Achats/SupplierFamily.cy.js\"\n  },\n  {\n    \"title\": \"cypress-mochawesome-reporter-screenshots\",\n    \"value\": [\n      [\n        \"/Achats/SupplierFamily.cy.js/Suppliers Family -- Get Supplier Family  200 (failed).png\"\n      ]\n    ]\n  }\n]",
              "code": "cy.GET_API('purchases/companies/' + Company + '/supplier-families/' + id_suppliers_Family, tt).then(Response => {\n  expect(Response.status).to.eq(200);\n  cy.log(JSON.stringify(Response.body));\n});",
              "err": {
                "message": "AssertionError: expected 405 to equal 200",
                "estack": "AssertionError: expected 405 to equal 200\n    at Context.eval (webpack:///./cypress/e2e/Achats/SupplierFamily.cy.js:52:43)",
                "diff": "- 405\n+ 200\n"
              },
              "uuid": "c40297d7-9f7c-480c-9ecf-8dfb36941254",
              "parentUUID": "d8c6d358-29cc-41e1-b668-dc53b1de9c01",
              "isHook": false,
              "skipped": false
            },
            {
              "title": "Get List Supplier Family 200",
              "fullTitle": "Suppliers Family Get List Supplier Family 200",
              "timedOut": null,
              "duration": 309,
              "state": "passed",
              "speed": "fast",
              "pass": true,
              "fail": false,
              "pending": false,
              "context": "{\n  \"title\": \"cypress-mochawesome-reporter-videos-passed\",\n  \"value\": \"cypress/e2e/Achats/SupplierFamily.cy.js\"\n}",
              "code": "cy.GET_API('purchases/companies/' + Company + '/supplier-families ', tt).then(Response => {\n  expect(Response.status).to.eq(200);\n  cy.log(JSON.stringify(Response.body));\n});",
              "err": {},
              "uuid": "dc3e16c6-3a90-4890-a7dc-b986fb2a404c",
              "parentUUID": "d8c6d358-29cc-41e1-b668-dc53b1de9c01",
              "isHook": false,
              "skipped": false
            },
            {
              "title": "Get Export Supplier Family 200",
              "fullTitle": "Suppliers Family Get Export Supplier Family 200",
              "timedOut": null,
              "duration": 405,
              "state": "failed",
              "speed": null,
              "pass": false,
              "fail": true,
              "pending": false,
              "context": "[\n  {\n    \"title\": \"cypress-mochawesome-reporter-videos-failed\",\n    \"value\": \"cypress/e2e/Achats/SupplierFamily.cy.js\"\n  },\n  {\n    \"title\": \"cypress-mochawesome-reporter-screenshots\",\n    \"value\": [\n      [\n        \"/Achats/SupplierFamily.cy.js/Suppliers Family -- Get Export Supplier Family 200 (failed).png\"\n      ]\n    ]\n  }\n]",
              "code": "cy.GET_API('purchases/companies/' + Company + '/supplier-families/export', tt).then(Response => {\n  expect(Response.status).to.eq(200);\n  cy.log(JSON.stringify(Response.body));\n});",
              "err": {
                "message": "AssertionError: expected 405 to equal 200",
                "estack": "AssertionError: expected 405 to equal 200\n    at Context.eval (webpack:///./cypress/e2e/Achats/SupplierFamily.cy.js:80:39)",
                "diff": "- 405\n+ 200\n"
              },
              "uuid": "2e02ae7e-673e-4fad-b470-d14b1474e6e4",
              "parentUUID": "d8c6d358-29cc-41e1-b668-dc53b1de9c01",
              "isHook": false,
              "skipped": false
            },
            {
              "title": "Delete  Supplier Family 200",
              "fullTitle": "Suppliers Family Delete  Supplier Family 200",
              "timedOut": null,
              "duration": 1014,
              "state": "passed",
              "speed": "fast",
              "pass": true,
              "fail": false,
              "pending": false,
              "context": "{\n  \"title\": \"cypress-mochawesome-reporter-videos-passed\",\n  \"value\": \"cypress/e2e/Achats/SupplierFamily.cy.js\"\n}",
              "code": "https:\n//purchase-qa.facilia.com/purchases/companies/2/supplier-families/124\ncy.DELETE_API('purchases/companies/' + Company + '/supplier-families/' + id_suppliers_Family, tt).then(Response => {\n  cy.log(id_suppliers_Family);\n  expect(Response.status).to.eq(204);\n  cy.log(JSON.stringify(Response.body));\n});",
              "err": {},
              "uuid": "9f54499f-4605-4388-93b6-2be0e956155a",
              "parentUUID": "d8c6d358-29cc-41e1-b668-dc53b1de9c01",
              "isHook": false,
              "skipped": false
            }
          ],
          "suites": [],
          "passes": [
            "b9b964aa-3201-4e04-b4c4-5f7bb14680fe",
            "dc3e16c6-3a90-4890-a7dc-b986fb2a404c",
            "9f54499f-4605-4388-93b6-2be0e956155a"
          ],
          "failures": [
            "c40297d7-9f7c-480c-9ecf-8dfb36941254",
            "2e02ae7e-673e-4fad-b470-d14b1474e6e4"
          ],
          "pending": [],
          "skipped": [],
          "duration": 5296,
          "root": false,
          "rootEmpty": false,
          "_timeout": 2000
        }
      ],
      "passes": [],
      "failures": [],
      "pending": [],
      "skipped": [],
      "duration": 0,
      "root": true,
      "rootEmpty": true,
      "_timeout": 2000
    }
  ],
  "meta": {
    "mocha": {
      "version": "7.0.1"
    },
    "mochawesome": {
      "options": {
        "quiet": false,
        "reportFilename": "mochawesome",
        "saveHtml": false,
        "saveJson": true,
        "consoleReporter": "spec",
        "useInlineDiffs": false,
        "code": true
      },
      "version": "7.1.3"
    },
    "marge": {
      "options": {
        "charts": true,
        "reportPageTitle": "Fiducial API Test",
        "embeddedScreenshots": true,
        "inlineAssets": true,
        "saveAllAttempts": false,
        "overwrite": false,
        "html": false,
        "json": true,
        "reportDir": "cypress/reports/html/.jsons"
      },
      "version": "6.2.0"
    }
  }
}