{
  "stats": {
    "suites": 1,
    "tests": 2,
    "passes": 2,
    "pending": 0,
    "failures": 0,
    "start": "2023-08-15T13:42:04.457Z",
    "end": "2023-08-15T13:42:07.319Z",
    "duration": 2862,
    "testsRegistered": 2,
    "passPercent": 100,
    "pendingPercent": 0,
    "other": 0,
    "hasOther": false,
    "skipped": 0,
    "hasSkipped": false
  },
  "results": [
    {
      "uuid": "3244b6ac-19ce-4636-8d1b-1be3bc564f95",
      "title": "",
      "fullFile": "cypress/e2e/Ventes/DownloadImportModel.cy.js",
      "file": "cypress/e2e/Ventes/DownloadImportModel.cy.js",
      "beforeHooks": [],
      "afterHooks": [],
      "tests": [],
      "suites": [
        {
          "uuid": "4b9d4792-1a89-42fd-a467-a0bbd0f698f4",
          "title": "download-import-model",
          "fullFile": "",
          "file": "",
          "beforeHooks": [],
          "afterHooks": [],
          "tests": [
            {
              "title": "Get download-import-model CLIENTS",
              "fullTitle": "download-import-model Get download-import-model CLIENTS",
              "timedOut": null,
              "duration": 2414,
              "state": "passed",
              "speed": "fast",
              "pass": true,
              "fail": false,
              "pending": false,
              "context": "{\n  \"title\": \"cypress-mochawesome-reporter-videos-passed\",\n  \"value\": \"cypress/e2e/Ventes/DownloadImportModel.cy.js\"\n}",
              "code": "cy.GET_API_SALES('common/download-import-model?type=CLIENTS', tt).then(Response => {\n  expect(Response.status).to.eq(200);\n});",
              "err": {},
              "uuid": "d1f0ada9-d4c7-47c0-baf0-08a766fe345a",
              "parentUUID": "4b9d4792-1a89-42fd-a467-a0bbd0f698f4",
              "isHook": false,
              "skipped": false
            },
            {
              "title": "Get download-import-model ARTICLES",
              "fullTitle": "download-import-model Get download-import-model ARTICLES",
              "timedOut": null,
              "duration": 427,
              "state": "passed",
              "speed": "fast",
              "pass": true,
              "fail": false,
              "pending": false,
              "context": "{\n  \"title\": \"cypress-mochawesome-reporter-videos-passed\",\n  \"value\": \"cypress/e2e/Ventes/DownloadImportModel.cy.js\"\n}",
              "code": "cy.GET_API_SALES('common/download-import-model?type=ARTICLES', tt).then(Response => {\n  expect(Response.status).to.eq(200);\n});",
              "err": {},
              "uuid": "f91feb9e-a28c-4774-a67f-8f0adfadc629",
              "parentUUID": "4b9d4792-1a89-42fd-a467-a0bbd0f698f4",
              "isHook": false,
              "skipped": false
            }
          ],
          "suites": [],
          "passes": [
            "d1f0ada9-d4c7-47c0-baf0-08a766fe345a",
            "f91feb9e-a28c-4774-a67f-8f0adfadc629"
          ],
          "failures": [],
          "pending": [],
          "skipped": [],
          "duration": 2841,
          "root": false,
          "rootEmpty": false,
          "_timeout": 2000
        }
      ],
      "passes": [],
      "failures": [],
      "pending": [],
      "skipped": [],
      "duration": 0,
      "root": true,
      "rootEmpty": true,
      "_timeout": 2000
    }
  ],
  "meta": {
    "mocha": {
      "version": "7.0.1"
    },
    "mochawesome": {
      "options": {
        "quiet": false,
        "reportFilename": "mochawesome",
        "saveHtml": false,
        "saveJson": true,
        "consoleReporter": "spec",
        "useInlineDiffs": false,
        "code": true
      },
      "version": "7.1.3"
    },
    "marge": {
      "options": {
        "charts": true,
        "reportPageTitle": "Fiducial API Test",
        "embeddedScreenshots": true,
        "inlineAssets": true,
        "saveAllAttempts": false,
        "overwrite": false,
        "html": false,
        "json": true,
        "reportDir": "cypress/reports/html/.jsons"
      },
      "version": "6.2.0"
    }
  }
}