{
  "stats": {
    "suites": 1,
    "tests": 6,
    "passes": 0,
    "pending": 0,
    "failures": 6,
    "start": "2023-08-16T14:21:27.641Z",
    "end": "2023-08-16T14:21:32.372Z",
    "duration": 4731,
    "testsRegistered": 6,
    "passPercent": 0,
    "pendingPercent": 0,
    "other": 0,
    "hasOther": false,
    "skipped": 0,
    "hasSkipped": false
  },
  "results": [
    {
      "uuid": "e980f516-d007-43c5-9472-50aeaeda0fe0",
      "title": "",
      "fullFile": "cypress/e2e/Achats/SupplierFamiliesMetrics.cy.js",
      "file": "cypress/e2e/Achats/SupplierFamiliesMetrics.cy.js",
      "beforeHooks": [],
      "afterHooks": [],
      "tests": [],
      "suites": [
        {
          "uuid": "f5c2bdfd-3c92-44fb-8de2-028581a9f267",
          "title": "Suppliers Metrics",
          "fullFile": "",
          "file": "",
          "beforeHooks": [],
          "afterHooks": [],
          "tests": [
            {
              "title": "Get total amount of invoices of the suppliers belonging to a given family by exercise month",
              "fullTitle": "Suppliers Metrics Get total amount of invoices of the suppliers belonging to a given family by exercise month",
              "timedOut": null,
              "duration": 2381,
              "state": "failed",
              "speed": null,
              "pass": false,
              "fail": true,
              "pending": false,
              "context": "[\n  {\n    \"title\": \"cypress-mochawesome-reporter-videos-failed\",\n    \"value\": \"cypress/e2e/Achats/SupplierFamiliesMetrics.cy.js\"\n  },\n  {\n    \"title\": \"cypress-mochawesome-reporter-screenshots\",\n    \"value\": [\n      [\n        \"/Achats/SupplierFamiliesMetrics.cy.js/Suppliers Metrics -- Get total amount of invoices of the suppliers belonging to a given family by exercise month (failed).png\"\n      ]\n    ]\n  }\n]",
              "code": "cy.GET_API('purchases/companies/' + Company + '/supplier-families/metrics/invoices/exercise-amount-monthly', tt).then(Response => {\n  expect(Response.status).to.eq(200);\n  //var d =(JSON.stringify(Response.body))\n  cy.log(Response.body);\n});",
              "err": {
                "message": "AssertionError: expected 404 to equal 200",
                "estack": "AssertionError: expected 404 to equal 200\n    at Context.eval (webpack:///./cypress/e2e/Achats/SupplierFamiliesMetrics.cy.js:39:35)",
                "diff": "- 404\n+ 200\n"
              },
              "uuid": "9265c7aa-5e06-463a-8218-06661487e1c9",
              "parentUUID": "f5c2bdfd-3c92-44fb-8de2-028581a9f267",
              "isHook": false,
              "skipped": false
            },
            {
              "title": "Get total amount of invoices of the suppliers belonging to a given family by exercise year",
              "fullTitle": "Suppliers Metrics Get total amount of invoices of the suppliers belonging to a given family by exercise year",
              "timedOut": null,
              "duration": 396,
              "state": "failed",
              "speed": null,
              "pass": false,
              "fail": true,
              "pending": false,
              "context": "[\n  {\n    \"title\": \"cypress-mochawesome-reporter-videos-failed\",\n    \"value\": \"cypress/e2e/Achats/SupplierFamiliesMetrics.cy.js\"\n  },\n  {\n    \"title\": \"cypress-mochawesome-reporter-screenshots\",\n    \"value\": [\n      [\n        \"/Achats/SupplierFamiliesMetrics.cy.js/Suppliers Metrics -- Get total amount of invoices of the suppliers belonging to a given family by exercise year (failed).png\"\n      ]\n    ]\n  }\n]",
              "code": "cy.GET_API('purchases/companies/' + Company + '/suppliers/metrics/invoices/exercise-amount-yearly', tt).then(Response => {\n  expect(Response.status).to.eq(200);\n  //var d =(JSON.stringify(Response.body))\n  cy.log(Response.body);\n});",
              "err": {
                "message": "AssertionError: expected 404 to equal 200",
                "estack": "AssertionError: expected 404 to equal 200\n    at Context.eval (webpack:///./cypress/e2e/Achats/SupplierFamiliesMetrics.cy.js:59:35)",
                "diff": "- 404\n+ 200\n"
              },
              "uuid": "6b916b9f-51e1-4191-a9e2-ab6e63f389d0",
              "parentUUID": "f5c2bdfd-3c92-44fb-8de2-028581a9f267",
              "isHook": false,
              "skipped": false
            },
            {
              "title": "Get total amount of invoices of the suppliers belonging to a given family by exercise year",
              "fullTitle": "Suppliers Metrics Get total amount of invoices of the suppliers belonging to a given family by exercise year",
              "timedOut": null,
              "duration": 457,
              "state": "failed",
              "speed": null,
              "pass": false,
              "fail": true,
              "pending": false,
              "context": "[\n  {\n    \"title\": \"cypress-mochawesome-reporter-videos-failed\",\n    \"value\": \"cypress/e2e/Achats/SupplierFamiliesMetrics.cy.js\"\n  },\n  {\n    \"title\": \"cypress-mochawesome-reporter-screenshots\",\n    \"value\": [\n      [\n        \"/Achats/SupplierFamiliesMetrics.cy.js/Suppliers Metrics -- Get total amount of invoices of the suppliers belonging to a given family by exercise year (failed) (1).png\"\n      ]\n    ]\n  }\n]",
              "code": "cy.GET_API('purchases/companies/' + Company + '/supplier-families/metrics/invoices/exercise-amount-yearly', tt).then(Response => {\n  expect(Response.status).to.eq(200);\n  //var d =(JSON.stringify(Response.body))\n  cy.log(Response.body);\n});",
              "err": {
                "message": "AssertionError: expected 404 to equal 200",
                "estack": "AssertionError: expected 404 to equal 200\n    at Context.eval (webpack:///./cypress/e2e/Achats/SupplierFamiliesMetrics.cy.js:73:35)",
                "diff": "- 404\n+ 200\n"
              },
              "uuid": "445a57ba-2325-4439-8b10-6cbd2178e65d",
              "parentUUID": "f5c2bdfd-3c92-44fb-8de2-028581a9f267",
              "isHook": false,
              "skipped": false
            },
            {
              "title": "Get total amount of invoices of the suppliers belonging to a given family by civil year (monthly)",
              "fullTitle": "Suppliers Metrics Get total amount of invoices of the suppliers belonging to a given family by civil year (monthly)",
              "timedOut": null,
              "duration": 470,
              "state": "failed",
              "speed": null,
              "pass": false,
              "fail": true,
              "pending": false,
              "context": "[\n  {\n    \"title\": \"cypress-mochawesome-reporter-videos-failed\",\n    \"value\": \"cypress/e2e/Achats/SupplierFamiliesMetrics.cy.js\"\n  },\n  {\n    \"title\": \"cypress-mochawesome-reporter-screenshots\",\n    \"value\": [\n      [\n        \"/Achats/SupplierFamiliesMetrics.cy.js/Suppliers Metrics -- Get total amount of invoices of the suppliers belonging to a given family by civil year (monthly) (failed).png\"\n      ]\n    ]\n  }\n]",
              "code": "cy.GET_API('purchases/companies/' + Company + '/supplier-families/metrics/invoices/civil-year-amount-monthly', tt).then(Response => {\n  expect(Response.status).to.eq(200);\n  //var d =(JSON.stringify(Response.body))\n  cy.log(Response.body);\n});",
              "err": {
                "message": "AssertionError: expected 404 to equal 200",
                "estack": "AssertionError: expected 404 to equal 200\n    at Context.eval (webpack:///./cypress/e2e/Achats/SupplierFamiliesMetrics.cy.js:87:35)",
                "diff": "- 404\n+ 200\n"
              },
              "uuid": "4932d200-db9e-497a-8438-55fab72dc878",
              "parentUUID": "f5c2bdfd-3c92-44fb-8de2-028581a9f267",
              "isHook": false,
              "skipped": false
            },
            {
              "title": "Get total amount of invoices of the suppliers belonging to a given family by civil year (January 1st to December 31st)",
              "fullTitle": "Suppliers Metrics Get total amount of invoices of the suppliers belonging to a given family by civil year (January 1st to December 31st)",
              "timedOut": null,
              "duration": 440,
              "state": "failed",
              "speed": null,
              "pass": false,
              "fail": true,
              "pending": false,
              "context": "[\n  {\n    \"title\": \"cypress-mochawesome-reporter-videos-failed\",\n    \"value\": \"cypress/e2e/Achats/SupplierFamiliesMetrics.cy.js\"\n  },\n  {\n    \"title\": \"cypress-mochawesome-reporter-screenshots\",\n    \"value\": [\n      [\n        \"/Achats/SupplierFamiliesMetrics.cy.js/Suppliers Metrics -- Get total amount of invoices of the suppliers belonging to a given family by civil year (January 1st to December 31st) (failed).png\"\n      ]\n    ]\n  }\n]",
              "code": "cy.GET_API('purchases/companies/' + Company + '/supplier-families/metrics/invoices/civil-year-amount-yearly', tt).then(Response => {\n  expect(Response.status).to.eq(200);\n  //var d =(JSON.stringify(Response.body))\n  cy.log(Response.body);\n});",
              "err": {
                "message": "AssertionError: expected 404 to equal 200",
                "estack": "AssertionError: expected 404 to equal 200\n    at Context.eval (webpack:///./cypress/e2e/Achats/SupplierFamiliesMetrics.cy.js:100:35)",
                "diff": "- 404\n+ 200\n"
              },
              "uuid": "7d149553-4741-4bd8-8ead-c5f189e81c17",
              "parentUUID": "f5c2bdfd-3c92-44fb-8de2-028581a9f267",
              "isHook": false,
              "skipped": false
            },
            {
              "title": "Get total amount of invoices of the suppliers belonging to a given family for the last 12 months",
              "fullTitle": "Suppliers Metrics Get total amount of invoices of the suppliers belonging to a given family for the last 12 months",
              "timedOut": null,
              "duration": 459,
              "state": "failed",
              "speed": null,
              "pass": false,
              "fail": true,
              "pending": false,
              "context": "[\n  {\n    \"title\": \"cypress-mochawesome-reporter-videos-failed\",\n    \"value\": \"cypress/e2e/Achats/SupplierFamiliesMetrics.cy.js\"\n  },\n  {\n    \"title\": \"cypress-mochawesome-reporter-screenshots\",\n    \"value\": [\n      [\n        \"/Achats/SupplierFamiliesMetrics.cy.js/Suppliers Metrics -- Get total amount of invoices of the suppliers belonging to a given family for the last 12 months (failed).png\"\n      ]\n    ]\n  }\n]",
              "code": "cy.GET_API('purchases/companies/' + Company + '/supplier-families/metrics/invoices/amount-monthly', tt).then(Response => {\n  expect(Response.status).to.eq(200);\n  //var d =(JSON.stringify(Response.body))\n  cy.log(Response.body);\n});",
              "err": {
                "message": "AssertionError: expected 404 to equal 200",
                "estack": "AssertionError: expected 404 to equal 200\n    at Context.eval (webpack:///./cypress/e2e/Achats/SupplierFamiliesMetrics.cy.js:112:35)",
                "diff": "- 404\n+ 200\n"
              },
              "uuid": "3f021d8d-6565-4a9f-936b-66d408bb1dab",
              "parentUUID": "f5c2bdfd-3c92-44fb-8de2-028581a9f267",
              "isHook": false,
              "skipped": false
            }
          ],
          "suites": [],
          "passes": [],
          "failures": [
            "9265c7aa-5e06-463a-8218-06661487e1c9",
            "6b916b9f-51e1-4191-a9e2-ab6e63f389d0",
            "445a57ba-2325-4439-8b10-6cbd2178e65d",
            "4932d200-db9e-497a-8438-55fab72dc878",
            "7d149553-4741-4bd8-8ead-c5f189e81c17",
            "3f021d8d-6565-4a9f-936b-66d408bb1dab"
          ],
          "pending": [],
          "skipped": [],
          "duration": 4603,
          "root": false,
          "rootEmpty": false,
          "_timeout": 2000
        }
      ],
      "passes": [],
      "failures": [],
      "pending": [],
      "skipped": [],
      "duration": 0,
      "root": true,
      "rootEmpty": true,
      "_timeout": 2000
    }
  ],
  "meta": {
    "mocha": {
      "version": "7.0.1"
    },
    "mochawesome": {
      "options": {
        "quiet": false,
        "reportFilename": "mochawesome",
        "saveHtml": false,
        "saveJson": true,
        "consoleReporter": "spec",
        "useInlineDiffs": false,
        "code": true
      },
      "version": "7.1.3"
    },
    "marge": {
      "options": {
        "charts": true,
        "reportPageTitle": "Fiducial API Test",
        "embeddedScreenshots": true,
        "inlineAssets": true,
        "saveAllAttempts": false,
        "overwrite": false,
        "html": false,
        "json": true,
        "reportDir": "cypress/reports/html/.jsons"
      },
      "version": "6.2.0"
    }
  }
}