{
  "stats": {
    "suites": 1,
    "tests": 1,
    "passes": 1,
    "pending": 0,
    "failures": 0,
    "start": "2023-08-16T14:24:40.634Z",
    "end": "2023-08-16T14:24:45.471Z",
    "duration": 4837,
    "testsRegistered": 1,
    "passPercent": 100,
    "pendingPercent": 0,
    "other": 0,
    "hasOther": false,
    "skipped": 0,
    "hasSkipped": false
  },
  "results": [
    {
      "uuid": "0f182435-7899-4a6a-a9f6-857715937ab3",
      "title": "",
      "fullFile": "cypress/e2e/Ventes/TaskManagement.cy.js",
      "file": "cypress/e2e/Ventes/TaskManagement.cy.js",
      "beforeHooks": [],
      "afterHooks": [],
      "tests": [],
      "suites": [
        {
          "uuid": "68f7ec07-fafb-4bdc-8a48-d79962a694f6",
          "title": "Sales",
          "fullFile": "",
          "file": "",
          "beforeHooks": [],
          "afterHooks": [],
          "tests": [
            {
              "title": "Get Task Management",
              "fullTitle": "Sales Get Task Management",
              "timedOut": null,
              "duration": 4772,
              "state": "passed",
              "speed": "fast",
              "pass": true,
              "fail": false,
              "pending": false,
              "context": "{\n  \"title\": \"cypress-mochawesome-reporter-videos-passed\",\n  \"value\": \"cypress/e2e/Ventes/TaskManagement.cy.js\"\n}",
              "code": "cy.GET_API_SALES('task-management', tt).then(Response => {\n  expect(Response.status).to.eq(200);\n  cy.log(Response.body);\n});",
              "err": {},
              "uuid": "6eb67dac-1088-46ea-8485-8eca83669ecb",
              "parentUUID": "68f7ec07-fafb-4bdc-8a48-d79962a694f6",
              "isHook": false,
              "skipped": false
            }
          ],
          "suites": [],
          "passes": [
            "6eb67dac-1088-46ea-8485-8eca83669ecb"
          ],
          "failures": [],
          "pending": [],
          "skipped": [],
          "duration": 4772,
          "root": false,
          "rootEmpty": false,
          "_timeout": 2000
        }
      ],
      "passes": [],
      "failures": [],
      "pending": [],
      "skipped": [],
      "duration": 0,
      "root": true,
      "rootEmpty": true,
      "_timeout": 2000
    }
  ],
  "meta": {
    "mocha": {
      "version": "7.0.1"
    },
    "mochawesome": {
      "options": {
        "quiet": false,
        "reportFilename": "mochawesome",
        "saveHtml": false,
        "saveJson": true,
        "consoleReporter": "spec",
        "useInlineDiffs": false,
        "code": true
      },
      "version": "7.1.3"
    },
    "marge": {
      "options": {
        "charts": true,
        "reportPageTitle": "Fiducial API Test",
        "embeddedScreenshots": true,
        "inlineAssets": true,
        "saveAllAttempts": false,
        "overwrite": false,
        "html": false,
        "json": true,
        "reportDir": "cypress/reports/html/.jsons"
      },
      "version": "6.2.0"
    }
  }
}