{
  "stats": {
    "suites": 1,
    "tests": 5,
    "passes": 0,
    "pending": 0,
    "failures": 5,
    "start": "2023-08-16T14:22:07.039Z",
    "end": "2023-08-16T14:22:11.618Z",
    "duration": 4579,
    "testsRegistered": 5,
    "passPercent": 0,
    "pendingPercent": 0,
    "other": 0,
    "hasOther": false,
    "skipped": 0,
    "hasSkipped": false
  },
  "results": [
    {
      "uuid": "ea4940ba-6691-4ed9-92bf-04a2649e63c3",
      "title": "",
      "fullFile": "cypress/e2e/Achats/SuppliersMetrics.cy.js",
      "file": "cypress/e2e/Achats/SuppliersMetrics.cy.js",
      "beforeHooks": [],
      "afterHooks": [],
      "tests": [],
      "suites": [
        {
          "uuid": "cdd58858-1d74-4248-8b76-b0c0abeb9734",
          "title": "Suppliers Metrics",
          "fullFile": "",
          "file": "",
          "beforeHooks": [],
          "afterHooks": [],
          "tests": [
            {
              "title": "Get total amount of invoices associated to a supplier by exercise month",
              "fullTitle": "Suppliers Metrics Get total amount of invoices associated to a supplier by exercise month",
              "timedOut": null,
              "duration": 2706,
              "state": "failed",
              "speed": null,
              "pass": false,
              "fail": true,
              "pending": false,
              "context": "[\n  {\n    \"title\": \"cypress-mochawesome-reporter-videos-failed\",\n    \"value\": \"cypress/e2e/Achats/SuppliersMetrics.cy.js\"\n  },\n  {\n    \"title\": \"cypress-mochawesome-reporter-screenshots\",\n    \"value\": [\n      [\n        \"/Achats/SuppliersMetrics.cy.js/Suppliers Metrics -- Get total amount of invoices associated to a supplier by exercise month (failed).png\"\n      ]\n    ]\n  }\n]",
              "code": "cy.GET_API('purchases/companies/' + Company + '/suppliers/metrics/invoices/exercise-amount-monthly', tt).then(Response => {\n  expect(Response.status).to.eq(200);\n  //var d =(JSON.stringify(Response.body))\n  cy.log(Response.body);\n});",
              "err": {
                "message": "AssertionError: expected 404 to equal 200",
                "estack": "AssertionError: expected 404 to equal 200\n    at Context.eval (webpack:///./cypress/e2e/Achats/SuppliersMetrics.cy.js:39:35)",
                "diff": "- 404\n+ 200\n"
              },
              "uuid": "9aa69ee0-4a73-4fd3-91ae-7d9c5f885b50",
              "parentUUID": "cdd58858-1d74-4248-8b76-b0c0abeb9734",
              "isHook": false,
              "skipped": false
            },
            {
              "title": "Get total amount of invoices associated to a supplier by exercise year",
              "fullTitle": "Suppliers Metrics Get total amount of invoices associated to a supplier by exercise year",
              "timedOut": null,
              "duration": 423,
              "state": "failed",
              "speed": null,
              "pass": false,
              "fail": true,
              "pending": false,
              "context": "[\n  {\n    \"title\": \"cypress-mochawesome-reporter-videos-failed\",\n    \"value\": \"cypress/e2e/Achats/SuppliersMetrics.cy.js\"\n  },\n  {\n    \"title\": \"cypress-mochawesome-reporter-screenshots\",\n    \"value\": [\n      [\n        \"/Achats/SuppliersMetrics.cy.js/Suppliers Metrics -- Get total amount of invoices associated to a supplier by exercise year (failed).png\"\n      ]\n    ]\n  }\n]",
              "code": "cy.GET_API('purchases/companies/' + Company + '/suppliers/metrics/invoices/exercise-amount-yearly', tt).then(Response => {\n  expect(Response.status).to.eq(200);\n  //var d =(JSON.stringify(Response.body))\n  cy.log(Response.body);\n});",
              "err": {
                "message": "AssertionError: expected 404 to equal 200",
                "estack": "AssertionError: expected 404 to equal 200\n    at Context.eval (webpack:///./cypress/e2e/Achats/SuppliersMetrics.cy.js:57:35)",
                "diff": "- 404\n+ 200\n"
              },
              "uuid": "cee69a7e-8ae8-4c4e-88b7-c690ec830688",
              "parentUUID": "cdd58858-1d74-4248-8b76-b0c0abeb9734",
              "isHook": false,
              "skipped": false
            },
            {
              "title": "Get total amount of invoices associated to a supplier by civil year (monthly)",
              "fullTitle": "Suppliers Metrics Get total amount of invoices associated to a supplier by civil year (monthly)",
              "timedOut": null,
              "duration": 456,
              "state": "failed",
              "speed": null,
              "pass": false,
              "fail": true,
              "pending": false,
              "context": "[\n  {\n    \"title\": \"cypress-mochawesome-reporter-videos-failed\",\n    \"value\": \"cypress/e2e/Achats/SuppliersMetrics.cy.js\"\n  },\n  {\n    \"title\": \"cypress-mochawesome-reporter-screenshots\",\n    \"value\": [\n      [\n        \"/Achats/SuppliersMetrics.cy.js/Suppliers Metrics -- Get total amount of invoices associated to a supplier by civil year (monthly) (failed).png\"\n      ]\n    ]\n  }\n]",
              "code": "cy.GET_API('purchases/companies/' + Company + '/suppliers/metrics/invoices/civil-year-amount-monthly', tt).then(Response => {\n  expect(Response.status).to.eq(200);\n  //var d =(JSON.stringify(Response.body))\n  cy.log(Response.body);\n});",
              "err": {
                "message": "AssertionError: expected 404 to equal 200",
                "estack": "AssertionError: expected 404 to equal 200\n    at Context.eval (webpack:///./cypress/e2e/Achats/SuppliersMetrics.cy.js:71:35)",
                "diff": "- 404\n+ 200\n"
              },
              "uuid": "df7f8aeb-4ed0-46fd-9474-50d127fc6c52",
              "parentUUID": "cdd58858-1d74-4248-8b76-b0c0abeb9734",
              "isHook": false,
              "skipped": false
            },
            {
              "title": "Get total amount of invoices associated to a supplier by civil year (January 1st to December 31st)",
              "fullTitle": "Suppliers Metrics Get total amount of invoices associated to a supplier by civil year (January 1st to December 31st)",
              "timedOut": null,
              "duration": 423,
              "state": "failed",
              "speed": null,
              "pass": false,
              "fail": true,
              "pending": false,
              "context": "[\n  {\n    \"title\": \"cypress-mochawesome-reporter-videos-failed\",\n    \"value\": \"cypress/e2e/Achats/SuppliersMetrics.cy.js\"\n  },\n  {\n    \"title\": \"cypress-mochawesome-reporter-screenshots\",\n    \"value\": [\n      [\n        \"/Achats/SuppliersMetrics.cy.js/Suppliers Metrics -- Get total amount of invoices associated to a supplier by civil year (January 1st to December 31st) (failed).png\"\n      ]\n    ]\n  }\n]",
              "code": "cy.GET_API('purchases/companies/' + Company + '/suppliers/metrics/invoices/civil-year-amount-yearly', tt).then(Response => {\n  expect(Response.status).to.eq(200);\n  //var d =(JSON.stringify(Response.body))\n  cy.log(Response.body);\n});",
              "err": {
                "message": "AssertionError: expected 404 to equal 200",
                "estack": "AssertionError: expected 404 to equal 200\n    at Context.eval (webpack:///./cypress/e2e/Achats/SuppliersMetrics.cy.js:83:35)",
                "diff": "- 404\n+ 200\n"
              },
              "uuid": "b6c49761-1a84-4dc4-bdfb-a1728fb64760",
              "parentUUID": "cdd58858-1d74-4248-8b76-b0c0abeb9734",
              "isHook": false,
              "skipped": false
            },
            {
              "title": "Get total amount of invoices of the suppliers for the last 12 months",
              "fullTitle": "Suppliers Metrics Get total amount of invoices of the suppliers for the last 12 months",
              "timedOut": null,
              "duration": 456,
              "state": "failed",
              "speed": null,
              "pass": false,
              "fail": true,
              "pending": false,
              "context": "[\n  {\n    \"title\": \"cypress-mochawesome-reporter-videos-failed\",\n    \"value\": \"cypress/e2e/Achats/SuppliersMetrics.cy.js\"\n  },\n  {\n    \"title\": \"cypress-mochawesome-reporter-screenshots\",\n    \"value\": [\n      [\n        \"/Achats/SuppliersMetrics.cy.js/Suppliers Metrics -- Get total amount of invoices of the suppliers for the last 12 months (failed).png\"\n      ]\n    ]\n  }\n]",
              "code": "cy.GET_API('purchases/companies/' + Company + '/suppliers/metrics/invoices/amount-monthly', tt).then(Response => {\n  expect(Response.status).to.eq(200);\n  //var d =(JSON.stringify(Response.body))\n  cy.log(Response.body);\n});",
              "err": {
                "message": "AssertionError: expected 404 to equal 200",
                "estack": "AssertionError: expected 404 to equal 200\n    at Context.eval (webpack:///./cypress/e2e/Achats/SuppliersMetrics.cy.js:96:35)",
                "diff": "- 404\n+ 200\n"
              },
              "uuid": "f2353fec-6224-4948-b821-d28f1c257223",
              "parentUUID": "cdd58858-1d74-4248-8b76-b0c0abeb9734",
              "isHook": false,
              "skipped": false
            }
          ],
          "suites": [],
          "passes": [],
          "failures": [
            "9aa69ee0-4a73-4fd3-91ae-7d9c5f885b50",
            "cee69a7e-8ae8-4c4e-88b7-c690ec830688",
            "df7f8aeb-4ed0-46fd-9474-50d127fc6c52",
            "b6c49761-1a84-4dc4-bdfb-a1728fb64760",
            "f2353fec-6224-4948-b821-d28f1c257223"
          ],
          "pending": [],
          "skipped": [],
          "duration": 4464,
          "root": false,
          "rootEmpty": false,
          "_timeout": 2000
        }
      ],
      "passes": [],
      "failures": [],
      "pending": [],
      "skipped": [],
      "duration": 0,
      "root": true,
      "rootEmpty": true,
      "_timeout": 2000
    }
  ],
  "meta": {
    "mocha": {
      "version": "7.0.1"
    },
    "mochawesome": {
      "options": {
        "quiet": false,
        "reportFilename": "mochawesome",
        "saveHtml": false,
        "saveJson": true,
        "consoleReporter": "spec",
        "useInlineDiffs": false,
        "code": true
      },
      "version": "7.1.3"
    },
    "marge": {
      "options": {
        "charts": true,
        "reportPageTitle": "Fiducial API Test",
        "embeddedScreenshots": true,
        "inlineAssets": true,
        "saveAllAttempts": false,
        "overwrite": false,
        "html": false,
        "json": true,
        "reportDir": "cypress/reports/html/.jsons"
      },
      "version": "6.2.0"
    }
  }
}