{
  "stats": {
    "suites": 1,
    "tests": 5,
    "passes": 1,
    "pending": 0,
    "failures": 4,
    "start": "2023-08-02T12:43:57.821Z",
    "end": "2023-08-02T12:44:04.614Z",
    "duration": 6793,
    "testsRegistered": 5,
    "passPercent": 20,
    "pendingPercent": 0,
    "other": 0,
    "hasOther": false,
    "skipped": 0,
    "hasSkipped": false
  },
  "results": [
    {
      "uuid": "e3f182c9-04d1-485d-b3c2-fcd92784da00",
      "title": "",
      "fullFile": "cypress/e2e/Achats/SupplierFamily.cy.js",
      "file": "cypress/e2e/Achats/SupplierFamily.cy.js",
      "beforeHooks": [],
      "afterHooks": [],
      "tests": [],
      "suites": [
        {
          "uuid": "26c14cc9-282f-497a-afdd-524774a3c972",
          "title": "Suppliers Family",
          "fullFile": "",
          "file": "",
          "beforeHooks": [],
          "afterHooks": [],
          "tests": [
            {
              "title": "Post Supplier Family 201",
              "fullTitle": "Suppliers Family Post Supplier Family 201",
              "timedOut": null,
              "duration": 3828,
              "state": "failed",
              "speed": null,
              "pass": false,
              "fail": true,
              "pending": false,
              "context": "[\n  {\n    \"title\": \"cypress-mochawesome-reporter-videos-failed\",\n    \"value\": \"cypress/e2e/Achats/SupplierFamily.cy.js\"\n  },\n  {\n    \"title\": \"cypress-mochawesome-reporter-screenshots\",\n    \"value\": [\n      [\n        \"/Achats/SupplierFamily.cy.js/Suppliers Family -- Post Supplier Family 201 (failed).png\"\n      ]\n    ]\n  }\n]",
              "code": "cy.Post_API_With_Body('purchases/companies/' + Company + '/supplier-families', tt, dt1['code201']).then(Response => {\n  expect(Response.status).to.eq(201);\n  cy.log(JSON.stringify(Response.body));\n  id_suppliers_Family = Response.body[\"id\"];\n  cy.log(id_suppliers_Family);\n});",
              "err": {
                "message": "AssertionError: expected 400 to equal 201",
                "estack": "AssertionError: expected 400 to equal 201\n    at Context.eval (webpack:///./cypress/e2e/Achats/SupplierFamily.cy.js:38:43)",
                "diff": "- 400\n+ 201\n"
              },
              "uuid": "eae033df-5e21-41fa-9486-8fa3ec1e695f",
              "parentUUID": "26c14cc9-282f-497a-afdd-524774a3c972",
              "isHook": false,
              "skipped": false
            },
            {
              "title": "Get Supplier Family  200",
              "fullTitle": "Suppliers Family Get Supplier Family  200",
              "timedOut": null,
              "duration": 652,
              "state": "failed",
              "speed": null,
              "pass": false,
              "fail": true,
              "pending": false,
              "context": "[\n  {\n    \"title\": \"cypress-mochawesome-reporter-videos-failed\",\n    \"value\": \"cypress/e2e/Achats/SupplierFamily.cy.js\"\n  },\n  {\n    \"title\": \"cypress-mochawesome-reporter-screenshots\",\n    \"value\": [\n      [\n        \"/Achats/SupplierFamily.cy.js/Suppliers Family -- Get Supplier Family  200 (failed).png\"\n      ]\n    ]\n  }\n]",
              "code": "cy.GET_API('purchases/companies/' + Company + '/supplier-families/' + id_suppliers_Family, tt).then(Response => {\n  expect(Response.status).to.eq(200);\n  cy.log(JSON.stringify(Response.body));\n});",
              "err": {
                "message": "AssertionError: expected 405 to equal 200",
                "estack": "AssertionError: expected 405 to equal 200\n    at Context.eval (webpack:///./cypress/e2e/Achats/SupplierFamily.cy.js:52:43)",
                "diff": "- 405\n+ 200\n"
              },
              "uuid": "84786f4a-86c6-4d84-83b4-6015ed7ecfe7",
              "parentUUID": "26c14cc9-282f-497a-afdd-524774a3c972",
              "isHook": false,
              "skipped": false
            },
            {
              "title": "Get List Supplier Family 200",
              "fullTitle": "Suppliers Family Get List Supplier Family 200",
              "timedOut": null,
              "duration": 419,
              "state": "passed",
              "speed": "fast",
              "pass": true,
              "fail": false,
              "pending": false,
              "context": "{\n  \"title\": \"cypress-mochawesome-reporter-videos-passed\",\n  \"value\": \"cypress/e2e/Achats/SupplierFamily.cy.js\"\n}",
              "code": "cy.GET_API('purchases/companies/' + Company + '/supplier-families ', tt).then(Response => {\n  expect(Response.status).to.eq(200);\n  cy.log(JSON.stringify(Response.body));\n});",
              "err": {},
              "uuid": "6539995b-6eeb-4658-bd56-861e610b4285",
              "parentUUID": "26c14cc9-282f-497a-afdd-524774a3c972",
              "isHook": false,
              "skipped": false
            },
            {
              "title": "Get Export Supplier Family 200",
              "fullTitle": "Suppliers Family Get Export Supplier Family 200",
              "timedOut": null,
              "duration": 628,
              "state": "failed",
              "speed": null,
              "pass": false,
              "fail": true,
              "pending": false,
              "context": "[\n  {\n    \"title\": \"cypress-mochawesome-reporter-videos-failed\",\n    \"value\": \"cypress/e2e/Achats/SupplierFamily.cy.js\"\n  },\n  {\n    \"title\": \"cypress-mochawesome-reporter-screenshots\",\n    \"value\": [\n      [\n        \"/Achats/SupplierFamily.cy.js/Suppliers Family -- Get Export Supplier Family 200 (failed).png\"\n      ]\n    ]\n  }\n]",
              "code": "cy.GET_API('purchases/companies/' + Company + '/supplier-families/export', tt).then(Response => {\n  expect(Response.status).to.eq(200);\n  cy.log(JSON.stringify(Response.body));\n});",
              "err": {
                "message": "AssertionError: expected 405 to equal 200",
                "estack": "AssertionError: expected 405 to equal 200\n    at Context.eval (webpack:///./cypress/e2e/Achats/SupplierFamily.cy.js:80:39)",
                "diff": "- 405\n+ 200\n"
              },
              "uuid": "aad18fef-acc1-463b-a0cc-55f5a20eba06",
              "parentUUID": "26c14cc9-282f-497a-afdd-524774a3c972",
              "isHook": false,
              "skipped": false
            },
            {
              "title": "Delete  Supplier Family 200",
              "fullTitle": "Suppliers Family Delete  Supplier Family 200",
              "timedOut": null,
              "duration": 847,
              "state": "failed",
              "speed": null,
              "pass": false,
              "fail": true,
              "pending": false,
              "context": "[\n  {\n    \"title\": \"cypress-mochawesome-reporter-videos-failed\",\n    \"value\": \"cypress/e2e/Achats/SupplierFamily.cy.js\"\n  },\n  {\n    \"title\": \"cypress-mochawesome-reporter-screenshots\",\n    \"value\": [\n      [\n        \"/Achats/SupplierFamily.cy.js/Suppliers Family -- Delete  Supplier Family 200 (failed).png\"\n      ]\n    ]\n  }\n]",
              "code": "https:\n//purchase-qa.facilia.com/purchases/companies/2/supplier-families/124\ncy.DELETE_API('purchases/companies/' + Company + '/supplier-families/' + id_suppliers_Family, tt).then(Response => {\n  cy.log(id_suppliers_Family);\n  expect(Response.status).to.eq(204);\n  cy.log(JSON.stringify(Response.body));\n});",
              "err": {
                "message": "AssertionError: expected 400 to equal 204",
                "estack": "AssertionError: expected 400 to equal 204\n    at Context.eval (webpack:///./cypress/e2e/Achats/SupplierFamily.cy.js:100:39)",
                "diff": "- 400\n+ 204\n"
              },
              "uuid": "e19676f6-39de-41e8-8fb4-148fc50121ab",
              "parentUUID": "26c14cc9-282f-497a-afdd-524774a3c972",
              "isHook": false,
              "skipped": false
            }
          ],
          "suites": [],
          "passes": [
            "6539995b-6eeb-4658-bd56-861e610b4285"
          ],
          "failures": [
            "eae033df-5e21-41fa-9486-8fa3ec1e695f",
            "84786f4a-86c6-4d84-83b4-6015ed7ecfe7",
            "aad18fef-acc1-463b-a0cc-55f5a20eba06",
            "e19676f6-39de-41e8-8fb4-148fc50121ab"
          ],
          "pending": [],
          "skipped": [],
          "duration": 6374,
          "root": false,
          "rootEmpty": false,
          "_timeout": 2000
        }
      ],
      "passes": [],
      "failures": [],
      "pending": [],
      "skipped": [],
      "duration": 0,
      "root": true,
      "rootEmpty": true,
      "_timeout": 2000
    }
  ],
  "meta": {
    "mocha": {
      "version": "7.0.1"
    },
    "mochawesome": {
      "options": {
        "quiet": false,
        "reportFilename": "mochawesome",
        "saveHtml": false,
        "saveJson": true,
        "consoleReporter": "spec",
        "useInlineDiffs": false,
        "code": true
      },
      "version": "7.1.3"
    },
    "marge": {
      "options": {
        "charts": true,
        "reportPageTitle": "Fiducial API Test",
        "embeddedScreenshots": true,
        "inlineAssets": true,
        "saveAllAttempts": false,
        "overwrite": false,
        "html": false,
        "json": true,
        "reportDir": "cypress/reports/html/.jsons"
      },
      "version": "6.2.0"
    }
  }
}